{"/opt/teamcity-agents/agent-001/work/2aea408c8ff24cbd/ns-request/index.js": {"path":"/opt/teamcity-agents/agent-001/work/2aea408c8ff24cbd/ns-request/index.js","statementMap":{"0":{"start":{"line":1,"column":13},"end":{"line":1,"column":28}},"1":{"start":{"line":2,"column":14},"end":{"line":2,"column":30}},"2":{"start":{"line":4,"column":21},"end":{"line":4,"column":23}},"3":{"start":{"line":7,"column":4},"end":{"line":7,"column":35}},"4":{"start":{"line":11,"column":24},"end":{"line":11,"column":74}},"5":{"start":{"line":12,"column":20},"end":{"line":16,"column":6}},"6":{"start":{"line":13,"column":21},"end":{"line":13,"column":23}},"7":{"start":{"line":14,"column":8},"end":{"line":14,"column":55}},"8":{"start":{"line":14,"column":37},"end":{"line":14,"column":53}},"9":{"start":{"line":15,"column":8},"end":{"line":15,"column":74}},"10":{"start":{"line":15,"column":33},"end":{"line":15,"column":72}},"11":{"start":{"line":18,"column":4},"end":{"line":18,"column":32}},"12":{"start":{"line":20,"column":4},"end":{"line":22,"column":5}},"13":{"start":{"line":21,"column":8},"end":{"line":21,"column":40}},"14":{"start":{"line":24,"column":4},"end":{"line":24,"column":18}},"15":{"start":{"line":28,"column":4},"end":{"line":34,"column":7}},"16":{"start":{"line":29,"column":8},"end":{"line":32,"column":10}},"17":{"start":{"line":33,"column":8},"end":{"line":33,"column":52}},"18":{"start":{"line":38,"column":4},"end":{"line":42,"column":7}},"19":{"start":{"line":39,"column":20},"end":{"line":39,"column":31}},"20":{"start":{"line":40,"column":8},"end":{"line":40,"column":27}},"21":{"start":{"line":41,"column":8},"end":{"line":41,"column":57}},"22":{"start":{"line":46,"column":4},"end":{"line":57,"column":7}},"23":{"start":{"line":47,"column":29},"end":{"line":50,"column":10}},"24":{"start":{"line":51,"column":8},"end":{"line":54,"column":11}},"25":{"start":{"line":52,"column":12},"end":{"line":52,"column":35}},"26":{"start":{"line":53,"column":12},"end":{"line":53,"column":74}},"27":{"start":{"line":55,"column":8},"end":{"line":55,"column":41}},"28":{"start":{"line":56,"column":8},"end":{"line":56,"column":27}},"29":{"start":{"line":61,"column":24},"end":{"line":61,"column":53}},"30":{"start":{"line":62,"column":4},"end":{"line":65,"column":6}},"31":{"start":{"line":67,"column":4},"end":{"line":69,"column":5}},"32":{"start":{"line":68,"column":8},"end":{"line":68,"column":39}},"33":{"start":{"line":71,"column":4},"end":{"line":73,"column":5}},"34":{"start":{"line":72,"column":8},"end":{"line":72,"column":28}},"35":{"start":{"line":75,"column":4},"end":{"line":78,"column":5}},"36":{"start":{"line":76,"column":34},"end":{"line":76,"column":85}},"37":{"start":{"line":77,"column":8},"end":{"line":77,"column":39}},"38":{"start":{"line":80,"column":4},"end":{"line":80,"column":19}},"39":{"start":{"line":84,"column":19},"end":{"line":84,"column":45}},"40":{"start":{"line":85,"column":4},"end":{"line":85,"column":27}},"41":{"start":{"line":87,"column":4},"end":{"line":91,"column":5}},"42":{"start":{"line":88,"column":8},"end":{"line":88,"column":94}},"43":{"start":{"line":90,"column":8},"end":{"line":90,"column":41}},"44":{"start":{"line":92,"column":4},"end":{"line":92,"column":19}},"45":{"start":{"line":95,"column":0},"end":{"line":111,"column":2}},"46":{"start":{"line":97,"column":8},"end":{"line":97,"column":50}},"47":{"start":{"line":101,"column":8},"end":{"line":101,"column":50}},"48":{"start":{"line":105,"column":8},"end":{"line":105,"column":51}},"49":{"start":{"line":109,"column":8},"end":{"line":109,"column":59}}},"fnMap":{"0":{"name":"isHttps","decl":{"start":{"line":6,"column":9},"end":{"line":6,"column":16}},"loc":{"start":{"line":6,"column":22},"end":{"line":8,"column":1}},"line":6},"1":{"name":"processRequest","decl":{"start":{"line":10,"column":9},"end":{"line":10,"column":23}},"loc":{"start":{"line":10,"column":47},"end":{"line":25,"column":1}},"line":10},"2":{"name":"(anonymous_2)","decl":{"start":{"line":12,"column":99},"end":{"line":12,"column":100}},"loc":{"start":{"line":12,"column":111},"end":{"line":16,"column":5}},"line":12},"3":{"name":"(anonymous_3)","decl":{"start":{"line":14,"column":28},"end":{"line":14,"column":29}},"loc":{"start":{"line":14,"column":37},"end":{"line":14,"column":53}},"line":14},"4":{"name":"(anonymous_4)","decl":{"start":{"line":15,"column":27},"end":{"line":15,"column":28}},"loc":{"start":{"line":15,"column":33},"end":{"line":15,"column":72}},"line":15},"5":{"name":"httpProxyPromise","decl":{"start":{"line":27,"column":9},"end":{"line":27,"column":25}},"loc":{"start":{"line":27,"column":34},"end":{"line":35,"column":1}},"line":27},"6":{"name":"(anonymous_6)","decl":{"start":{"line":28,"column":23},"end":{"line":28,"column":24}},"loc":{"start":{"line":28,"column":44},"end":{"line":34,"column":5}},"line":28},"7":{"name":"noProxyPromise","decl":{"start":{"line":37,"column":9},"end":{"line":37,"column":23}},"loc":{"start":{"line":37,"column":32},"end":{"line":43,"column":1}},"line":37},"8":{"name":"(anonymous_8)","decl":{"start":{"line":38,"column":23},"end":{"line":38,"column":24}},"loc":{"start":{"line":38,"column":44},"end":{"line":42,"column":5}},"line":38},"9":{"name":"httpsProxyPromise","decl":{"start":{"line":45,"column":9},"end":{"line":45,"column":26}},"loc":{"start":{"line":45,"column":35},"end":{"line":58,"column":1}},"line":45},"10":{"name":"(anonymous_10)","decl":{"start":{"line":46,"column":23},"end":{"line":46,"column":24}},"loc":{"start":{"line":46,"column":44},"end":{"line":57,"column":5}},"line":46},"11":{"name":"(anonymous_11)","decl":{"start":{"line":51,"column":35},"end":{"line":51,"column":36}},"loc":{"start":{"line":51,"column":52},"end":{"line":54,"column":9}},"line":51},"12":{"name":"buildOptions","decl":{"start":{"line":60,"column":9},"end":{"line":60,"column":21}},"loc":{"start":{"line":60,"column":36},"end":{"line":81,"column":1}},"line":60},"13":{"name":"createPromise","decl":{"start":{"line":83,"column":9},"end":{"line":83,"column":22}},"loc":{"start":{"line":83,"column":53},"end":{"line":93,"column":1}},"line":83},"14":{"name":"(anonymous_14)","decl":{"start":{"line":96,"column":4},"end":{"line":96,"column":5}},"loc":{"start":{"line":96,"column":28},"end":{"line":98,"column":5}},"line":96},"15":{"name":"(anonymous_15)","decl":{"start":{"line":100,"column":4},"end":{"line":100,"column":5}},"loc":{"start":{"line":100,"column":28},"end":{"line":102,"column":5}},"line":100},"16":{"name":"(anonymous_16)","decl":{"start":{"line":104,"column":4},"end":{"line":104,"column":5}},"loc":{"start":{"line":104,"column":29},"end":{"line":106,"column":5}},"line":104},"17":{"name":"(anonymous_17)","decl":{"start":{"line":108,"column":4},"end":{"line":108,"column":5}},"loc":{"start":{"line":108,"column":22},"end":{"line":110,"column":5}},"line":108}},"branchMap":{"0":{"loc":{"start":{"line":11,"column":24},"end":{"line":11,"column":74}},"type":"cond-expr","locations":[{"start":{"line":11,"column":35},"end":{"line":11,"column":58}},{"start":{"line":11,"column":61},"end":{"line":11,"column":74}}],"line":11},"1":{"loc":{"start":{"line":12,"column":21},"end":{"line":12,"column":73}},"type":"cond-expr","locations":[{"start":{"line":12,"column":61},"end":{"line":12,"column":66}},{"start":{"line":12,"column":69},"end":{"line":12,"column":73}}],"line":12},"2":{"loc":{"start":{"line":12,"column":29},"end":{"line":12,"column":57}},"type":"binary-expr","locations":[{"start":{"line":12,"column":29},"end":{"line":12,"column":37}},{"start":{"line":12,"column":41},"end":{"line":12,"column":57}}],"line":12},"3":{"loc":{"start":{"line":20,"column":4},"end":{"line":22,"column":5}},"type":"if","locations":[{"start":{"line":20,"column":4},"end":{"line":22,"column":5}},{"start":{},"end":{}}],"line":20},"4":{"loc":{"start":{"line":20,"column":8},"end":{"line":20,"column":56}},"type":"binary-expr","locations":[{"start":{"line":20,"column":8},"end":{"line":20,"column":36}},{"start":{"line":20,"column":40},"end":{"line":20,"column":56}}],"line":20},"5":{"loc":{"start":{"line":61,"column":32},"end":{"line":61,"column":51}},"type":"binary-expr","locations":[{"start":{"line":61,"column":32},"end":{"line":61,"column":44}},{"start":{"line":61,"column":48},"end":{"line":61,"column":51}}],"line":61},"6":{"loc":{"start":{"line":64,"column":12},"end":{"line":64,"column":86}},"type":"cond-expr","locations":[{"start":{"line":64,"column":42},"end":{"line":64,"column":72}},{"start":{"line":64,"column":75},"end":{"line":64,"column":86}}],"line":64},"7":{"loc":{"start":{"line":67,"column":4},"end":{"line":69,"column":5}},"type":"if","locations":[{"start":{"line":67,"column":4},"end":{"line":69,"column":5}},{"start":{},"end":{}}],"line":67},"8":{"loc":{"start":{"line":71,"column":4},"end":{"line":73,"column":5}},"type":"if","locations":[{"start":{"line":71,"column":4},"end":{"line":73,"column":5}},{"start":{},"end":{}}],"line":71},"9":{"loc":{"start":{"line":75,"column":4},"end":{"line":78,"column":5}},"type":"if","locations":[{"start":{"line":75,"column":4},"end":{"line":78,"column":5}},{"start":{},"end":{}}],"line":75},"10":{"loc":{"start":{"line":76,"column":21},"end":{"line":76,"column":30}},"type":"default-arg","locations":[{"start":{"line":76,"column":28},"end":{"line":76,"column":30}}],"line":76},"11":{"loc":{"start":{"line":83,"column":37},"end":{"line":83,"column":51}},"type":"default-arg","locations":[{"start":{"line":83,"column":46},"end":{"line":83,"column":51}}],"line":83},"12":{"loc":{"start":{"line":87,"column":4},"end":{"line":91,"column":5}},"type":"if","locations":[{"start":{"line":87,"column":4},"end":{"line":91,"column":5}},{"start":{"line":89,"column":11},"end":{"line":91,"column":5}}],"line":87},"13":{"loc":{"start":{"line":88,"column":18},"end":{"line":88,"column":93}},"type":"cond-expr","locations":[{"start":{"line":88,"column":41},"end":{"line":88,"column":66}},{"start":{"line":88,"column":69},"end":{"line":88,"column":93}}],"line":88},"14":{"loc":{"start":{"line":96,"column":13},"end":{"line":96,"column":26}},"type":"default-arg","locations":[{"start":{"line":96,"column":23},"end":{"line":96,"column":26}}],"line":96},"15":{"loc":{"start":{"line":100,"column":13},"end":{"line":100,"column":26}},"type":"default-arg","locations":[{"start":{"line":100,"column":23},"end":{"line":100,"column":26}}],"line":100},"16":{"loc":{"start":{"line":104,"column":14},"end":{"line":104,"column":27}},"type":"default-arg","locations":[{"start":{"line":104,"column":24},"end":{"line":104,"column":27}}],"line":104}},"s":{"0":1,"1":1,"2":1,"3":12,"4":10,"5":10,"6":10,"7":10,"8":10,"9":10,"10":10,"11":10,"12":10,"13":1,"14":10,"15":1,"16":1,"17":1,"18":8,"19":8,"20":8,"21":8,"22":1,"23":1,"24":1,"25":1,"26":1,"27":1,"28":1,"29":11,"30":11,"31":11,"32":1,"33":10,"34":9,"35":10,"36":2,"37":2,"38":10,"39":11,"40":10,"41":10,"42":2,"43":8,"44":10,"45":1,"46":8,"47":2,"48":1,"49":1},"f":{"0":12,"1":10,"2":10,"3":10,"4":10,"5":1,"6":1,"7":8,"8":8,"9":1,"10":1,"11":1,"12":11,"13":11,"14":8,"15":2,"16":1,"17":1},"b":{"0":[9,1],"1":[8,2],"2":[10,1],"3":[1,9],"4":[10,3],"5":[11,10],"6":[4,7],"7":[1,10],"8":[9,1],"9":[2,8],"10":[0],"11":[0],"12":[2,8],"13":[1,1],"14":[6],"15":[1],"16":[1]},"_coverageSchema":"1a1c01bbd47fc00a2c39e90264f33305004495a9","hash":"8d9b76cc73c7e7f86f80d7cc018d12c79cc23ef0"}
}
