TN:
SF:index.js
FN:6,isHttps
FN:10,processRequest
FN:12,(anonymous_2)
FN:14,(anonymous_3)
FN:15,(anonymous_4)
FN:27,httpProxyPromise
FN:28,(anonymous_6)
FN:37,noProxyPromise
FN:38,(anonymous_8)
FN:45,httpsProxyPromise
FN:46,(anonymous_10)
FN:51,(anonymous_11)
FN:60,buildOptions
FN:83,createPromise
FN:96,(anonymous_14)
FN:100,(anonymous_15)
FN:104,(anonymous_16)
FN:108,(anonymous_17)
FNF:18
FNH:18
FNDA:12,isHttps
FNDA:10,processRequest
FNDA:10,(anonymous_2)
FNDA:10,(anonymous_3)
FNDA:10,(anonymous_4)
FNDA:1,httpProxyPromise
FNDA:1,(anonymous_6)
FNDA:8,noProxyPromise
FNDA:8,(anonymous_8)
FNDA:1,httpsProxyPromise
FNDA:1,(anonymous_10)
FNDA:1,(anonymous_11)
FNDA:11,buildOptions
FNDA:11,createPromise
FNDA:8,(anonymous_14)
FNDA:2,(anonymous_15)
FNDA:1,(anonymous_16)
FNDA:1,(anonymous_17)
DA:1,1
DA:2,1
DA:4,1
DA:7,12
DA:11,10
DA:12,10
DA:13,10
DA:14,10
DA:15,10
DA:18,10
DA:20,10
DA:21,1
DA:24,10
DA:28,1
DA:29,1
DA:33,1
DA:38,8
DA:39,8
DA:40,8
DA:41,8
DA:46,1
DA:47,1
DA:51,1
DA:52,1
DA:53,1
DA:55,1
DA:56,1
DA:61,11
DA:62,11
DA:67,11
DA:68,1
DA:71,10
DA:72,9
DA:75,10
DA:76,2
DA:77,2
DA:80,10
DA:84,11
DA:85,10
DA:87,10
DA:88,2
DA:90,8
DA:92,10
DA:95,1
DA:97,8
DA:101,2
DA:105,1
DA:109,1
LF:48
LH:48
BRDA:11,0,0,9
BRDA:11,0,1,1
BRDA:12,1,0,8
BRDA:12,1,1,2
BRDA:12,2,0,10
BRDA:12,2,1,1
BRDA:20,3,0,1
BRDA:20,3,1,9
BRDA:20,4,0,10
BRDA:20,4,1,3
BRDA:61,5,0,11
BRDA:61,5,1,10
BRDA:64,6,0,4
BRDA:64,6,1,7
BRDA:67,7,0,1
BRDA:67,7,1,10
BRDA:71,8,0,9
BRDA:71,8,1,1
BRDA:75,9,0,2
BRDA:75,9,1,8
BRDA:76,10,0,0
BRDA:83,11,0,0
BRDA:87,12,0,2
BRDA:87,12,1,8
BRDA:88,13,0,1
BRDA:88,13,1,1
BRDA:96,14,0,6
BRDA:100,15,0,1
BRDA:104,16,0,1
BRF:29
BRH:27
end_of_record
