{"/opt/teamcity-agents/agent-001/work/2aea408c8ff24cbd/ns-mime/index.js": {"path":"/opt/teamcity-agents/agent-001/work/2aea408c8ff24cbd/ns-mime/index.js","statementMap":{"0":{"start":{"line":1,"column":14},"end":{"line":20,"column":1}},"1":{"start":{"line":22,"column":16},"end":{"line":27,"column":1}},"2":{"start":{"line":23,"column":4},"end":{"line":25,"column":5}},"3":{"start":{"line":24,"column":8},"end":{"line":24,"column":46}},"4":{"start":{"line":26,"column":4},"end":{"line":26,"column":52}},"5":{"start":{"line":29,"column":0},"end":{"line":29,"column":29}}},"fnMap":{"0":{"name":"(anonymous_0)","decl":{"start":{"line":22,"column":16},"end":{"line":22,"column":17}},"loc":{"start":{"line":22,"column":28},"end":{"line":27,"column":1}},"line":22}},"branchMap":{"0":{"loc":{"start":{"line":23,"column":4},"end":{"line":25,"column":5}},"type":"if","locations":[{"start":{"line":23,"column":4},"end":{"line":25,"column":5}},{"start":{},"end":{}}],"line":23},"1":{"loc":{"start":{"line":26,"column":11},"end":{"line":26,"column":51}},"type":"binary-expr","locations":[{"start":{"line":26,"column":11},"end":{"line":26,"column":43}},{"start":{"line":26,"column":47},"end":{"line":26,"column":51}}],"line":26}},"s":{"0":1,"1":1,"2":5,"3":2,"4":3,"5":1},"f":{"0":5},"b":{"0":[2,3],"1":[3,2]},"inputSourceMap":null,"_coverageSchema":"1a1c01bbd47fc00a2c39e90264f33305004495a9","hash":"f086fa06a5f0bcdda3df318af42af027eb1266bb"}
}
