<?xml version="1.0" encoding="UTF-8"?>
<coverage generated="1724770838343" clover="3.2.0">
  <project timestamp="1724770838344" name="All files">
    <metrics statements="161" coveredstatements="156" conditionals="72" coveredconditionals="62" methods="37" coveredmethods="36" elements="270" coveredelements="254" complexity="0" loc="161" ncloc="161" packages="1" files="1" classes="1"/>
    <file name="index.js" path="/opt/teamcity-agents/agent-001/work/2aea408c8ff24cbd/oauth1/index.js">
      <metrics statements="161" coveredstatements="156" conditionals="72" coveredconditionals="62" methods="37" coveredmethods="36"/>
      <line num="2" count="1" type="stmt"/>
      <line num="3" count="1" type="stmt"/>
      <line num="4" count="1" type="stmt"/>
      <line num="5" count="1" type="stmt"/>
      <line num="6" count="1" type="stmt"/>
      <line num="7" count="1" type="stmt"/>
      <line num="8" count="1" type="stmt"/>
      <line num="9" count="1" type="stmt"/>
      <line num="10" count="1" type="stmt"/>
      <line num="12" count="1" type="stmt"/>
      <line num="13" count="1" type="stmt"/>
      <line num="14" count="1" type="stmt"/>
      <line num="16" count="1" type="stmt"/>
      <line num="19" count="4" type="stmt"/>
      <line num="20" count="4" type="cond" truecount="2" falsecount="0"/>
      <line num="21" count="1" type="stmt"/>
      <line num="22" count="3" type="cond" truecount="2" falsecount="0"/>
      <line num="23" count="1" type="stmt"/>
      <line num="26" count="4" type="stmt"/>
      <line num="27" count="0" type="stmt"/>
      <line num="33" count="19" type="stmt"/>
      <line num="34" count="19" type="stmt"/>
      <line num="36" count="19" type="cond" truecount="4" falsecount="0"/>
      <line num="37" count="1" type="stmt"/>
      <line num="42" count="18" type="stmt"/>
      <line num="46" count="2" type="stmt"/>
      <line num="53" count="2" type="cond" truecount="2" falsecount="0"/>
      <line num="55" count="2" type="cond" truecount="1" falsecount="1"/>
      <line num="56" count="2" type="stmt"/>
      <line num="59" count="2" type="stmt"/>
      <line num="64" count="1" type="stmt"/>
      <line num="65" count="1" type="stmt"/>
      <line num="69" count="3" type="stmt"/>
      <line num="70" count="2" type="cond" truecount="1" falsecount="1"/>
      <line num="71" count="2" type="stmt"/>
      <line num="73" count="2" type="stmt"/>
      <line num="77" count="4" type="stmt"/>
      <line num="78" count="3" type="stmt"/>
      <line num="82" count="5" type="cond" truecount="2" falsecount="0"/>
      <line num="88" count="1" type="stmt"/>
      <line num="92" count="20" type="cond" truecount="2" falsecount="0"/>
      <line num="93" count="20" type="cond" truecount="2" falsecount="0"/>
      <line num="96" count="20" type="cond" truecount="2" falsecount="0"/>
      <line num="97" count="1" type="stmt"/>
      <line num="98" count="19" type="cond" truecount="1" falsecount="1"/>
      <line num="99" count="0" type="stmt"/>
      <line num="101" count="19" type="stmt"/>
      <line num="104" count="20" type="cond" truecount="2" falsecount="0"/>
      <line num="105" count="20" type="cond" truecount="2" falsecount="0"/>
      <line num="107" count="20" type="stmt"/>
      <line num="108" count="20" type="stmt"/>
      <line num="109" count="20" type="stmt"/>
      <line num="111" count="20" type="stmt"/>
      <line num="115" count="19" type="cond" truecount="4" falsecount="0"/>
      <line num="116" count="16" type="stmt"/>
      <line num="121" count="1" type="stmt"/>
      <line num="122" count="1" type="stmt"/>
      <line num="123" count="1" type="stmt"/>
      <line num="127" count="1" type="stmt"/>
      <line num="128" count="1" type="stmt"/>
      <line num="129" count="1" type="stmt"/>
      <line num="130" count="1" type="stmt"/>
      <line num="131" count="1" type="stmt"/>
      <line num="132" count="1" type="stmt"/>
      <line num="134" count="0" type="stmt"/>
      <line num="136" count="1" type="stmt"/>
      <line num="140" count="3" type="cond" truecount="1" falsecount="0"/>
      <line num="141" count="3" type="stmt"/>
      <line num="143" count="3" type="stmt"/>
      <line num="149" count="3" type="stmt"/>
      <line num="151" count="18" type="stmt"/>
      <line num="155" count="3" type="stmt"/>
      <line num="159" count="5" type="stmt"/>
      <line num="160" count="5" type="stmt"/>
      <line num="164" count="5" type="stmt"/>
      <line num="165" count="5" type="stmt"/>
      <line num="166" count="5" type="stmt"/>
      <line num="167" count="5" type="stmt"/>
      <line num="171" count="5" type="stmt"/>
      <line num="172" count="5" type="stmt"/>
      <line num="173" count="4" type="stmt"/>
      <line num="178" count="3" type="stmt"/>
      <line num="182" count="2" type="stmt"/>
      <line num="183" count="2" type="stmt"/>
      <line num="187" count="94" type="stmt"/>
      <line num="196" count="6" type="stmt"/>
      <line num="197" count="6" type="stmt"/>
      <line num="198" count="39" type="stmt"/>
      <line num="203" count="7" type="stmt"/>
      <line num="207" count="7" type="stmt"/>
      <line num="211" count="2" type="stmt"/>
      <line num="212" count="2" type="stmt"/>
      <line num="213" count="2" type="stmt"/>
      <line num="214" count="2" type="stmt"/>
      <line num="215" count="2" type="stmt"/>
      <line num="226" count="5" type="stmt"/>
      <line num="227" count="5" type="stmt"/>
      <line num="234" count="5" type="cond" truecount="2" falsecount="0"/>
      <line num="235" count="3" type="stmt"/>
      <line num="237" count="5" type="cond" truecount="2" falsecount="0"/>
      <line num="238" count="2" type="stmt"/>
      <line num="240" count="5" type="cond" truecount="1" falsecount="1"/>
      <line num="241" count="0" type="stmt"/>
      <line num="244" count="5" type="stmt"/>
      <line num="246" count="3" type="stmt"/>
      <line num="248" count="3" type="stmt"/>
      <line num="249" count="3" type="cond" truecount="2" falsecount="0"/>
      <line num="250" count="1" type="stmt"/>
      <line num="252" count="3" type="stmt"/>
      <line num="254" count="22" type="stmt"/>
      <line num="258" count="3" type="stmt"/>
      <line num="262" count="4" type="stmt"/>
      <line num="269" count="4" type="stmt"/>
      <line num="273" count="4" type="stmt"/>
      <line num="274" count="4" type="stmt"/>
      <line num="275" count="4" type="stmt"/>
      <line num="280" count="4" type="stmt"/>
      <line num="281" count="4" type="stmt"/>
      <line num="283" count="2" type="stmt"/>
      <line num="286" count="4" type="cond" truecount="2" falsecount="0"/>
      <line num="287" count="2" type="stmt"/>
      <line num="290" count="2" type="stmt"/>
      <line num="294" count="3" type="stmt"/>
      <line num="298" count="1" type="stmt"/>
      <line num="299" count="1" type="stmt"/>
      <line num="300" count="1" type="stmt"/>
      <line num="302" count="1" type="stmt"/>
      <line num="306" count="23" type="cond" truecount="2" falsecount="0"/>
      <line num="307" count="20" type="stmt"/>
      <line num="309" count="3" type="cond" truecount="2" falsecount="0"/>
      <line num="310" count="2" type="stmt"/>
      <line num="312" count="1" type="stmt"/>
      <line num="316" count="21" type="cond" truecount="2" falsecount="0"/>
      <line num="317" count="18" type="stmt"/>
      <line num="319" count="3" type="cond" truecount="2" falsecount="0"/>
      <line num="320" count="2" type="stmt"/>
      <line num="322" count="1" type="stmt"/>
      <line num="326" count="19" type="cond" truecount="1" falsecount="1"/>
      <line num="327" count="19" type="stmt"/>
      <line num="329" count="0" type="stmt"/>
      <line num="333" count="1" type="stmt"/>
      <line num="334" count="1" type="cond" truecount="1" falsecount="1"/>
      <line num="338" count="8" type="cond" truecount="2" falsecount="0"/>
      <line num="339" count="3" type="stmt"/>
      <line num="342" count="5" type="stmt"/>
      <line num="343" count="3" type="stmt"/>
      <line num="345" count="3" type="cond" truecount="4" falsecount="0"/>
      <line num="348" count="2" type="stmt"/>
      <line num="349" count="2" type="stmt"/>
      <line num="352" count="1" type="stmt"/>
      <line num="353" count="1" type="stmt"/>
      <line num="355" count="1" type="stmt"/>
      <line num="356" count="1" type="stmt"/>
      <line num="362" count="1" type="stmt"/>
      <line num="365" count="2" type="stmt"/>
      <line num="369" count="23" type="stmt"/>
      <line num="370" count="21" type="stmt"/>
      <line num="371" count="19" type="stmt"/>
      <line num="372" count="19" type="stmt"/>
      <line num="373" count="19" type="stmt"/>
      <line num="377" count="1" type="stmt"/>
    </file>
  </project>
</coverage>
