{"/opt/teamcity-agents/agent-001/work/2aea408c8ff24cbd/oauth1/index.js": {"path":"/opt/teamcity-agents/agent-001/work/2aea408c8ff24cbd/oauth1/index.js","statementMap":{"0":{"start":{"line":2,"column":15},"end":{"line":2,"column":32}},"1":{"start":{"line":3,"column":18},"end":{"line":3,"column":32}},"2":{"start":{"line":4,"column":11},"end":{"line":4,"column":24}},"3":{"start":{"line":5,"column":17},"end":{"line":5,"column":47}},"4":{"start":{"line":6,"column":11},"end":{"line":6,"column":24}},"5":{"start":{"line":7,"column":13},"end":{"line":7,"column":28}},"6":{"start":{"line":8,"column":20},"end":{"line":8,"column":42}},"7":{"start":{"line":9,"column":18},"end":{"line":9,"column":49}},"8":{"start":{"line":10,"column":17},"end":{"line":10,"column":41}},"9":{"start":{"line":12,"column":13},"end":{"line":12,"column":19}},"10":{"start":{"line":13,"column":16},"end":{"line":13,"column":21}},"11":{"start":{"line":14,"column":18},"end":{"line":14,"column":51}},"12":{"start":{"line":16,"column":17},"end":{"line":16,"column":54}},"13":{"start":{"line":19,"column":18},"end":{"line":19,"column":28}},"14":{"start":{"line":20,"column":4},"end":{"line":24,"column":5}},"15":{"start":{"line":21,"column":8},"end":{"line":21,"column":25}},"16":{"start":{"line":22,"column":11},"end":{"line":24,"column":5}},"17":{"start":{"line":23,"column":8},"end":{"line":23,"column":26}},"18":{"start":{"line":26,"column":4},"end":{"line":28,"column":7}},"19":{"start":{"line":27,"column":8},"end":{"line":27,"column":20}},"20":{"start":{"line":33,"column":8},"end":{"line":33,"column":29}},"21":{"start":{"line":34,"column":8},"end":{"line":34,"column":45}},"22":{"start":{"line":36,"column":8},"end":{"line":40,"column":9}},"23":{"start":{"line":37,"column":12},"end":{"line":39,"column":14}},"24":{"start":{"line":42,"column":8},"end":{"line":42,"column":46}},"25":{"start":{"line":46,"column":27},"end":{"line":51,"column":10}},"26":{"start":{"line":53,"column":23},"end":{"line":53,"column":46}},"27":{"start":{"line":55,"column":8},"end":{"line":57,"column":9}},"28":{"start":{"line":56,"column":12},"end":{"line":56,"column":57}},"29":{"start":{"line":59,"column":31},"end":{"line":62,"column":10}},"30":{"start":{"line":64,"column":8},"end":{"line":64,"column":56}},"31":{"start":{"line":65,"column":8},"end":{"line":65,"column":30}},"32":{"start":{"line":69,"column":26},"end":{"line":69,"column":73}},"33":{"start":{"line":70,"column":8},"end":{"line":72,"column":9}},"34":{"start":{"line":71,"column":12},"end":{"line":71,"column":69}},"35":{"start":{"line":73,"column":8},"end":{"line":73,"column":50}},"36":{"start":{"line":77,"column":26},"end":{"line":77,"column":73}},"37":{"start":{"line":78,"column":8},"end":{"line":78,"column":65}},"38":{"start":{"line":82,"column":8},"end":{"line":84,"column":17}},"39":{"start":{"line":88,"column":8},"end":{"line":88,"column":48}},"40":{"start":{"line":92,"column":25},"end":{"line":92,"column":65}},"41":{"start":{"line":93,"column":25},"end":{"line":93,"column":70}},"42":{"start":{"line":96,"column":8},"end":{"line":102,"column":9}},"43":{"start":{"line":97,"column":12},"end":{"line":97,"column":37}},"44":{"start":{"line":98,"column":15},"end":{"line":102,"column":9}},"45":{"start":{"line":99,"column":12},"end":{"line":99,"column":78}},"46":{"start":{"line":101,"column":12},"end":{"line":101,"column":61}},"47":{"start":{"line":104,"column":30},"end":{"line":104,"column":81}},"48":{"start":{"line":105,"column":30},"end":{"line":105,"column":90}},"49":{"start":{"line":107,"column":22},"end":{"line":107,"column":58}},"50":{"start":{"line":108,"column":22},"end":{"line":108,"column":88}},"51":{"start":{"line":109,"column":22},"end":{"line":109,"column":57}},"52":{"start":{"line":111,"column":8},"end":{"line":111,"column":44}},"53":{"start":{"line":115,"column":8},"end":{"line":117,"column":9}},"54":{"start":{"line":116,"column":12},"end":{"line":116,"column":44}},"55":{"start":{"line":121,"column":23},"end":{"line":121,"column":44}},"56":{"start":{"line":122,"column":8},"end":{"line":122,"column":31}},"57":{"start":{"line":123,"column":8},"end":{"line":123,"column":86}},"58":{"start":{"line":127,"column":24},"end":{"line":135,"column":10}},"59":{"start":{"line":128,"column":27},"end":{"line":128,"column":50}},"60":{"start":{"line":129,"column":12},"end":{"line":133,"column":15}},"61":{"start":{"line":130,"column":16},"end":{"line":130,"column":68}},"62":{"start":{"line":131,"column":16},"end":{"line":131,"column":35}},"63":{"start":{"line":132,"column":16},"end":{"line":132,"column":31}},"64":{"start":{"line":134,"column":12},"end":{"line":134,"column":43}},"65":{"start":{"line":136,"column":8},"end":{"line":136,"column":23}},"66":{"start":{"line":140,"column":35},"end":{"line":140,"column":42}},"67":{"start":{"line":141,"column":29},"end":{"line":141,"column":64}},"68":{"start":{"line":143,"column":23},"end":{"line":147,"column":10}},"69":{"start":{"line":149,"column":29},"end":{"line":153,"column":22}},"70":{"start":{"line":151,"column":16},"end":{"line":151,"column":54}},"71":{"start":{"line":155,"column":8},"end":{"line":155,"column":28}},"72":{"start":{"line":159,"column":27},"end":{"line":159,"column":95}},"73":{"start":{"line":160,"column":8},"end":{"line":160,"column":26}},"74":{"start":{"line":164,"column":20},"end":{"line":164,"column":47}},"75":{"start":{"line":165,"column":21},"end":{"line":165,"column":53}},"76":{"start":{"line":166,"column":8},"end":{"line":166,"column":32}},"77":{"start":{"line":167,"column":8},"end":{"line":167,"column":37}},"78":{"start":{"line":171,"column":32},"end":{"line":171,"column":39}},"79":{"start":{"line":172,"column":26},"end":{"line":172,"column":40}},"80":{"start":{"line":173,"column":27},"end":{"line":177,"column":19}},"81":{"start":{"line":178,"column":8},"end":{"line":178,"column":54}},"82":{"start":{"line":182,"column":27},"end":{"line":182,"column":96}},"83":{"start":{"line":183,"column":8},"end":{"line":183,"column":60}},"84":{"start":{"line":187,"column":8},"end":{"line":192,"column":35}},"85":{"start":{"line":196,"column":21},"end":{"line":196,"column":48}},"86":{"start":{"line":197,"column":8},"end":{"line":199,"column":11}},"87":{"start":{"line":198,"column":12},"end":{"line":198,"column":84}},"88":{"start":{"line":203,"column":8},"end":{"line":203,"column":57}},"89":{"start":{"line":207,"column":8},"end":{"line":207,"column":54}},"90":{"start":{"line":211,"column":22},"end":{"line":211,"column":38}},"91":{"start":{"line":212,"column":26},"end":{"line":212,"column":46}},"92":{"start":{"line":213,"column":35},"end":{"line":213,"column":44}},"93":{"start":{"line":214,"column":26},"end":{"line":214,"column":86}},"94":{"start":{"line":215,"column":8},"end":{"line":222,"column":10}},"95":{"start":{"line":226,"column":23},"end":{"line":226,"column":30}},"96":{"start":{"line":227,"column":29},"end":{"line":233,"column":9}},"97":{"start":{"line":234,"column":8},"end":{"line":236,"column":9}},"98":{"start":{"line":235,"column":12},"end":{"line":235,"column":51}},"99":{"start":{"line":237,"column":8},"end":{"line":239,"column":9}},"100":{"start":{"line":238,"column":12},"end":{"line":238,"column":57}},"101":{"start":{"line":240,"column":8},"end":{"line":242,"column":9}},"102":{"start":{"line":241,"column":12},"end":{"line":241,"column":57}},"103":{"start":{"line":244,"column":8},"end":{"line":244,"column":99}},"104":{"start":{"line":246,"column":30},"end":{"line":246,"column":60}},"105":{"start":{"line":248,"column":28},"end":{"line":248,"column":33}},"106":{"start":{"line":249,"column":8},"end":{"line":251,"column":9}},"107":{"start":{"line":250,"column":12},"end":{"line":250,"column":85}},"108":{"start":{"line":252,"column":29},"end":{"line":256,"column":23}},"109":{"start":{"line":254,"column":16},"end":{"line":254,"column":58}},"110":{"start":{"line":258,"column":8},"end":{"line":258,"column":43}},"111":{"start":{"line":262,"column":24},"end":{"line":268,"column":9}},"112":{"start":{"line":269,"column":8},"end":{"line":272,"column":11}},"113":{"start":{"line":273,"column":8},"end":{"line":273,"column":81}},"114":{"start":{"line":274,"column":25},"end":{"line":274,"column":59}},"115":{"start":{"line":275,"column":67},"end":{"line":277,"column":9}},"116":{"start":{"line":280,"column":8},"end":{"line":284,"column":9}},"117":{"start":{"line":281,"column":12},"end":{"line":281,"column":55}},"118":{"start":{"line":283,"column":12},"end":{"line":283,"column":30}},"119":{"start":{"line":286,"column":8},"end":{"line":288,"column":9}},"120":{"start":{"line":287,"column":12},"end":{"line":287,"column":56}},"121":{"start":{"line":290,"column":8},"end":{"line":290,"column":73}},"122":{"start":{"line":294,"column":8},"end":{"line":294,"column":61}},"123":{"start":{"line":298,"column":24},"end":{"line":298,"column":48}},"124":{"start":{"line":299,"column":25},"end":{"line":299,"column":46}},"125":{"start":{"line":300,"column":8},"end":{"line":300,"column":30}},"126":{"start":{"line":302,"column":8},"end":{"line":302,"column":23}},"127":{"start":{"line":306,"column":8},"end":{"line":308,"column":9}},"128":{"start":{"line":307,"column":12},"end":{"line":307,"column":19}},"129":{"start":{"line":309,"column":8},"end":{"line":311,"column":9}},"130":{"start":{"line":310,"column":12},"end":{"line":310,"column":47}},"131":{"start":{"line":312,"column":8},"end":{"line":312,"column":21}},"132":{"start":{"line":316,"column":8},"end":{"line":318,"column":9}},"133":{"start":{"line":317,"column":12},"end":{"line":317,"column":19}},"134":{"start":{"line":319,"column":8},"end":{"line":321,"column":9}},"135":{"start":{"line":320,"column":12},"end":{"line":320,"column":49}},"136":{"start":{"line":322,"column":8},"end":{"line":322,"column":33}},"137":{"start":{"line":326,"column":8},"end":{"line":328,"column":9}},"138":{"start":{"line":327,"column":12},"end":{"line":327,"column":19}},"139":{"start":{"line":329,"column":8},"end":{"line":329,"column":31}},"140":{"start":{"line":333,"column":23},"end":{"line":333,"column":59}},"141":{"start":{"line":334,"column":8},"end":{"line":334,"column":85}},"142":{"start":{"line":338,"column":8},"end":{"line":340,"column":9}},"143":{"start":{"line":339,"column":12},"end":{"line":339,"column":51}},"144":{"start":{"line":342,"column":8},"end":{"line":342,"column":46}},"145":{"start":{"line":343,"column":24},"end":{"line":343,"column":49}},"146":{"start":{"line":345,"column":8},"end":{"line":363,"column":9}},"147":{"start":{"line":348,"column":12},"end":{"line":354,"column":13}},"148":{"start":{"line":349,"column":16},"end":{"line":349,"column":58}},"149":{"start":{"line":352,"column":16},"end":{"line":352,"column":32}},"150":{"start":{"line":353,"column":16},"end":{"line":353,"column":58}},"151":{"start":{"line":355,"column":61},"end":{"line":355,"column":85}},"152":{"start":{"line":356,"column":12},"end":{"line":361,"column":14}},"153":{"start":{"line":362,"column":12},"end":{"line":362,"column":50}},"154":{"start":{"line":365,"column":8},"end":{"line":365,"column":25}},"155":{"start":{"line":369,"column":8},"end":{"line":369,"column":38}},"156":{"start":{"line":370,"column":8},"end":{"line":370,"column":50}},"157":{"start":{"line":371,"column":8},"end":{"line":371,"column":48}},"158":{"start":{"line":372,"column":8},"end":{"line":372,"column":36}},"159":{"start":{"line":373,"column":8},"end":{"line":373,"column":67}},"160":{"start":{"line":377,"column":0},"end":{"line":380,"column":2}}},"fnMap":{"0":{"name":"openBrowser","decl":{"start":{"line":18,"column":9},"end":{"line":18,"column":20}},"loc":{"start":{"line":18,"column":26},"end":{"line":29,"column":1}},"line":18},"1":{"name":"(anonymous_1)","decl":{"start":{"line":26,"column":42},"end":{"line":26,"column":43}},"loc":{"start":{"line":26,"column":51},"end":{"line":28,"column":5}},"line":26},"2":{"name":"(anonymous_2)","decl":{"start":{"line":32,"column":4},"end":{"line":32,"column":5}},"loc":{"start":{"line":32,"column":36},"end":{"line":43,"column":5}},"line":32},"3":{"name":"(anonymous_3)","decl":{"start":{"line":45,"column":4},"end":{"line":45,"column":5}},"loc":{"start":{"line":45,"column":33},"end":{"line":66,"column":5}},"line":45},"4":{"name":"(anonymous_4)","decl":{"start":{"line":68,"column":4},"end":{"line":68,"column":5}},"loc":{"start":{"line":68,"column":50},"end":{"line":74,"column":5}},"line":68},"5":{"name":"(anonymous_5)","decl":{"start":{"line":76,"column":4},"end":{"line":76,"column":5}},"loc":{"start":{"line":76,"column":50},"end":{"line":79,"column":5}},"line":76},"6":{"name":"(anonymous_6)","decl":{"start":{"line":81,"column":4},"end":{"line":81,"column":5}},"loc":{"start":{"line":81,"column":26},"end":{"line":85,"column":5}},"line":81},"7":{"name":"(anonymous_7)","decl":{"start":{"line":87,"column":4},"end":{"line":87,"column":5}},"loc":{"start":{"line":87,"column":25},"end":{"line":89,"column":5}},"line":87},"8":{"name":"(anonymous_8)","decl":{"start":{"line":91,"column":4},"end":{"line":91,"column":5}},"loc":{"start":{"line":91,"column":22},"end":{"line":112,"column":5}},"line":91},"9":{"name":"(anonymous_9)","decl":{"start":{"line":114,"column":4},"end":{"line":114,"column":5}},"loc":{"start":{"line":114,"column":30},"end":{"line":118,"column":5}},"line":114},"10":{"name":"(anonymous_10)","decl":{"start":{"line":120,"column":4},"end":{"line":120,"column":5}},"loc":{"start":{"line":120,"column":35},"end":{"line":124,"column":5}},"line":120},"11":{"name":"(anonymous_11)","decl":{"start":{"line":126,"column":4},"end":{"line":126,"column":5}},"loc":{"start":{"line":126,"column":24},"end":{"line":137,"column":5}},"line":126},"12":{"name":"(anonymous_12)","decl":{"start":{"line":127,"column":36},"end":{"line":127,"column":37}},"loc":{"start":{"line":127,"column":47},"end":{"line":135,"column":9}},"line":127},"13":{"name":"(anonymous_13)","decl":{"start":{"line":129,"column":38},"end":{"line":129,"column":39}},"loc":{"start":{"line":129,"column":52},"end":{"line":133,"column":13}},"line":129},"14":{"name":"(anonymous_14)","decl":{"start":{"line":139,"column":4},"end":{"line":139,"column":5}},"loc":{"start":{"line":139,"column":47},"end":{"line":156,"column":5}},"line":139},"15":{"name":"(anonymous_15)","decl":{"start":{"line":150,"column":17},"end":{"line":150,"column":18}},"loc":{"start":{"line":150,"column":26},"end":{"line":152,"column":13}},"line":150},"16":{"name":"(anonymous_16)","decl":{"start":{"line":158,"column":4},"end":{"line":158,"column":5}},"loc":{"start":{"line":158,"column":32},"end":{"line":161,"column":5}},"line":158},"17":{"name":"(anonymous_17)","decl":{"start":{"line":163,"column":4},"end":{"line":163,"column":5}},"loc":{"start":{"line":163,"column":38},"end":{"line":168,"column":5}},"line":163},"18":{"name":"(anonymous_18)","decl":{"start":{"line":170,"column":4},"end":{"line":170,"column":5}},"loc":{"start":{"line":170,"column":53},"end":{"line":179,"column":5}},"line":170},"19":{"name":"(anonymous_19)","decl":{"start":{"line":181,"column":4},"end":{"line":181,"column":5}},"loc":{"start":{"line":181,"column":56},"end":{"line":184,"column":5}},"line":181},"20":{"name":"(anonymous_20)","decl":{"start":{"line":186,"column":4},"end":{"line":186,"column":5}},"loc":{"start":{"line":186,"column":18},"end":{"line":193,"column":5}},"line":186},"21":{"name":"(anonymous_21)","decl":{"start":{"line":195,"column":4},"end":{"line":195,"column":5}},"loc":{"start":{"line":195,"column":25},"end":{"line":200,"column":5}},"line":195},"22":{"name":"(anonymous_22)","decl":{"start":{"line":197,"column":24},"end":{"line":197,"column":25}},"loc":{"start":{"line":197,"column":32},"end":{"line":199,"column":9}},"line":197},"23":{"name":"(anonymous_23)","decl":{"start":{"line":202,"column":4},"end":{"line":202,"column":5}},"loc":{"start":{"line":202,"column":20},"end":{"line":204,"column":5}},"line":202},"24":{"name":"(anonymous_24)","decl":{"start":{"line":206,"column":4},"end":{"line":206,"column":5}},"loc":{"start":{"line":206,"column":16},"end":{"line":208,"column":5}},"line":206},"25":{"name":"(anonymous_25)","decl":{"start":{"line":210,"column":4},"end":{"line":210,"column":5}},"loc":{"start":{"line":210,"column":34},"end":{"line":223,"column":5}},"line":210},"26":{"name":"(anonymous_26)","decl":{"start":{"line":225,"column":4},"end":{"line":225,"column":5}},"loc":{"start":{"line":225,"column":44},"end":{"line":259,"column":5}},"line":225},"27":{"name":"(anonymous_27)","decl":{"start":{"line":253,"column":17},"end":{"line":253,"column":18}},"loc":{"start":{"line":253,"column":27},"end":{"line":255,"column":13}},"line":253},"28":{"name":"(anonymous_28)","decl":{"start":{"line":261,"column":4},"end":{"line":261,"column":5}},"loc":{"start":{"line":261,"column":40},"end":{"line":291,"column":5}},"line":261},"29":{"name":"(anonymous_29)","decl":{"start":{"line":293,"column":4},"end":{"line":293,"column":5}},"loc":{"start":{"line":293,"column":19},"end":{"line":295,"column":5}},"line":293},"30":{"name":"(anonymous_30)","decl":{"start":{"line":297,"column":4},"end":{"line":297,"column":5}},"loc":{"start":{"line":297,"column":16},"end":{"line":303,"column":5}},"line":297},"31":{"name":"(anonymous_31)","decl":{"start":{"line":305,"column":4},"end":{"line":305,"column":5}},"loc":{"start":{"line":305,"column":15},"end":{"line":313,"column":5}},"line":305},"32":{"name":"(anonymous_32)","decl":{"start":{"line":315,"column":4},"end":{"line":315,"column":5}},"loc":{"start":{"line":315,"column":27},"end":{"line":323,"column":5}},"line":315},"33":{"name":"(anonymous_33)","decl":{"start":{"line":325,"column":4},"end":{"line":325,"column":5}},"loc":{"start":{"line":325,"column":25},"end":{"line":330,"column":5}},"line":325},"34":{"name":"(anonymous_34)","decl":{"start":{"line":332,"column":4},"end":{"line":332,"column":5}},"loc":{"start":{"line":332,"column":51},"end":{"line":335,"column":5}},"line":332},"35":{"name":"(anonymous_35)","decl":{"start":{"line":337,"column":4},"end":{"line":337,"column":5}},"loc":{"start":{"line":337,"column":52},"end":{"line":366,"column":5}},"line":337},"36":{"name":"(anonymous_36)","decl":{"start":{"line":368,"column":4},"end":{"line":368,"column":5}},"loc":{"start":{"line":368,"column":37},"end":{"line":374,"column":5}},"line":368}},"branchMap":{"0":{"loc":{"start":{"line":20,"column":4},"end":{"line":24,"column":5}},"type":"if","locations":[{"start":{"line":20,"column":4},"end":{"line":24,"column":5}},{"start":{"line":22,"column":11},"end":{"line":24,"column":5}}],"line":20},"1":{"loc":{"start":{"line":22,"column":11},"end":{"line":24,"column":5}},"type":"if","locations":[{"start":{"line":22,"column":11},"end":{"line":24,"column":5}},{"start":{},"end":{}}],"line":22},"2":{"loc":{"start":{"line":32,"column":16},"end":{"line":32,"column":34}},"type":"default-arg","locations":[{"start":{"line":32,"column":32},"end":{"line":32,"column":34}}],"line":32},"3":{"loc":{"start":{"line":36,"column":8},"end":{"line":40,"column":9}},"type":"if","locations":[{"start":{"line":36,"column":8},"end":{"line":40,"column":9}},{"start":{},"end":{}}],"line":36},"4":{"loc":{"start":{"line":36,"column":12},"end":{"line":36,"column":55}},"type":"binary-expr","locations":[{"start":{"line":36,"column":12},"end":{"line":36,"column":30}},{"start":{"line":36,"column":34},"end":{"line":36,"column":55}}],"line":36},"5":{"loc":{"start":{"line":49,"column":22},"end":{"line":49,"column":44}},"type":"binary-expr","locations":[{"start":{"line":49,"column":22},"end":{"line":49,"column":38}},{"start":{"line":49,"column":42},"end":{"line":49,"column":44}}],"line":49},"6":{"loc":{"start":{"line":50,"column":19},"end":{"line":50,"column":38}},"type":"binary-expr","locations":[{"start":{"line":50,"column":19},"end":{"line":50,"column":32}},{"start":{"line":50,"column":36},"end":{"line":50,"column":38}}],"line":50},"7":{"loc":{"start":{"line":53,"column":23},"end":{"line":53,"column":46}},"type":"binary-expr","locations":[{"start":{"line":53,"column":23},"end":{"line":53,"column":37}},{"start":{"line":53,"column":41},"end":{"line":53,"column":46}}],"line":53},"8":{"loc":{"start":{"line":55,"column":8},"end":{"line":57,"column":9}},"type":"if","locations":[{"start":{"line":55,"column":8},"end":{"line":57,"column":9}},{"start":{},"end":{}}],"line":55},"9":{"loc":{"start":{"line":70,"column":8},"end":{"line":72,"column":9}},"type":"if","locations":[{"start":{"line":70,"column":8},"end":{"line":72,"column":9}},{"start":{},"end":{}}],"line":70},"10":{"loc":{"start":{"line":82,"column":15},"end":{"line":84,"column":16}},"type":"cond-expr","locations":[{"start":{"line":83,"column":14},"end":{"line":83,"column":71}},{"start":{"line":84,"column":14},"end":{"line":84,"column":16}}],"line":82},"11":{"loc":{"start":{"line":83,"column":25},"end":{"line":83,"column":70}},"type":"binary-expr","locations":[{"start":{"line":83,"column":25},"end":{"line":83,"column":62}},{"start":{"line":83,"column":66},"end":{"line":83,"column":70}}],"line":83},"12":{"loc":{"start":{"line":92,"column":25},"end":{"line":92,"column":65}},"type":"cond-expr","locations":[{"start":{"line":92,"column":41},"end":{"line":92,"column":60}},{"start":{"line":92,"column":63},"end":{"line":92,"column":65}}],"line":92},"13":{"loc":{"start":{"line":93,"column":25},"end":{"line":93,"column":70}},"type":"binary-expr","locations":[{"start":{"line":93,"column":25},"end":{"line":93,"column":32}},{"start":{"line":93,"column":36},"end":{"line":93,"column":70}}],"line":93},"14":{"loc":{"start":{"line":96,"column":8},"end":{"line":102,"column":9}},"type":"if","locations":[{"start":{"line":96,"column":8},"end":{"line":102,"column":9}},{"start":{"line":98,"column":15},"end":{"line":102,"column":9}}],"line":96},"15":{"loc":{"start":{"line":98,"column":15},"end":{"line":102,"column":9}},"type":"if","locations":[{"start":{"line":98,"column":15},"end":{"line":102,"column":9}},{"start":{"line":100,"column":15},"end":{"line":102,"column":9}}],"line":98},"16":{"loc":{"start":{"line":104,"column":30},"end":{"line":104,"column":81}},"type":"binary-expr","locations":[{"start":{"line":104,"column":30},"end":{"line":104,"column":37}},{"start":{"line":104,"column":41},"end":{"line":104,"column":81}}],"line":104},"17":{"loc":{"start":{"line":105,"column":30},"end":{"line":105,"column":90}},"type":"cond-expr","locations":[{"start":{"line":105,"column":40},"end":{"line":105,"column":48}},{"start":{"line":105,"column":51},"end":{"line":105,"column":90}}],"line":105},"18":{"loc":{"start":{"line":115,"column":8},"end":{"line":117,"column":9}},"type":"if","locations":[{"start":{"line":115,"column":8},"end":{"line":117,"column":9}},{"start":{},"end":{}}],"line":115},"19":{"loc":{"start":{"line":115,"column":12},"end":{"line":115,"column":25}},"type":"binary-expr","locations":[{"start":{"line":115,"column":12},"end":{"line":115,"column":15}},{"start":{"line":115,"column":19},"end":{"line":115,"column":25}}],"line":115},"20":{"loc":{"start":{"line":120,"column":21},"end":{"line":120,"column":33}},"type":"default-arg","locations":[{"start":{"line":120,"column":31},"end":{"line":120,"column":33}}],"line":120},"21":{"loc":{"start":{"line":140,"column":21},"end":{"line":140,"column":30}},"type":"default-arg","locations":[{"start":{"line":140,"column":28},"end":{"line":140,"column":30}}],"line":140},"22":{"loc":{"start":{"line":158,"column":19},"end":{"line":158,"column":30}},"type":"default-arg","locations":[{"start":{"line":158,"column":28},"end":{"line":158,"column":30}}],"line":158},"23":{"loc":{"start":{"line":225,"column":32},"end":{"line":225,"column":42}},"type":"default-arg","locations":[{"start":{"line":225,"column":40},"end":{"line":225,"column":42}}],"line":225},"24":{"loc":{"start":{"line":234,"column":8},"end":{"line":236,"column":9}},"type":"if","locations":[{"start":{"line":234,"column":8},"end":{"line":236,"column":9}},{"start":{},"end":{}}],"line":234},"25":{"loc":{"start":{"line":237,"column":8},"end":{"line":239,"column":9}},"type":"if","locations":[{"start":{"line":237,"column":8},"end":{"line":239,"column":9}},{"start":{},"end":{}}],"line":237},"26":{"loc":{"start":{"line":240,"column":8},"end":{"line":242,"column":9}},"type":"if","locations":[{"start":{"line":240,"column":8},"end":{"line":242,"column":9}},{"start":{},"end":{}}],"line":240},"27":{"loc":{"start":{"line":249,"column":8},"end":{"line":251,"column":9}},"type":"if","locations":[{"start":{"line":249,"column":8},"end":{"line":251,"column":9}},{"start":{},"end":{}}],"line":249},"28":{"loc":{"start":{"line":286,"column":8},"end":{"line":288,"column":9}},"type":"if","locations":[{"start":{"line":286,"column":8},"end":{"line":288,"column":9}},{"start":{},"end":{}}],"line":286},"29":{"loc":{"start":{"line":306,"column":8},"end":{"line":308,"column":9}},"type":"if","locations":[{"start":{"line":306,"column":8},"end":{"line":308,"column":9}},{"start":{},"end":{}}],"line":306},"30":{"loc":{"start":{"line":309,"column":8},"end":{"line":311,"column":9}},"type":"if","locations":[{"start":{"line":309,"column":8},"end":{"line":311,"column":9}},{"start":{},"end":{}}],"line":309},"31":{"loc":{"start":{"line":316,"column":8},"end":{"line":318,"column":9}},"type":"if","locations":[{"start":{"line":316,"column":8},"end":{"line":318,"column":9}},{"start":{},"end":{}}],"line":316},"32":{"loc":{"start":{"line":319,"column":8},"end":{"line":321,"column":9}},"type":"if","locations":[{"start":{"line":319,"column":8},"end":{"line":321,"column":9}},{"start":{},"end":{}}],"line":319},"33":{"loc":{"start":{"line":326,"column":8},"end":{"line":328,"column":9}},"type":"if","locations":[{"start":{"line":326,"column":8},"end":{"line":328,"column":9}},{"start":{},"end":{}}],"line":326},"34":{"loc":{"start":{"line":334,"column":33},"end":{"line":334,"column":55}},"type":"cond-expr","locations":[{"start":{"line":334,"column":43},"end":{"line":334,"column":45}},{"start":{"line":334,"column":48},"end":{"line":334,"column":55}}],"line":334},"35":{"loc":{"start":{"line":337,"column":32},"end":{"line":337,"column":50}},"type":"default-arg","locations":[{"start":{"line":337,"column":48},"end":{"line":337,"column":50}}],"line":337},"36":{"loc":{"start":{"line":338,"column":8},"end":{"line":340,"column":9}},"type":"if","locations":[{"start":{"line":338,"column":8},"end":{"line":340,"column":9}},{"start":{},"end":{}}],"line":338},"37":{"loc":{"start":{"line":345,"column":8},"end":{"line":363,"column":9}},"type":"if","locations":[{"start":{"line":345,"column":8},"end":{"line":363,"column":9}},{"start":{},"end":{}}],"line":345},"38":{"loc":{"start":{"line":345,"column":12},"end":{"line":345,"column":42}},"type":"binary-expr","locations":[{"start":{"line":345,"column":12},"end":{"line":345,"column":22}},{"start":{"line":345,"column":26},"end":{"line":345,"column":42}}],"line":345}},"s":{"0":1,"1":1,"2":1,"3":1,"4":1,"5":1,"6":1,"7":1,"8":1,"9":1,"10":1,"11":1,"12":1,"13":4,"14":4,"15":1,"16":3,"17":1,"18":4,"19":0,"20":19,"21":19,"22":19,"23":1,"24":18,"25":2,"26":2,"27":2,"28":2,"29":2,"30":1,"31":1,"32":3,"33":2,"34":2,"35":2,"36":4,"37":3,"38":5,"39":1,"40":20,"41":20,"42":20,"43":1,"44":19,"45":0,"46":19,"47":20,"48":20,"49":20,"50":20,"51":20,"52":20,"53":19,"54":16,"55":1,"56":1,"57":1,"58":1,"59":1,"60":1,"61":1,"62":1,"63":1,"64":0,"65":1,"66":3,"67":3,"68":3,"69":3,"70":18,"71":3,"72":5,"73":5,"74":5,"75":5,"76":5,"77":5,"78":5,"79":5,"80":4,"81":3,"82":2,"83":2,"84":94,"85":6,"86":6,"87":39,"88":7,"89":7,"90":2,"91":2,"92":2,"93":2,"94":2,"95":5,"96":5,"97":5,"98":3,"99":5,"100":2,"101":5,"102":0,"103":5,"104":3,"105":3,"106":3,"107":1,"108":3,"109":22,"110":3,"111":4,"112":4,"113":4,"114":4,"115":4,"116":4,"117":4,"118":2,"119":4,"120":2,"121":2,"122":3,"123":1,"124":1,"125":1,"126":1,"127":23,"128":20,"129":3,"130":2,"131":1,"132":21,"133":18,"134":3,"135":2,"136":1,"137":19,"138":19,"139":0,"140":1,"141":1,"142":8,"143":3,"144":5,"145":3,"146":3,"147":2,"148":2,"149":1,"150":1,"151":1,"152":1,"153":1,"154":2,"155":23,"156":21,"157":19,"158":19,"159":19,"160":1},"f":{"0":4,"1":0,"2":19,"3":2,"4":3,"5":4,"6":5,"7":1,"8":20,"9":19,"10":1,"11":1,"12":1,"13":1,"14":3,"15":18,"16":5,"17":5,"18":5,"19":2,"20":94,"21":6,"22":39,"23":7,"24":7,"25":2,"26":5,"27":22,"28":4,"29":3,"30":1,"31":23,"32":21,"33":19,"34":1,"35":8,"36":23},"b":{"0":[1,3],"1":[1,2],"2":[0],"3":[1,18],"4":[19,18],"5":[2,2],"6":[2,2],"7":[2,2],"8":[2,0],"9":[2,0],"10":[2,3],"11":[2,0],"12":[1,19],"13":[20,1],"14":[1,19],"15":[0,19],"16":[20,19],"17":[1,19],"18":[16,3],"19":[19,16],"20":[0],"21":[3],"22":[2],"23":[0],"24":[3,2],"25":[2,3],"26":[0,5],"27":[1,2],"28":[2,2],"29":[20,3],"30":[2,1],"31":[18,3],"32":[2,1],"33":[19,0],"34":[0,1],"35":[6],"36":[3,5],"37":[2,1],"38":[3,2]},"_coverageSchema":"1a1c01bbd47fc00a2c39e90264f33305004495a9","hash":"5be675dd859e0dea6d5fe1f03418dc5baef01d21"}
}
