TN:
SF:index.js
FN:18,openBrowser
FN:26,(anonymous_1)
FN:32,(anonymous_2)
FN:45,(anonymous_3)
FN:68,(anonymous_4)
FN:76,(anonymous_5)
FN:81,(anonymous_6)
FN:87,(anonymous_7)
FN:91,(anonymous_8)
FN:114,(anonymous_9)
FN:120,(anonymous_10)
FN:126,(anonymous_11)
FN:127,(anonymous_12)
FN:129,(anonymous_13)
FN:139,(anonymous_14)
FN:150,(anonymous_15)
FN:158,(anonymous_16)
FN:163,(anonymous_17)
FN:170,(anonymous_18)
FN:181,(anonymous_19)
FN:186,(anonymous_20)
FN:195,(anonymous_21)
FN:197,(anonymous_22)
FN:202,(anonymous_23)
FN:206,(anonymous_24)
FN:210,(anonymous_25)
FN:225,(anonymous_26)
FN:253,(anonymous_27)
FN:261,(anonymous_28)
FN:293,(anonymous_29)
FN:297,(anonymous_30)
FN:305,(anonymous_31)
FN:315,(anonymous_32)
FN:325,(anonymous_33)
FN:332,(anonymous_34)
FN:337,(anonymous_35)
FN:368,(anonymous_36)
FNF:37
FNH:36
FNDA:4,openBrowser
FNDA:0,(anonymous_1)
FNDA:19,(anonymous_2)
FNDA:2,(anonymous_3)
FNDA:3,(anonymous_4)
FNDA:4,(anonymous_5)
FNDA:5,(anonymous_6)
FNDA:1,(anonymous_7)
FNDA:20,(anonymous_8)
FNDA:19,(anonymous_9)
FNDA:1,(anonymous_10)
FNDA:1,(anonymous_11)
FNDA:1,(anonymous_12)
FNDA:1,(anonymous_13)
FNDA:3,(anonymous_14)
FNDA:18,(anonymous_15)
FNDA:5,(anonymous_16)
FNDA:5,(anonymous_17)
FNDA:5,(anonymous_18)
FNDA:2,(anonymous_19)
FNDA:94,(anonymous_20)
FNDA:6,(anonymous_21)
FNDA:39,(anonymous_22)
FNDA:7,(anonymous_23)
FNDA:7,(anonymous_24)
FNDA:2,(anonymous_25)
FNDA:5,(anonymous_26)
FNDA:22,(anonymous_27)
FNDA:4,(anonymous_28)
FNDA:3,(anonymous_29)
FNDA:1,(anonymous_30)
FNDA:23,(anonymous_31)
FNDA:21,(anonymous_32)
FNDA:19,(anonymous_33)
FNDA:1,(anonymous_34)
FNDA:8,(anonymous_35)
FNDA:23,(anonymous_36)
DA:2,1
DA:3,1
DA:4,1
DA:5,1
DA:6,1
DA:7,1
DA:8,1
DA:9,1
DA:10,1
DA:12,1
DA:13,1
DA:14,1
DA:16,1
DA:19,4
DA:20,4
DA:21,1
DA:22,3
DA:23,1
DA:26,4
DA:27,0
DA:33,19
DA:34,19
DA:36,19
DA:37,1
DA:42,18
DA:46,2
DA:53,2
DA:55,2
DA:56,2
DA:59,2
DA:64,1
DA:65,1
DA:69,3
DA:70,2
DA:71,2
DA:73,2
DA:77,4
DA:78,3
DA:82,5
DA:88,1
DA:92,20
DA:93,20
DA:96,20
DA:97,1
DA:98,19
DA:99,0
DA:101,19
DA:104,20
DA:105,20
DA:107,20
DA:108,20
DA:109,20
DA:111,20
DA:115,19
DA:116,16
DA:121,1
DA:122,1
DA:123,1
DA:127,1
DA:128,1
DA:129,1
DA:130,1
DA:131,1
DA:132,1
DA:134,0
DA:136,1
DA:140,3
DA:141,3
DA:143,3
DA:149,3
DA:151,18
DA:155,3
DA:159,5
DA:160,5
DA:164,5
DA:165,5
DA:166,5
DA:167,5
DA:171,5
DA:172,5
DA:173,4
DA:178,3
DA:182,2
DA:183,2
DA:187,94
DA:196,6
DA:197,6
DA:198,39
DA:203,7
DA:207,7
DA:211,2
DA:212,2
DA:213,2
DA:214,2
DA:215,2
DA:226,5
DA:227,5
DA:234,5
DA:235,3
DA:237,5
DA:238,2
DA:240,5
DA:241,0
DA:244,5
DA:246,3
DA:248,3
DA:249,3
DA:250,1
DA:252,3
DA:254,22
DA:258,3
DA:262,4
DA:269,4
DA:273,4
DA:274,4
DA:275,4
DA:280,4
DA:281,4
DA:283,2
DA:286,4
DA:287,2
DA:290,2
DA:294,3
DA:298,1
DA:299,1
DA:300,1
DA:302,1
DA:306,23
DA:307,20
DA:309,3
DA:310,2
DA:312,1
DA:316,21
DA:317,18
DA:319,3
DA:320,2
DA:322,1
DA:326,19
DA:327,19
DA:329,0
DA:333,1
DA:334,1
DA:338,8
DA:339,3
DA:342,5
DA:343,3
DA:345,3
DA:348,2
DA:349,2
DA:352,1
DA:353,1
DA:355,1
DA:356,1
DA:362,1
DA:365,2
DA:369,23
DA:370,21
DA:371,19
DA:372,19
DA:373,19
DA:377,1
LF:161
LH:156
BRDA:20,0,0,1
BRDA:20,0,1,3
BRDA:22,1,0,1
BRDA:22,1,1,2
BRDA:32,2,0,0
BRDA:36,3,0,1
BRDA:36,3,1,18
BRDA:36,4,0,19
BRDA:36,4,1,18
BRDA:49,5,0,2
BRDA:49,5,1,2
BRDA:50,6,0,2
BRDA:50,6,1,2
BRDA:53,7,0,2
BRDA:53,7,1,2
BRDA:55,8,0,2
BRDA:55,8,1,0
BRDA:70,9,0,2
BRDA:70,9,1,0
BRDA:82,10,0,2
BRDA:82,10,1,3
BRDA:83,11,0,2
BRDA:83,11,1,0
BRDA:92,12,0,1
BRDA:92,12,1,19
BRDA:93,13,0,20
BRDA:93,13,1,1
BRDA:96,14,0,1
BRDA:96,14,1,19
BRDA:98,15,0,0
BRDA:98,15,1,19
BRDA:104,16,0,20
BRDA:104,16,1,19
BRDA:105,17,0,1
BRDA:105,17,1,19
BRDA:115,18,0,16
BRDA:115,18,1,3
BRDA:115,19,0,19
BRDA:115,19,1,16
BRDA:120,20,0,0
BRDA:140,21,0,3
BRDA:158,22,0,2
BRDA:225,23,0,0
BRDA:234,24,0,3
BRDA:234,24,1,2
BRDA:237,25,0,2
BRDA:237,25,1,3
BRDA:240,26,0,0
BRDA:240,26,1,5
BRDA:249,27,0,1
BRDA:249,27,1,2
BRDA:286,28,0,2
BRDA:286,28,1,2
BRDA:306,29,0,20
BRDA:306,29,1,3
BRDA:309,30,0,2
BRDA:309,30,1,1
BRDA:316,31,0,18
BRDA:316,31,1,3
BRDA:319,32,0,2
BRDA:319,32,1,1
BRDA:326,33,0,19
BRDA:326,33,1,0
BRDA:334,34,0,0
BRDA:334,34,1,1
BRDA:337,35,0,6
BRDA:338,36,0,3
BRDA:338,36,1,5
BRDA:345,37,0,2
BRDA:345,37,1,1
BRDA:345,38,0,3
BRDA:345,38,1,2
BRF:72
BRH:62
end_of_record
