{"/opt/teamcity-agents/agent-001/work/2aea408c8ff24cbd/ns-progress-bar/index.js": {"path":"/opt/teamcity-agents/agent-001/work/2aea408c8ff24cbd/ns-progress-bar/index.js","statementMap":{"0":{"start":{"line":2,"column":4},"end":{"line":4,"column":5}},"1":{"start":{"line":3,"column":8},"end":{"line":3,"column":43}},"2":{"start":{"line":5,"column":4},"end":{"line":7,"column":5}},"3":{"start":{"line":6,"column":8},"end":{"line":6,"column":42}},"4":{"start":{"line":9,"column":4},"end":{"line":9,"column":19}},"5":{"start":{"line":10,"column":4},"end":{"line":10,"column":21}},"6":{"start":{"line":11,"column":4},"end":{"line":11,"column":51}},"7":{"start":{"line":12,"column":4},"end":{"line":12,"column":31}},"8":{"start":{"line":13,"column":4},"end":{"line":13,"column":45}},"9":{"start":{"line":14,"column":4},"end":{"line":17,"column":6}},"10":{"start":{"line":18,"column":4},"end":{"line":18,"column":29}},"11":{"start":{"line":19,"column":4},"end":{"line":19,"column":24}},"12":{"start":{"line":20,"column":4},"end":{"line":20,"column":23}},"13":{"start":{"line":23,"column":0},"end":{"line":34,"column":2}},"14":{"start":{"line":24,"column":4},"end":{"line":24,"column":30}},"15":{"start":{"line":25,"column":4},"end":{"line":25,"column":24}},"16":{"start":{"line":27,"column":4},"end":{"line":27,"column":18}},"17":{"start":{"line":29,"column":4},"end":{"line":33,"column":5}},"18":{"start":{"line":30,"column":8},"end":{"line":30,"column":26}},"19":{"start":{"line":31,"column":8},"end":{"line":31,"column":29}},"20":{"start":{"line":32,"column":8},"end":{"line":32,"column":32}},"21":{"start":{"line":36,"column":0},"end":{"line":79,"column":2}},"22":{"start":{"line":37,"column":4},"end":{"line":37,"column":48}},"23":{"start":{"line":39,"column":4},"end":{"line":41,"column":5}},"24":{"start":{"line":40,"column":8},"end":{"line":40,"column":15}},"25":{"start":{"line":43,"column":16},"end":{"line":43,"column":26}},"26":{"start":{"line":44,"column":18},"end":{"line":44,"column":39}},"27":{"start":{"line":45,"column":4},"end":{"line":47,"column":5}},"28":{"start":{"line":46,"column":8},"end":{"line":46,"column":15}},"29":{"start":{"line":48,"column":4},"end":{"line":48,"column":26}},"30":{"start":{"line":50,"column":16},"end":{"line":50,"column":41}},"31":{"start":{"line":51,"column":4},"end":{"line":51,"column":44}},"32":{"start":{"line":53,"column":20},"end":{"line":53,"column":43}},"33":{"start":{"line":58,"column":14},"end":{"line":58,"column":68}},"34":{"start":{"line":60,"column":25},"end":{"line":60,"column":90}},"35":{"start":{"line":61,"column":4},"end":{"line":63,"column":5}},"36":{"start":{"line":62,"column":8},"end":{"line":62,"column":28}},"37":{"start":{"line":65,"column":18},"end":{"line":65,"column":54}},"38":{"start":{"line":67,"column":4},"end":{"line":67,"column":47}},"39":{"start":{"line":68,"column":4},"end":{"line":68,"column":80}},"40":{"start":{"line":69,"column":4},"end":{"line":69,"column":92}},"41":{"start":{"line":71,"column":4},"end":{"line":71,"column":53}},"42":{"start":{"line":73,"column":4},"end":{"line":78,"column":5}},"43":{"start":{"line":74,"column":8},"end":{"line":74,"column":32}},"44":{"start":{"line":75,"column":8},"end":{"line":75,"column":31}},"45":{"start":{"line":76,"column":8},"end":{"line":76,"column":33}},"46":{"start":{"line":77,"column":8},"end":{"line":77,"column":28}},"47":{"start":{"line":81,"column":0},"end":{"line":81,"column":29}}},"fnMap":{"0":{"name":"ProgressBar","decl":{"start":{"line":1,"column":9},"end":{"line":1,"column":20}},"loc":{"start":{"line":1,"column":35},"end":{"line":21,"column":1}},"line":1},"1":{"name":"(anonymous_1)","decl":{"start":{"line":23,"column":29},"end":{"line":23,"column":30}},"loc":{"start":{"line":23,"column":43},"end":{"line":34,"column":1}},"line":23},"2":{"name":"(anonymous_2)","decl":{"start":{"line":36,"column":31},"end":{"line":36,"column":32}},"loc":{"start":{"line":36,"column":47},"end":{"line":79,"column":1}},"line":36}},"branchMap":{"0":{"loc":{"start":{"line":2,"column":4},"end":{"line":4,"column":5}},"type":"if","locations":[{"start":{"line":2,"column":4},"end":{"line":4,"column":5}},{"start":{},"end":{}}],"line":2},"1":{"loc":{"start":{"line":5,"column":4},"end":{"line":7,"column":5}},"type":"if","locations":[{"start":{"line":5,"column":4},"end":{"line":7,"column":5}},{"start":{},"end":{}}],"line":5},"2":{"loc":{"start":{"line":11,"column":18},"end":{"line":11,"column":50}},"type":"binary-expr","locations":[{"start":{"line":11,"column":18},"end":{"line":11,"column":32}},{"start":{"line":11,"column":36},"end":{"line":11,"column":50}}],"line":11},"3":{"loc":{"start":{"line":13,"column":17},"end":{"line":13,"column":44}},"type":"binary-expr","locations":[{"start":{"line":13,"column":17},"end":{"line":13,"column":30}},{"start":{"line":13,"column":34},"end":{"line":13,"column":44}}],"line":13},"4":{"loc":{"start":{"line":15,"column":18},"end":{"line":15,"column":41}},"type":"binary-expr","locations":[{"start":{"line":15,"column":18},"end":{"line":15,"column":34}},{"start":{"line":15,"column":38},"end":{"line":15,"column":41}}],"line":15},"5":{"loc":{"start":{"line":16,"column":20},"end":{"line":16,"column":45}},"type":"binary-expr","locations":[{"start":{"line":16,"column":20},"end":{"line":16,"column":38}},{"start":{"line":16,"column":42},"end":{"line":16,"column":45}}],"line":16},"6":{"loc":{"start":{"line":24,"column":10},"end":{"line":24,"column":29}},"type":"cond-expr","locations":[{"start":{"line":24,"column":22},"end":{"line":24,"column":25}},{"start":{"line":24,"column":28},"end":{"line":24,"column":29}}],"line":24},"7":{"loc":{"start":{"line":29,"column":4},"end":{"line":33,"column":5}},"type":"if","locations":[{"start":{"line":29,"column":4},"end":{"line":33,"column":5}},{"start":{},"end":{}}],"line":29},"8":{"loc":{"start":{"line":37,"column":12},"end":{"line":37,"column":47}},"type":"cond-expr","locations":[{"start":{"line":37,"column":34},"end":{"line":37,"column":39}},{"start":{"line":37,"column":42},"end":{"line":37,"column":47}}],"line":37},"9":{"loc":{"start":{"line":39,"column":4},"end":{"line":41,"column":5}},"type":"if","locations":[{"start":{"line":39,"column":4},"end":{"line":41,"column":5}},{"start":{},"end":{}}],"line":39},"10":{"loc":{"start":{"line":45,"column":4},"end":{"line":47,"column":5}},"type":"if","locations":[{"start":{"line":45,"column":4},"end":{"line":47,"column":5}},{"start":{},"end":{}}],"line":45},"11":{"loc":{"start":{"line":45,"column":8},"end":{"line":45,"column":45}},"type":"binary-expr","locations":[{"start":{"line":45,"column":8},"end":{"line":45,"column":14}},{"start":{"line":45,"column":18},"end":{"line":45,"column":45}}],"line":45},"12":{"loc":{"start":{"line":61,"column":4},"end":{"line":63,"column":5}},"type":"if","locations":[{"start":{"line":61,"column":4},"end":{"line":63,"column":5}},{"start":{},"end":{}}],"line":61},"13":{"loc":{"start":{"line":61,"column":8},"end":{"line":61,"column":54}},"type":"binary-expr","locations":[{"start":{"line":61,"column":8},"end":{"line":61,"column":22}},{"start":{"line":61,"column":26},"end":{"line":61,"column":54}}],"line":61},"14":{"loc":{"start":{"line":73,"column":4},"end":{"line":78,"column":5}},"type":"if","locations":[{"start":{"line":73,"column":4},"end":{"line":78,"column":5}},{"start":{},"end":{}}],"line":73}},"s":{"0":9,"1":1,"2":8,"3":1,"4":7,"5":7,"6":7,"7":7,"8":7,"9":7,"10":7,"11":7,"12":7,"13":1,"14":15,"15":15,"16":15,"17":15,"18":1,"19":1,"20":1,"21":1,"22":20,"23":20,"24":2,"25":18,"26":18,"27":18,"28":11,"29":7,"30":7,"31":7,"32":7,"33":7,"34":7,"35":7,"36":0,"37":7,"38":7,"39":7,"40":7,"41":7,"42":7,"43":6,"44":6,"45":6,"46":6,"47":1},"f":{"0":9,"1":15,"2":20},"b":{"0":[1,8],"1":[1,7],"2":[7,0],"3":[7,0],"4":[7,0],"5":[7,0],"6":[15,0],"7":[1,14],"8":[2,18],"9":[2,18],"10":[11,7],"11":[18,16],"12":[0,7],"13":[7,7],"14":[6,1]},"inputSourceMap":null,"_coverageSchema":"1a1c01bbd47fc00a2c39e90264f33305004495a9","hash":"9e1ea5ec5b1d1331e0804abbf27faffb38af9ce0"}
}
