{"/opt/teamcity-agents/agent-001/work/2aea408c8ff24cbd/ns-async/async.js": {"path":"/opt/teamcity-agents/agent-001/work/2aea408c8ff24cbd/ns-async/async.js","statementMap":{"0":{"start":{"line":1,"column":18},"end":{"line":1,"column":44}},"1":{"start":{"line":2,"column":19},"end":{"line":2,"column":46}},"2":{"start":{"line":3,"column":13},"end":{"line":3,"column":34}},"3":{"start":{"line":4,"column":15},"end":{"line":4,"column":38}},"4":{"start":{"line":5,"column":17},"end":{"line":5,"column":42}},"5":{"start":{"line":6,"column":16},"end":{"line":6,"column":40}},"6":{"start":{"line":8,"column":0},"end":{"line":8,"column":76}}},"fnMap":{},"branchMap":{},"s":{"0":1,"1":1,"2":1,"3":1,"4":1,"5":1,"6":1},"f":{},"b":{},"_coverageSchema":"1a1c01bbd47fc00a2c39e90264f33305004495a9","hash":"209749309fb4be1b43fe0e19ac40676046bb6f8a"}
,"/opt/teamcity-agents/agent-001/work/2aea408c8ff24cbd/ns-async/src/doUntil.js": {"path":"/opt/teamcity-agents/agent-001/work/2aea408c8ff24cbd/ns-async/src/doUntil.js","statementMap":{"0":{"start":{"line":2,"column":4},"end":{"line":9,"column":7}},"1":{"start":{"line":3,"column":30},"end":{"line":3,"column":53}},"2":{"start":{"line":4,"column":8},"end":{"line":8,"column":9}},"3":{"start":{"line":5,"column":12},"end":{"line":5,"column":20}},"4":{"start":{"line":7,"column":12},"end":{"line":7,"column":62}},"5":{"start":{"line":12,"column":0},"end":{"line":12,"column":25}}},"fnMap":{"0":{"name":"doUntil","decl":{"start":{"line":1,"column":9},"end":{"line":1,"column":16}},"loc":{"start":{"line":1,"column":59},"end":{"line":10,"column":1}},"line":1},"1":{"name":"(anonymous_1)","decl":{"start":{"line":2,"column":21},"end":{"line":2,"column":22}},"loc":{"start":{"line":2,"column":33},"end":{"line":9,"column":5}},"line":2}},"branchMap":{"0":{"loc":{"start":{"line":4,"column":8},"end":{"line":8,"column":9}},"type":"if","locations":[{"start":{"line":4,"column":8},"end":{"line":8,"column":9}},{"start":{"line":6,"column":15},"end":{"line":8,"column":9}}],"line":4}},"s":{"0":4,"1":4,"2":4,"3":1,"4":3,"5":1},"f":{"0":4,"1":4},"b":{"0":[1,3]},"_coverageSchema":"1a1c01bbd47fc00a2c39e90264f33305004495a9","hash":"2d733b9373af981dc35a68d24343c3132f7dd532"}
,"/opt/teamcity-agents/agent-001/work/2aea408c8ff24cbd/ns-async/src/each.js": {"path":"/opt/teamcity-agents/agent-001/work/2aea408c8ff24cbd/ns-async/src/each.js","statementMap":{"0":{"start":{"line":2,"column":26},"end":{"line":8,"column":6}},"1":{"start":{"line":3,"column":8},"end":{"line":7,"column":11}},"2":{"start":{"line":4,"column":12},"end":{"line":6,"column":15}},"3":{"start":{"line":5,"column":16},"end":{"line":5,"column":26}},"4":{"start":{"line":9,"column":4},"end":{"line":11,"column":7}},"5":{"start":{"line":10,"column":8},"end":{"line":10,"column":16}},"6":{"start":{"line":14,"column":0},"end":{"line":14,"column":22}}},"fnMap":{"0":{"name":"each","decl":{"start":{"line":1,"column":9},"end":{"line":1,"column":13}},"loc":{"start":{"line":1,"column":48},"end":{"line":12,"column":1}},"line":1},"1":{"name":"(anonymous_1)","decl":{"start":{"line":2,"column":42},"end":{"line":2,"column":43}},"loc":{"start":{"line":2,"column":50},"end":{"line":8,"column":5}},"line":2},"2":{"name":"(anonymous_2)","decl":{"start":{"line":3,"column":27},"end":{"line":3,"column":28}},"loc":{"start":{"line":3,"column":38},"end":{"line":7,"column":9}},"line":3},"3":{"name":"(anonymous_3)","decl":{"start":{"line":4,"column":31},"end":{"line":4,"column":32}},"loc":{"start":{"line":4,"column":37},"end":{"line":6,"column":13}},"line":4},"4":{"name":"(anonymous_4)","decl":{"start":{"line":9,"column":36},"end":{"line":9,"column":37}},"loc":{"start":{"line":9,"column":42},"end":{"line":11,"column":5}},"line":9}},"branchMap":{},"s":{"0":2,"1":8,"2":8,"3":8,"4":2,"5":2,"6":1},"f":{"0":2,"1":8,"2":8,"3":8,"4":2},"b":{},"_coverageSchema":"1a1c01bbd47fc00a2c39e90264f33305004495a9","hash":"15b3581437efb327a40396667ce00cc31ff87da2"}
,"/opt/teamcity-agents/agent-001/work/2aea408c8ff24cbd/ns-async/src/eachSeries.js": {"path":"/opt/teamcity-agents/agent-001/work/2aea408c8ff24cbd/ns-async/src/eachSeries.js","statementMap":{"0":{"start":{"line":2,"column":20},"end":{"line":2,"column":44}},"1":{"start":{"line":3,"column":4},"end":{"line":9,"column":5}},"2":{"start":{"line":4,"column":8},"end":{"line":4,"column":16}},"3":{"start":{"line":6,"column":8},"end":{"line":8,"column":11}},"4":{"start":{"line":7,"column":12},"end":{"line":7,"column":89}},"5":{"start":{"line":7,"column":77},"end":{"line":7,"column":87}},"6":{"start":{"line":13,"column":4},"end":{"line":19,"column":5}},"7":{"start":{"line":14,"column":8},"end":{"line":14,"column":16}},"8":{"start":{"line":16,"column":8},"end":{"line":18,"column":11}},"9":{"start":{"line":17,"column":12},"end":{"line":17,"column":88}},"10":{"start":{"line":17,"column":76},"end":{"line":17,"column":86}},"11":{"start":{"line":23,"column":4},"end":{"line":27,"column":5}},"12":{"start":{"line":24,"column":8},"end":{"line":24,"column":65}},"13":{"start":{"line":26,"column":8},"end":{"line":26,"column":66}},"14":{"start":{"line":30,"column":0},"end":{"line":30,"column":28}}},"fnMap":{"0":{"name":"eachSeriesObject","decl":{"start":{"line":1,"column":9},"end":{"line":1,"column":25}},"loc":{"start":{"line":1,"column":71},"end":{"line":10,"column":1}},"line":1},"1":{"name":"(anonymous_1)","decl":{"start":{"line":6,"column":54},"end":{"line":6,"column":55}},"loc":{"start":{"line":6,"column":68},"end":{"line":8,"column":9}},"line":6},"2":{"name":"(anonymous_2)","decl":{"start":{"line":7,"column":71},"end":{"line":7,"column":72}},"loc":{"start":{"line":7,"column":77},"end":{"line":7,"column":87}},"line":7},"3":{"name":"eachSeriesArray","decl":{"start":{"line":12,"column":9},"end":{"line":12,"column":24}},"loc":{"start":{"line":12,"column":70},"end":{"line":20,"column":1}},"line":12},"4":{"name":"(anonymous_4)","decl":{"start":{"line":16,"column":45},"end":{"line":16,"column":46}},"loc":{"start":{"line":16,"column":59},"end":{"line":18,"column":9}},"line":16},"5":{"name":"(anonymous_5)","decl":{"start":{"line":17,"column":70},"end":{"line":17,"column":71}},"loc":{"start":{"line":17,"column":76},"end":{"line":17,"column":86}},"line":17},"6":{"name":"eachSeries","decl":{"start":{"line":22,"column":9},"end":{"line":22,"column":19}},"loc":{"start":{"line":22,"column":58},"end":{"line":28,"column":1}},"line":22}},"branchMap":{"0":{"loc":{"start":{"line":3,"column":4},"end":{"line":9,"column":5}},"type":"if","locations":[{"start":{"line":3,"column":4},"end":{"line":9,"column":5}},{"start":{"line":5,"column":11},"end":{"line":9,"column":5}}],"line":3},"1":{"loc":{"start":{"line":13,"column":4},"end":{"line":19,"column":5}},"type":"if","locations":[{"start":{"line":13,"column":4},"end":{"line":19,"column":5}},{"start":{"line":15,"column":11},"end":{"line":19,"column":5}}],"line":13},"2":{"loc":{"start":{"line":23,"column":4},"end":{"line":27,"column":5}},"type":"if","locations":[{"start":{"line":23,"column":4},"end":{"line":27,"column":5}},{"start":{"line":25,"column":11},"end":{"line":27,"column":5}}],"line":23}},"s":{"0":3,"1":3,"2":1,"3":2,"4":2,"5":2,"6":6,"7":1,"8":5,"9":5,"10":5,"11":2,"12":1,"13":1,"14":1},"f":{"0":3,"1":2,"2":2,"3":6,"4":5,"5":5,"6":2},"b":{"0":[1,2],"1":[1,5],"2":[1,1]},"_coverageSchema":"1a1c01bbd47fc00a2c39e90264f33305004495a9","hash":"c267719d94c6c8096a3be075d6cea3e6d6d7899e"}
,"/opt/teamcity-agents/agent-001/work/2aea408c8ff24cbd/ns-async/src/parallel.js": {"path":"/opt/teamcity-agents/agent-001/work/2aea408c8ff24cbd/ns-async/src/parallel.js","statementMap":{"0":{"start":{"line":2,"column":4},"end":{"line":13,"column":7}},"1":{"start":{"line":3,"column":33},"end":{"line":9,"column":10}},"2":{"start":{"line":4,"column":12},"end":{"line":8,"column":15}},"3":{"start":{"line":5,"column":16},"end":{"line":7,"column":19}},"4":{"start":{"line":6,"column":20},"end":{"line":6,"column":30}},"5":{"start":{"line":10,"column":8},"end":{"line":12,"column":11}},"6":{"start":{"line":11,"column":12},"end":{"line":11,"column":28}},"7":{"start":{"line":16,"column":0},"end":{"line":16,"column":26}}},"fnMap":{"0":{"name":"parallel","decl":{"start":{"line":1,"column":9},"end":{"line":1,"column":17}},"loc":{"start":{"line":1,"column":31},"end":{"line":14,"column":1}},"line":1},"1":{"name":"(anonymous_1)","decl":{"start":{"line":2,"column":23},"end":{"line":2,"column":24}},"loc":{"start":{"line":2,"column":40},"end":{"line":13,"column":5}},"line":2},"2":{"name":"(anonymous_2)","decl":{"start":{"line":3,"column":49},"end":{"line":3,"column":50}},"loc":{"start":{"line":3,"column":57},"end":{"line":9,"column":9}},"line":3},"3":{"name":"(anonymous_3)","decl":{"start":{"line":4,"column":31},"end":{"line":4,"column":32}},"loc":{"start":{"line":4,"column":42},"end":{"line":8,"column":13}},"line":4},"4":{"name":"(anonymous_4)","decl":{"start":{"line":5,"column":21},"end":{"line":5,"column":22}},"loc":{"start":{"line":5,"column":27},"end":{"line":7,"column":17}},"line":5},"5":{"name":"(anonymous_5)","decl":{"start":{"line":10,"column":43},"end":{"line":10,"column":44}},"loc":{"start":{"line":10,"column":49},"end":{"line":12,"column":9}},"line":10}},"branchMap":{},"s":{"0":1,"1":1,"2":2,"3":2,"4":2,"5":1,"6":1,"7":1},"f":{"0":1,"1":1,"2":2,"3":2,"4":2,"5":1},"b":{},"_coverageSchema":"1a1c01bbd47fc00a2c39e90264f33305004495a9","hash":"064cb6a8fb41a3320c76469a25a67fd581a60234"}
,"/opt/teamcity-agents/agent-001/work/2aea408c8ff24cbd/ns-async/src/series.js": {"path":"/opt/teamcity-agents/agent-001/work/2aea408c8ff24cbd/ns-async/src/series.js","statementMap":{"0":{"start":{"line":2,"column":4},"end":{"line":11,"column":5}},"1":{"start":{"line":3,"column":8},"end":{"line":3,"column":33}},"2":{"start":{"line":4,"column":11},"end":{"line":11,"column":5}},"3":{"start":{"line":5,"column":8},"end":{"line":5,"column":34}},"4":{"start":{"line":7,"column":8},"end":{"line":10,"column":11}},"5":{"start":{"line":8,"column":12},"end":{"line":8,"column":41}},"6":{"start":{"line":9,"column":12},"end":{"line":9,"column":71}},"7":{"start":{"line":14,"column":0},"end":{"line":14,"column":24}}},"fnMap":{"0":{"name":"series","decl":{"start":{"line":1,"column":9},"end":{"line":1,"column":15}},"loc":{"start":{"line":1,"column":78},"end":{"line":12,"column":1}},"line":1},"1":{"name":"(anonymous_1)","decl":{"start":{"line":7,"column":27},"end":{"line":7,"column":28}},"loc":{"start":{"line":7,"column":46},"end":{"line":10,"column":9}},"line":7}},"branchMap":{"0":{"loc":{"start":{"line":1,"column":36},"end":{"line":1,"column":45}},"type":"default-arg","locations":[{"start":{"line":1,"column":44},"end":{"line":1,"column":45}}],"line":1},"1":{"loc":{"start":{"line":1,"column":47},"end":{"line":1,"column":64}},"type":"default-arg","locations":[{"start":{"line":1,"column":62},"end":{"line":1,"column":64}}],"line":1},"2":{"loc":{"start":{"line":1,"column":66},"end":{"line":1,"column":76}},"type":"default-arg","locations":[{"start":{"line":1,"column":72},"end":{"line":1,"column":76}}],"line":1},"3":{"loc":{"start":{"line":2,"column":4},"end":{"line":11,"column":5}},"type":"if","locations":[{"start":{"line":2,"column":4},"end":{"line":11,"column":5}},{"start":{"line":4,"column":11},"end":{"line":11,"column":5}}],"line":2},"4":{"loc":{"start":{"line":4,"column":11},"end":{"line":11,"column":5}},"type":"if","locations":[{"start":{"line":4,"column":11},"end":{"line":11,"column":5}},{"start":{"line":6,"column":11},"end":{"line":11,"column":5}}],"line":4}},"s":{"0":6,"1":1,"2":5,"3":1,"4":4,"5":4,"6":4,"7":1},"f":{"0":6,"1":4},"b":{"0":[2],"1":[2],"2":[2],"3":[1,5],"4":[1,4]},"_coverageSchema":"1a1c01bbd47fc00a2c39e90264f33305004495a9","hash":"59754eb2921c3f7950a8cf3b8b13779ae30f705e"}
,"/opt/teamcity-agents/agent-001/work/2aea408c8ff24cbd/ns-async/src/waterfall.js": {"path":"/opt/teamcity-agents/agent-001/work/2aea408c8ff24cbd/ns-async/src/waterfall.js","statementMap":{"0":{"start":{"line":2,"column":17},"end":{"line":2,"column":20}},"1":{"start":{"line":5,"column":8},"end":{"line":5,"column":67}},"2":{"start":{"line":8,"column":4},"end":{"line":8,"column":77}},"3":{"start":{"line":11,"column":0},"end":{"line":11,"column":27}}},"fnMap":{"0":{"name":"waterfall","decl":{"start":{"line":1,"column":9},"end":{"line":1,"column":18}},"loc":{"start":{"line":1,"column":55},"end":{"line":9,"column":1}},"line":1},"1":{"name":"(anonymous_1)","decl":{"start":{"line":1,"column":34},"end":{"line":1,"column":35}},"loc":{"start":{"line":1,"column":45},"end":{"line":1,"column":47}},"line":1},"2":{"name":"innerCb","decl":{"start":{"line":3,"column":13},"end":{"line":3,"column":20}},"loc":{"start":{"line":3,"column":34},"end":{"line":6,"column":5}},"line":3}},"branchMap":{"0":{"loc":{"start":{"line":1,"column":19},"end":{"line":1,"column":27}},"type":"default-arg","locations":[{"start":{"line":1,"column":25},"end":{"line":1,"column":27}}],"line":1},"1":{"loc":{"start":{"line":1,"column":29},"end":{"line":1,"column":47}},"type":"default-arg","locations":[{"start":{"line":1,"column":34},"end":{"line":1,"column":47}}],"line":1},"2":{"loc":{"start":{"line":5,"column":15},"end":{"line":5,"column":66}},"type":"cond-expr","locations":[{"start":{"line":5,"column":21},"end":{"line":5,"column":28}},{"start":{"line":5,"column":31},"end":{"line":5,"column":66}}],"line":5},"3":{"loc":{"start":{"line":8,"column":11},"end":{"line":8,"column":76}},"type":"cond-expr","locations":[{"start":{"line":8,"column":16},"end":{"line":8,"column":59}},{"start":{"line":8,"column":62},"end":{"line":8,"column":76}}],"line":8},"4":{"loc":{"start":{"line":8,"column":23},"end":{"line":8,"column":57}},"type":"cond-expr","locations":[{"start":{"line":8,"column":30},"end":{"line":8,"column":45}},{"start":{"line":8,"column":48},"end":{"line":8,"column":57}}],"line":8}},"s":{"0":12,"1":7,"2":12,"3":1},"f":{"0":12,"1":1,"2":7},"b":{"0":[1],"1":[1],"2":[1,6],"3":[7,5],"4":[3,4]},"_coverageSchema":"1a1c01bbd47fc00a2c39e90264f33305004495a9","hash":"9e4a3e8f79df97bd797807e9ef7413dab657a442"}
}
