{"/opt/teamcity-agents/agent-001/work/2aea408c8ff24cbd/ns-logs/index.js": {"path":"/opt/teamcity-agents/agent-001/work/2aea408c8ff24cbd/ns-logs/index.js","statementMap":{"0":{"start":{"line":1,"column":14},"end":{"line":8,"column":1}},"1":{"start":{"line":10,"column":18},"end":{"line":10,"column":67}},"2":{"start":{"line":10,"column":39},"end":{"line":10,"column":67}},"3":{"start":{"line":11,"column":13},"end":{"line":11,"column":49}},"4":{"start":{"line":11,"column":21},"end":{"line":11,"column":49}},"5":{"start":{"line":13,"column":12},"end":{"line":13,"column":56}},"6":{"start":{"line":13,"column":20},"end":{"line":13,"column":55}},"7":{"start":{"line":15,"column":12},"end":{"line":23,"column":1}},"8":{"start":{"line":16,"column":18},"end":{"line":16,"column":28}},"9":{"start":{"line":17,"column":4},"end":{"line":22,"column":6}},"10":{"start":{"line":25,"column":0},"end":{"line":31,"column":2}}},"fnMap":{"0":{"name":"(anonymous_0)","decl":{"start":{"line":10,"column":18},"end":{"line":10,"column":19}},"loc":{"start":{"line":10,"column":39},"end":{"line":10,"column":67}},"line":10},"1":{"name":"(anonymous_1)","decl":{"start":{"line":11,"column":13},"end":{"line":11,"column":14}},"loc":{"start":{"line":11,"column":21},"end":{"line":11,"column":49}},"line":11},"2":{"name":"(anonymous_2)","decl":{"start":{"line":13,"column":12},"end":{"line":13,"column":13}},"loc":{"start":{"line":13,"column":20},"end":{"line":13,"column":55}},"line":13},"3":{"name":"(anonymous_3)","decl":{"start":{"line":15,"column":12},"end":{"line":15,"column":13}},"loc":{"start":{"line":15,"column":23},"end":{"line":23,"column":1}},"line":15}},"branchMap":{"0":{"loc":{"start":{"line":13,"column":20},"end":{"line":13,"column":55}},"type":"cond-expr","locations":[{"start":{"line":13,"column":32},"end":{"line":13,"column":43}},{"start":{"line":13,"column":46},"end":{"line":13,"column":55}}],"line":13}},"s":{"0":1,"1":1,"2":1,"3":1,"4":1,"5":1,"6":6,"7":1,"8":1,"9":1,"10":1},"f":{"0":1,"1":1,"2":6,"3":1},"b":{"0":[4,2]},"inputSourceMap":null,"_coverageSchema":"1a1c01bbd47fc00a2c39e90264f33305004495a9","hash":"6c3e53c6abb5cfbc8df4f1826d0f26957e0e67c6"}
}
