<?xml version="1.0" encoding="UTF-8"?>
<coverage generated="1724770820062" clover="3.2.0">
  <project timestamp="1724770820062" name="All files">
    <metrics statements="206" coveredstatements="167" conditionals="136" coveredconditionals="90" methods="24" coveredmethods="19" elements="366" coveredelements="276" complexity="0" loc="206" ncloc="206" packages="1" files="1" classes="1"/>
    <file name="module-loader.js" path="/opt/teamcity-agents/agent-001/work/2aea408c8ff24cbd/module-loader/module-loader.js">
      <metrics statements="206" coveredstatements="167" conditionals="136" coveredconditionals="90" methods="24" coveredmethods="19"/>
      <line num="3" count="1" type="stmt"/>
      <line num="5" count="28" type="stmt"/>
      <line num="7" count="28" type="stmt"/>
      <line num="8" count="28" type="stmt"/>
      <line num="9" count="28" type="stmt"/>
      <line num="10" count="28" type="stmt"/>
      <line num="11" count="28" type="stmt"/>
      <line num="12" count="28" type="stmt"/>
      <line num="14" count="28" type="stmt"/>
      <line num="16" count="28" type="stmt"/>
      <line num="17" count="39" type="cond" truecount="2" falsecount="0"/>
      <line num="18" count="15" type="stmt"/>
      <line num="20" count="24" type="stmt"/>
      <line num="24" count="24" type="stmt"/>
      <line num="28" count="28" type="stmt"/>
      <line num="30" count="28" type="stmt"/>
      <line num="31" count="1" type="cond" truecount="3" falsecount="1"/>
      <line num="32" count="1" type="stmt"/>
      <line num="35" count="1" type="stmt"/>
      <line num="38" count="28" type="stmt"/>
      <line num="40" count="28" type="stmt"/>
      <line num="41" count="52" type="cond" truecount="2" falsecount="0"/>
      <line num="42" count="1" type="stmt"/>
      <line num="43" count="1" type="stmt"/>
      <line num="44" count="1" type="stmt"/>
      <line num="47" count="52" type="cond" truecount="2" falsecount="0"/>
      <line num="48" count="23" type="stmt"/>
      <line num="49" count="23" type="stmt"/>
      <line num="52" count="52" type="cond" truecount="2" falsecount="0"/>
      <line num="53" count="1" type="stmt"/>
      <line num="54" count="1" type="cond" truecount="1" falsecount="1"/>
      <line num="55" count="1" type="stmt"/>
      <line num="59" count="52" type="stmt"/>
      <line num="60" count="52" type="cond" truecount="1" falsecount="1"/>
      <line num="65" count="0" type="stmt"/>
      <line num="66" count="0" type="stmt"/>
      <line num="69" count="52" type="cond" truecount="1" falsecount="1"/>
      <line num="70" count="52" type="cond" truecount="2" falsecount="2"/>
      <line num="71" count="0" type="stmt"/>
      <line num="76" count="52" type="cond" truecount="1" falsecount="1"/>
      <line num="77" count="52" type="stmt"/>
      <line num="86" count="28" type="stmt"/>
      <line num="88" count="28" type="stmt"/>
      <line num="89" count="28" type="stmt"/>
      <line num="91" count="28" type="stmt"/>
      <line num="92" count="24" type="stmt"/>
      <line num="95" count="28" type="stmt"/>
      <line num="96" count="1" type="cond" truecount="1" falsecount="1"/>
      <line num="97" count="1" type="stmt"/>
      <line num="100" count="0" type="cond" truecount="0" falsecount="4"/>
      <line num="101" count="0" type="stmt"/>
      <line num="104" count="0" type="cond" truecount="0" falsecount="2"/>
      <line num="105" count="0" type="stmt"/>
      <line num="106" count="0" type="stmt"/>
      <line num="109" count="0" type="stmt"/>
      <line num="110" count="0" type="cond" truecount="0" falsecount="2"/>
      <line num="111" count="0" type="stmt"/>
      <line num="112" count="0" type="stmt"/>
      <line num="116" count="0" type="stmt"/>
      <line num="119" count="28" type="stmt"/>
      <line num="120" count="0" type="stmt"/>
      <line num="123" count="28" type="stmt"/>
      <line num="124" count="0" type="cond" truecount="0" falsecount="2"/>
      <line num="125" count="0" type="stmt"/>
      <line num="126" count="0" type="cond" truecount="0" falsecount="2"/>
      <line num="130" count="28" type="stmt"/>
      <line num="131" count="98" type="cond" truecount="1" falsecount="1"/>
      <line num="137" count="0" type="stmt"/>
      <line num="138" count="98" type="cond" truecount="1" falsecount="1"/>
      <line num="143" count="0" type="stmt"/>
      <line num="145" count="98" type="stmt"/>
      <line num="149" count="28" type="stmt"/>
      <line num="150" count="36" type="stmt"/>
      <line num="151" count="37" type="stmt"/>
      <line num="153" count="37" type="cond" truecount="2" falsecount="0"/>
      <line num="154" count="1" type="stmt"/>
      <line num="156" count="1" type="stmt"/>
      <line num="157" count="36" type="cond" truecount="2" falsecount="0"/>
      <line num="163" count="11" type="stmt"/>
      <line num="164" count="11" type="stmt"/>
      <line num="165" count="25" type="cond" truecount="3" falsecount="1"/>
      <line num="166" count="0" type="stmt"/>
      <line num="168" count="0" type="cond" truecount="0" falsecount="2"/>
      <line num="169" count="0" type="stmt"/>
      <line num="170" count="0" type="stmt"/>
      <line num="171" count="0" type="stmt"/>
      <line num="176" count="36" type="cond" truecount="2" falsecount="0"/>
      <line num="178" count="20" type="stmt"/>
      <line num="179" count="20" type="stmt"/>
      <line num="180" count="20" type="stmt"/>
      <line num="181" count="19" type="stmt"/>
      <line num="186" count="28" type="stmt"/>
      <line num="187" count="11" type="cond" truecount="2" falsecount="0"/>
      <line num="188" count="11" type="cond" truecount="4" falsecount="0"/>
      <line num="189" count="1" type="stmt"/>
      <line num="191" count="10" type="stmt"/>
      <line num="194" count="11" type="cond" truecount="2" falsecount="0"/>
      <line num="195" count="10" type="stmt"/>
      <line num="198" count="11" type="stmt"/>
      <line num="199" count="11" type="stmt"/>
      <line num="200" count="11" type="stmt"/>
      <line num="201" count="11" type="stmt"/>
      <line num="202" count="11" type="stmt"/>
      <line num="205" count="11" type="cond" truecount="1" falsecount="1"/>
      <line num="206" count="11" type="stmt"/>
      <line num="209" count="11" type="stmt"/>
      <line num="210" count="11" type="stmt"/>
      <line num="211" count="11" type="stmt"/>
      <line num="212" count="11" type="cond" truecount="2" falsecount="0"/>
      <line num="214" count="5" type="stmt"/>
      <line num="215" count="5" type="stmt"/>
      <line num="216" count="5" type="stmt"/>
      <line num="217" count="5" type="stmt"/>
      <line num="223" count="0" type="stmt"/>
      <line num="224" count="0" type="stmt"/>
      <line num="226" count="0" type="cond" truecount="0" falsecount="2"/>
      <line num="227" count="0" type="stmt"/>
      <line num="231" count="11" type="stmt"/>
      <line num="232" count="11" type="stmt"/>
      <line num="233" count="11" type="stmt"/>
      <line num="235" count="11" type="stmt"/>
      <line num="237" count="11" type="stmt"/>
      <line num="239" count="11" type="stmt"/>
      <line num="242" count="28" type="stmt"/>
      <line num="243" count="24" type="stmt"/>
      <line num="245" count="24" type="stmt"/>
      <line num="246" count="25" type="stmt"/>
      <line num="251" count="24" type="stmt"/>
      <line num="254" count="28" type="stmt"/>
      <line num="255" count="58" type="cond" truecount="2" falsecount="0"/>
      <line num="256" count="56" type="cond" truecount="2" falsecount="0"/>
      <line num="257" count="4" type="stmt"/>
      <line num="260" count="52" type="stmt"/>
      <line num="261" count="52" type="stmt"/>
      <line num="263" count="52" type="stmt"/>
      <line num="264" count="36" type="stmt"/>
      <line num="266" count="36" type="cond" truecount="2" falsecount="0"/>
      <line num="267" count="10" type="stmt"/>
      <line num="268" count="10" type="stmt"/>
      <line num="269" count="26" type="cond" truecount="2" falsecount="0"/>
      <line num="270" count="4" type="stmt"/>
      <line num="271" count="22" type="cond" truecount="2" falsecount="0"/>
      <line num="273" count="4" type="stmt"/>
      <line num="274" count="18" type="cond" truecount="2" falsecount="0"/>
      <line num="275" count="2" type="stmt"/>
      <line num="277" count="2" type="stmt"/>
      <line num="278" count="2" type="stmt"/>
      <line num="280" count="2" type="stmt"/>
      <line num="281" count="2" type="stmt"/>
      <line num="283" count="2" type="stmt"/>
      <line num="285" count="2" type="stmt"/>
      <line num="289" count="2" type="stmt"/>
      <line num="294" count="2" type="stmt"/>
      <line num="296" count="16" type="stmt"/>
      <line num="297" count="16" type="stmt"/>
      <line num="298" count="16" type="stmt"/>
      <line num="302" count="51" type="stmt"/>
      <line num="304" count="51" type="cond" truecount="1" falsecount="1"/>
      <line num="305" count="0" type="stmt"/>
      <line num="308" count="51" type="stmt"/>
      <line num="310" count="51" type="cond" truecount="2" falsecount="0"/>
      <line num="311" count="43" type="stmt"/>
      <line num="314" count="51" type="stmt"/>
      <line num="316" count="51" type="stmt"/>
      <line num="318" count="2" type="cond" truecount="2" falsecount="0"/>
      <line num="319" count="1" type="stmt"/>
      <line num="322" count="1" type="stmt"/>
      <line num="326" count="28" type="stmt"/>
      <line num="327" count="43" type="stmt"/>
      <line num="329" count="43" type="stmt"/>
      <line num="330" count="29" type="stmt"/>
      <line num="333" count="43" type="stmt"/>
      <line num="336" count="28" type="stmt"/>
      <line num="337" count="1" type="cond" truecount="3" falsecount="1"/>
      <line num="338" count="0" type="stmt"/>
      <line num="341" count="1" type="stmt"/>
      <line num="342" count="2" type="cond" truecount="1" falsecount="1"/>
      <line num="343" count="0" type="stmt"/>
      <line num="345" count="2" type="stmt"/>
      <line num="349" count="1" type="stmt"/>
      <line num="352" count="28" type="stmt"/>
      <line num="353" count="0" type="cond" truecount="0" falsecount="4"/>
      <line num="354" count="0" type="stmt"/>
      <line num="355" count="0" type="stmt"/>
      <line num="366" count="28" type="stmt"/>
      <line num="367" count="6" type="cond" truecount="2" falsecount="0"/>
      <line num="368" count="5" type="stmt"/>
      <line num="369" count="5" type="stmt"/>
      <line num="371" count="1" type="stmt"/>
      <line num="372" count="1" type="cond" truecount="2" falsecount="2"/>
      <line num="373" count="1" type="stmt"/>
      <line num="375" count="0" type="stmt"/>
      <line num="379" count="28" type="stmt"/>
      <line num="380" count="51" type="cond" truecount="5" falsecount="0"/>
      <line num="383" count="1" type="stmt"/>
      <line num="384" count="4" type="cond" truecount="4" falsecount="0"/>
      <line num="385" count="3" type="stmt"/>
      <line num="388" count="50" type="cond" truecount="2" falsecount="0"/>
      <line num="389" count="3" type="stmt"/>
      <line num="394" count="1" type="cond" truecount="3" falsecount="0"/>
      <line num="396" count="1" type="cond" truecount="1" falsecount="1"/>
      <line num="397" count="1" type="stmt"/>
      <line num="399" count="0" type="stmt"/>
      <line num="400" count="0" type="stmt"/>
      <line num="401" count="0" type="stmt"/>
      <line num="402" count="0" type="stmt"/>
    </file>
  </project>
</coverage>
