TN:
SF:async.js
FNF:0
FNH:0
DA:1,1
DA:2,1
DA:3,1
DA:4,1
DA:5,1
DA:6,1
DA:8,1
LF:7
LH:7
BRF:0
BRH:0
end_of_record
TN:
SF:src/doUntil.js
FN:1,doUntil
FN:2,(anonymous_1)
FNF:2
FNH:2
FNDA:4,doUntil
FNDA:4,(anonymous_1)
DA:2,4
DA:3,4
DA:4,4
DA:5,1
DA:7,3
DA:12,1
LF:6
LH:6
BRDA:4,0,0,1
BRDA:4,0,1,3
BRF:2
BRH:2
end_of_record
TN:
SF:src/each.js
FN:1,each
FN:2,(anonymous_1)
FN:3,(anonymous_2)
FN:4,(anonymous_3)
FN:9,(anonymous_4)
FNF:5
FNH:5
FNDA:2,each
FNDA:8,(anonymous_1)
FNDA:8,(anonymous_2)
FNDA:8,(anonymous_3)
FNDA:2,(anonymous_4)
DA:2,2
DA:3,8
DA:4,8
DA:5,8
DA:9,2
DA:10,2
DA:14,1
LF:7
LH:7
BRF:0
BRH:0
end_of_record
TN:
SF:src/eachSeries.js
FN:1,eachSeriesObject
FN:6,(anonymous_1)
FN:7,(anonymous_2)
FN:12,eachSeriesArray
FN:16,(anonymous_4)
FN:17,(anonymous_5)
FN:22,eachSeries
FNF:7
FNH:7
FNDA:3,eachSeriesObject
FNDA:2,(anonymous_1)
FNDA:2,(anonymous_2)
FNDA:6,eachSeriesArray
FNDA:5,(anonymous_4)
FNDA:5,(anonymous_5)
FNDA:2,eachSeries
DA:2,3
DA:3,3
DA:4,1
DA:6,2
DA:7,2
DA:13,6
DA:14,1
DA:16,5
DA:17,5
DA:23,2
DA:24,1
DA:26,1
DA:30,1
LF:13
LH:13
BRDA:3,0,0,1
BRDA:3,0,1,2
BRDA:13,1,0,1
BRDA:13,1,1,5
BRDA:23,2,0,1
BRDA:23,2,1,1
BRF:6
BRH:6
end_of_record
TN:
SF:src/parallel.js
FN:1,parallel
FN:2,(anonymous_1)
FN:3,(anonymous_2)
FN:4,(anonymous_3)
FN:5,(anonymous_4)
FN:10,(anonymous_5)
FNF:6
FNH:6
FNDA:1,parallel
FNDA:1,(anonymous_1)
FNDA:2,(anonymous_2)
FNDA:2,(anonymous_3)
FNDA:2,(anonymous_4)
FNDA:1,(anonymous_5)
DA:2,1
DA:3,1
DA:4,2
DA:5,2
DA:6,2
DA:10,1
DA:11,1
DA:16,1
LF:8
LH:8
BRF:0
BRH:0
end_of_record
TN:
SF:src/series.js
FN:1,series
FN:7,(anonymous_1)
FNF:2
FNH:2
FNDA:6,series
FNDA:4,(anonymous_1)
DA:2,6
DA:3,1
DA:4,5
DA:5,1
DA:7,4
DA:8,4
DA:9,4
DA:14,1
LF:8
LH:8
BRDA:1,0,0,2
BRDA:1,1,0,2
BRDA:1,2,0,2
BRDA:2,3,0,1
BRDA:2,3,1,5
BRDA:4,4,0,1
BRDA:4,4,1,4
BRF:7
BRH:7
end_of_record
TN:
SF:src/waterfall.js
FN:1,waterfall
FN:1,(anonymous_1)
FN:3,innerCb
FNF:3
FNH:3
FNDA:12,waterfall
FNDA:1,(anonymous_1)
FNDA:7,innerCb
DA:2,12
DA:5,7
DA:8,12
DA:11,1
LF:4
LH:4
BRDA:1,0,0,1
BRDA:1,1,0,1
BRDA:5,2,0,1
BRDA:5,2,1,6
BRDA:8,3,0,7
BRDA:8,3,1,5
BRDA:8,4,0,3
BRDA:8,4,1,4
BRF:8
BRH:8
end_of_record
