{"/opt/teamcity-agents/agent-001/work/2aea408c8ff24cbd/ns-args/index.js": {"path":"/opt/teamcity-agents/agent-001/work/2aea408c8ff24cbd/ns-args/index.js","statementMap":{"0":{"start":{"line":1,"column":13},"end":{"line":1,"column":34}},"1":{"start":{"line":2,"column":20},"end":{"line":2,"column":22}},"2":{"start":{"line":6,"column":25},"end":{"line":6,"column":29}},"3":{"start":{"line":7,"column":30},"end":{"line":7,"column":33}},"4":{"start":{"line":8,"column":27},"end":{"line":8,"column":47}},"5":{"start":{"line":9,"column":4},"end":{"line":30,"column":5}},"6":{"start":{"line":10,"column":8},"end":{"line":28,"column":9}},"7":{"start":{"line":10,"column":21},"end":{"line":10,"column":22}},"8":{"start":{"line":11,"column":12},"end":{"line":27,"column":13}},"9":{"start":{"line":14,"column":16},"end":{"line":20,"column":17}},"10":{"start":{"line":15,"column":20},"end":{"line":15,"column":79}},"11":{"start":{"line":16,"column":23},"end":{"line":20,"column":17}},"12":{"start":{"line":17,"column":20},"end":{"line":17,"column":76}},"13":{"start":{"line":19,"column":20},"end":{"line":19,"column":81}},"14":{"start":{"line":21,"column":19},"end":{"line":27,"column":13}},"15":{"start":{"line":22,"column":16},"end":{"line":26,"column":17}},"16":{"start":{"line":23,"column":20},"end":{"line":23,"column":83}},"17":{"start":{"line":24,"column":23},"end":{"line":26,"column":17}},"18":{"start":{"line":25,"column":20},"end":{"line":25,"column":88}},"19":{"start":{"line":29,"column":8},"end":{"line":29,"column":51}},"20":{"start":{"line":31,"column":4},"end":{"line":31,"column":39}},"21":{"start":{"line":32,"column":4},"end":{"line":32,"column":36}},"22":{"start":{"line":36,"column":4},"end":{"line":36,"column":25}},"23":{"start":{"line":40,"column":19},"end":{"line":40,"column":45}},"24":{"start":{"line":42,"column":21},"end":{"line":44,"column":6}},"25":{"start":{"line":43,"column":8},"end":{"line":43,"column":36}},"26":{"start":{"line":45,"column":4},"end":{"line":47,"column":5}},"27":{"start":{"line":45,"column":17},"end":{"line":45,"column":18}},"28":{"start":{"line":46,"column":8},"end":{"line":46,"column":81}},"29":{"start":{"line":49,"column":26},"end":{"line":51,"column":6}},"30":{"start":{"line":50,"column":8},"end":{"line":50,"column":33}},"31":{"start":{"line":52,"column":4},"end":{"line":54,"column":5}},"32":{"start":{"line":52,"column":17},"end":{"line":52,"column":18}},"33":{"start":{"line":53,"column":8},"end":{"line":53,"column":91}},"34":{"start":{"line":58,"column":19},"end":{"line":58,"column":45}},"35":{"start":{"line":59,"column":21},"end":{"line":61,"column":6}},"36":{"start":{"line":60,"column":8},"end":{"line":60,"column":39}},"37":{"start":{"line":62,"column":4},"end":{"line":68,"column":5}},"38":{"start":{"line":62,"column":17},"end":{"line":62,"column":18}},"39":{"start":{"line":63,"column":8},"end":{"line":66,"column":10}},"40":{"start":{"line":67,"column":8},"end":{"line":67,"column":42}},"41":{"start":{"line":74,"column":4},"end":{"line":76,"column":7}},"42":{"start":{"line":75,"column":8},"end":{"line":75,"column":36}},"43":{"start":{"line":82,"column":4},"end":{"line":84,"column":7}},"44":{"start":{"line":83,"column":8},"end":{"line":83,"column":37}},"45":{"start":{"line":90,"column":23},"end":{"line":90,"column":25}},"46":{"start":{"line":91,"column":20},"end":{"line":91,"column":30}},"47":{"start":{"line":92,"column":4},"end":{"line":94,"column":7}},"48":{"start":{"line":93,"column":8},"end":{"line":93,"column":71}},"49":{"start":{"line":95,"column":4},"end":{"line":95,"column":22}},"50":{"start":{"line":99,"column":4},"end":{"line":99,"column":68}},"51":{"start":{"line":105,"column":4},"end":{"line":107,"column":5}},"52":{"start":{"line":106,"column":8},"end":{"line":106,"column":22}},"53":{"start":{"line":108,"column":19},"end":{"line":108,"column":34}},"54":{"start":{"line":109,"column":4},"end":{"line":120,"column":5}},"55":{"start":{"line":110,"column":8},"end":{"line":119,"column":9}},"56":{"start":{"line":111,"column":12},"end":{"line":118,"column":13}},"57":{"start":{"line":112,"column":16},"end":{"line":114,"column":17}},"58":{"start":{"line":113,"column":20},"end":{"line":113,"column":57}},"59":{"start":{"line":115,"column":16},"end":{"line":115,"column":52}},"60":{"start":{"line":117,"column":16},"end":{"line":117,"column":62}},"61":{"start":{"line":121,"column":4},"end":{"line":121,"column":41}},"62":{"start":{"line":126,"column":18},"end":{"line":126,"column":20}},"63":{"start":{"line":127,"column":4},"end":{"line":127,"column":25}},"64":{"start":{"line":128,"column":4},"end":{"line":132,"column":5}},"65":{"start":{"line":129,"column":8},"end":{"line":129,"column":46}},"66":{"start":{"line":131,"column":8},"end":{"line":131,"column":34}},"67":{"start":{"line":133,"column":30},"end":{"line":135,"column":6}},"68":{"start":{"line":134,"column":8},"end":{"line":134,"column":37}},"69":{"start":{"line":137,"column":21},"end":{"line":139,"column":6}},"70":{"start":{"line":138,"column":8},"end":{"line":138,"column":45}},"71":{"start":{"line":141,"column":4},"end":{"line":148,"column":5}},"72":{"start":{"line":142,"column":8},"end":{"line":144,"column":9}},"73":{"start":{"line":142,"column":21},"end":{"line":142,"column":22}},"74":{"start":{"line":143,"column":12},"end":{"line":143,"column":64}},"75":{"start":{"line":146,"column":8},"end":{"line":146,"column":43}},"76":{"start":{"line":147,"column":8},"end":{"line":147,"column":40}},"77":{"start":{"line":153,"column":4},"end":{"line":153,"column":46}},"78":{"start":{"line":154,"column":4},"end":{"line":154,"column":39}},"79":{"start":{"line":155,"column":4},"end":{"line":155,"column":36}},"80":{"start":{"line":158,"column":0},"end":{"line":158,"column":20}},"81":{"start":{"line":160,"column":0},"end":{"line":164,"column":1}}},"fnMap":{"0":{"name":"initProcessedArgs","decl":{"start":{"line":5,"column":9},"end":{"line":5,"column":26}},"loc":{"start":{"line":5,"column":29},"end":{"line":33,"column":1}},"line":5},"1":{"name":"argv","decl":{"start":{"line":35,"column":9},"end":{"line":35,"column":13}},"loc":{"start":{"line":35,"column":16},"end":{"line":37,"column":1}},"line":35},"2":{"name":"convertParamsWithDashToCamelCase","decl":{"start":{"line":39,"column":9},"end":{"line":39,"column":41}},"loc":{"start":{"line":39,"column":44},"end":{"line":55,"column":1}},"line":39},"3":{"name":"(anonymous_3)","decl":{"start":{"line":42,"column":35},"end":{"line":42,"column":36}},"loc":{"start":{"line":42,"column":49},"end":{"line":44,"column":5}},"line":42},"4":{"name":"(anonymous_4)","decl":{"start":{"line":49,"column":40},"end":{"line":49,"column":41}},"loc":{"start":{"line":49,"column":54},"end":{"line":51,"column":5}},"line":49},"5":{"name":"convertParamsWithDotsToObject","decl":{"start":{"line":57,"column":9},"end":{"line":57,"column":38}},"loc":{"start":{"line":57,"column":41},"end":{"line":69,"column":1}},"line":57},"6":{"name":"(anonymous_6)","decl":{"start":{"line":59,"column":35},"end":{"line":59,"column":36}},"loc":{"start":{"line":59,"column":49},"end":{"line":61,"column":5}},"line":59},"7":{"name":"dashToCamelCase","decl":{"start":{"line":73,"column":9},"end":{"line":73,"column":24}},"loc":{"start":{"line":73,"column":32},"end":{"line":77,"column":1}},"line":73},"8":{"name":"(anonymous_8)","decl":{"start":{"line":74,"column":48},"end":{"line":74,"column":49}},"loc":{"start":{"line":74,"column":72},"end":{"line":76,"column":5}},"line":74},"9":{"name":"camelCaseToDash","decl":{"start":{"line":81,"column":9},"end":{"line":81,"column":24}},"loc":{"start":{"line":81,"column":32},"end":{"line":85,"column":1}},"line":81},"10":{"name":"(anonymous_10)","decl":{"start":{"line":82,"column":35},"end":{"line":82,"column":36}},"loc":{"start":{"line":82,"column":47},"end":{"line":84,"column":5}},"line":82},"11":{"name":"valueToObject","decl":{"start":{"line":89,"column":9},"end":{"line":89,"column":22}},"loc":{"start":{"line":89,"column":36},"end":{"line":96,"column":1}},"line":89},"12":{"name":"(anonymous_12)","decl":{"start":{"line":92,"column":24},"end":{"line":92,"column":25}},"loc":{"start":{"line":92,"column":42},"end":{"line":94,"column":5}},"line":92},"13":{"name":"isObject","decl":{"start":{"line":98,"column":9},"end":{"line":98,"column":17}},"loc":{"start":{"line":98,"column":24},"end":{"line":100,"column":1}},"line":98},"14":{"name":"mergeDeep","decl":{"start":{"line":104,"column":9},"end":{"line":104,"column":18}},"loc":{"start":{"line":104,"column":39},"end":{"line":122,"column":1}},"line":104},"15":{"name":"option","decl":{"start":{"line":125,"column":9},"end":{"line":125,"column":15}},"loc":{"start":{"line":125,"column":31},"end":{"line":149,"column":1}},"line":125},"16":{"name":"(anonymous_16)","decl":{"start":{"line":133,"column":64},"end":{"line":133,"column":65}},"loc":{"start":{"line":133,"column":78},"end":{"line":135,"column":5}},"line":133},"17":{"name":"(anonymous_17)","decl":{"start":{"line":137,"column":44},"end":{"line":137,"column":45}},"loc":{"start":{"line":137,"column":60},"end":{"line":139,"column":5}},"line":137},"18":{"name":"addHiddenParam","decl":{"start":{"line":152,"column":9},"end":{"line":152,"column":23}},"loc":{"start":{"line":152,"column":43},"end":{"line":156,"column":1}},"line":152}},"branchMap":{"0":{"loc":{"start":{"line":9,"column":4},"end":{"line":30,"column":5}},"type":"if","locations":[{"start":{"line":9,"column":4},"end":{"line":30,"column":5}},{"start":{},"end":{}}],"line":9},"1":{"loc":{"start":{"line":11,"column":12},"end":{"line":27,"column":13}},"type":"if","locations":[{"start":{"line":11,"column":12},"end":{"line":27,"column":13}},{"start":{"line":21,"column":19},"end":{"line":27,"column":13}}],"line":11},"2":{"loc":{"start":{"line":11,"column":16},"end":{"line":12,"column":79}},"type":"binary-expr","locations":[{"start":{"line":11,"column":16},"end":{"line":11,"column":48}},{"start":{"line":12,"column":17},"end":{"line":12,"column":54}},{"start":{"line":12,"column":58},"end":{"line":12,"column":78}}],"line":11},"3":{"loc":{"start":{"line":14,"column":16},"end":{"line":20,"column":17}},"type":"if","locations":[{"start":{"line":14,"column":16},"end":{"line":20,"column":17}},{"start":{"line":16,"column":23},"end":{"line":20,"column":17}}],"line":14},"4":{"loc":{"start":{"line":16,"column":23},"end":{"line":20,"column":17}},"type":"if","locations":[{"start":{"line":16,"column":23},"end":{"line":20,"column":17}},{"start":{"line":18,"column":23},"end":{"line":20,"column":17}}],"line":16},"5":{"loc":{"start":{"line":21,"column":19},"end":{"line":27,"column":13}},"type":"if","locations":[{"start":{"line":21,"column":19},"end":{"line":27,"column":13}},{"start":{},"end":{}}],"line":21},"6":{"loc":{"start":{"line":22,"column":16},"end":{"line":26,"column":17}},"type":"if","locations":[{"start":{"line":22,"column":16},"end":{"line":26,"column":17}},{"start":{"line":24,"column":23},"end":{"line":26,"column":17}}],"line":22},"7":{"loc":{"start":{"line":24,"column":23},"end":{"line":26,"column":17}},"type":"if","locations":[{"start":{"line":24,"column":23},"end":{"line":26,"column":17}},{"start":{},"end":{}}],"line":24},"8":{"loc":{"start":{"line":93,"column":35},"end":{"line":93,"column":70}},"type":"cond-expr","locations":[{"start":{"line":93,"column":60},"end":{"line":93,"column":65}},{"start":{"line":93,"column":68},"end":{"line":93,"column":70}}],"line":93},"9":{"loc":{"start":{"line":99,"column":11},"end":{"line":99,"column":67}},"type":"binary-expr","locations":[{"start":{"line":99,"column":11},"end":{"line":99,"column":15}},{"start":{"line":99,"column":19},"end":{"line":99,"column":43}},{"start":{"line":99,"column":47},"end":{"line":99,"column":67}}],"line":99},"10":{"loc":{"start":{"line":105,"column":4},"end":{"line":107,"column":5}},"type":"if","locations":[{"start":{"line":105,"column":4},"end":{"line":107,"column":5}},{"start":{},"end":{}}],"line":105},"11":{"loc":{"start":{"line":109,"column":4},"end":{"line":120,"column":5}},"type":"if","locations":[{"start":{"line":109,"column":4},"end":{"line":120,"column":5}},{"start":{},"end":{}}],"line":109},"12":{"loc":{"start":{"line":109,"column":8},"end":{"line":109,"column":44}},"type":"binary-expr","locations":[{"start":{"line":109,"column":8},"end":{"line":109,"column":24}},{"start":{"line":109,"column":28},"end":{"line":109,"column":44}}],"line":109},"13":{"loc":{"start":{"line":111,"column":12},"end":{"line":118,"column":13}},"type":"if","locations":[{"start":{"line":111,"column":12},"end":{"line":118,"column":13}},{"start":{"line":116,"column":19},"end":{"line":118,"column":13}}],"line":111},"14":{"loc":{"start":{"line":112,"column":16},"end":{"line":114,"column":17}},"type":"if","locations":[{"start":{"line":112,"column":16},"end":{"line":114,"column":17}},{"start":{},"end":{}}],"line":112},"15":{"loc":{"start":{"line":128,"column":4},"end":{"line":132,"column":5}},"type":"if","locations":[{"start":{"line":128,"column":4},"end":{"line":132,"column":5}},{"start":{"line":130,"column":11},"end":{"line":132,"column":5}}],"line":128},"16":{"loc":{"start":{"line":141,"column":4},"end":{"line":148,"column":5}},"type":"if","locations":[{"start":{"line":141,"column":4},"end":{"line":148,"column":5}},{"start":{},"end":{}}],"line":141},"17":{"loc":{"start":{"line":153,"column":29},"end":{"line":153,"column":45}},"type":"binary-expr","locations":[{"start":{"line":153,"column":29},"end":{"line":153,"column":37}},{"start":{"line":153,"column":41},"end":{"line":153,"column":45}}],"line":153}},"s":{"0":1,"1":1,"2":1,"3":1,"4":1,"5":1,"6":1,"7":1,"8":14,"9":8,"10":1,"11":7,"12":6,"13":1,"14":6,"15":5,"16":4,"17":1,"18":1,"19":1,"20":1,"21":1,"22":3,"23":4,"24":4,"25":67,"26":4,"27":4,"28":18,"29":4,"30":67,"31":4,"32":4,"33":22,"34":4,"35":4,"36":75,"37":4,"38":4,"39":3,"40":3,"41":18,"42":28,"43":22,"44":31,"45":3,"46":3,"47":3,"48":6,"49":3,"50":18,"51":12,"52":6,"53":6,"54":6,"55":6,"56":6,"57":3,"58":3,"59":3,"60":3,"61":6,"62":1,"63":1,"64":1,"65":1,"66":0,"67":1,"68":12,"69":1,"70":1,"71":1,"72":1,"73":1,"74":5,"75":1,"76":1,"77":2,"78":2,"79":2,"80":1,"81":1},"f":{"0":1,"1":3,"2":4,"3":67,"4":67,"5":4,"6":75,"7":18,"8":28,"9":22,"10":31,"11":3,"12":6,"13":18,"14":12,"15":1,"16":12,"17":1,"18":2},"b":{"0":[1,0],"1":[8,6],"2":[14,7,1],"3":[1,7],"4":[6,1],"5":[5,1],"6":[4,1],"7":[1,0],"8":[3,3],"9":[18,18,15],"10":[6,6],"11":[6,0],"12":[6,6],"13":[3,3],"14":[3,0],"15":[1,0],"16":[1,0],"17":[2,1]},"inputSourceMap":null,"_coverageSchema":"1a1c01bbd47fc00a2c39e90264f33305004495a9","hash":"756a153f159228eff4ad23544c45b4bd3f8a1368"}
}
