TN:
SF:index.js
FN:5,initProcessedArgs
FN:35,argv
FN:39,convertParamsWithDashToCamelCase
FN:42,(anonymous_3)
FN:49,(anonymous_4)
FN:57,convertParamsWithDotsToObject
FN:59,(anonymous_6)
FN:73,dashToCamelCase
FN:74,(anonymous_8)
FN:81,camelCaseToDash
FN:82,(anonymous_10)
FN:89,valueToObject
FN:92,(anonymous_12)
FN:98,isObject
FN:104,mergeDeep
FN:125,option
FN:133,(anonymous_16)
FN:137,(anonymous_17)
FN:152,addHiddenParam
FNF:19
FNH:19
FNDA:1,initProcessedArgs
FNDA:3,argv
FNDA:4,convertParamsWithDashToCamelCase
FNDA:67,(anonymous_3)
FNDA:67,(anonymous_4)
FNDA:4,convertParamsWithDotsToObject
FNDA:75,(anonymous_6)
FNDA:18,dashToCamelCase
FNDA:28,(anonymous_8)
FNDA:22,camelCaseToDash
FNDA:31,(anonymous_10)
FNDA:3,valueToObject
FNDA:6,(anonymous_12)
FNDA:18,isObject
FNDA:12,mergeDeep
FNDA:1,option
FNDA:12,(anonymous_16)
FNDA:1,(anonymous_17)
FNDA:2,addHiddenParam
DA:1,1
DA:2,1
DA:6,1
DA:7,1
DA:8,1
DA:9,1
DA:10,1
DA:11,14
DA:14,8
DA:15,1
DA:16,7
DA:17,6
DA:19,1
DA:21,6
DA:22,5
DA:23,4
DA:24,1
DA:25,1
DA:29,1
DA:31,1
DA:32,1
DA:36,3
DA:40,4
DA:42,4
DA:43,67
DA:45,4
DA:46,18
DA:49,4
DA:50,67
DA:52,4
DA:53,22
DA:58,4
DA:59,4
DA:60,75
DA:62,4
DA:63,3
DA:67,3
DA:74,18
DA:75,28
DA:82,22
DA:83,31
DA:90,3
DA:91,3
DA:92,3
DA:93,6
DA:95,3
DA:99,18
DA:105,12
DA:106,6
DA:108,6
DA:109,6
DA:110,6
DA:111,6
DA:112,3
DA:113,3
DA:115,3
DA:117,3
DA:121,6
DA:126,1
DA:127,1
DA:128,1
DA:129,1
DA:131,0
DA:133,1
DA:134,12
DA:137,1
DA:138,1
DA:141,1
DA:142,1
DA:143,5
DA:146,1
DA:147,1
DA:153,2
DA:154,2
DA:155,2
DA:158,1
DA:160,1
LF:77
LH:76
BRDA:9,0,0,1
BRDA:9,0,1,0
BRDA:11,1,0,8
BRDA:11,1,1,6
BRDA:11,2,0,14
BRDA:11,2,1,7
BRDA:11,2,2,1
BRDA:14,3,0,1
BRDA:14,3,1,7
BRDA:16,4,0,6
BRDA:16,4,1,1
BRDA:21,5,0,5
BRDA:21,5,1,1
BRDA:22,6,0,4
BRDA:22,6,1,1
BRDA:24,7,0,1
BRDA:24,7,1,0
BRDA:93,8,0,3
BRDA:93,8,1,3
BRDA:99,9,0,18
BRDA:99,9,1,18
BRDA:99,9,2,15
BRDA:105,10,0,6
BRDA:105,10,1,6
BRDA:109,11,0,6
BRDA:109,11,1,0
BRDA:109,12,0,6
BRDA:109,12,1,6
BRDA:111,13,0,3
BRDA:111,13,1,3
BRDA:112,14,0,3
BRDA:112,14,1,0
BRDA:128,15,0,1
BRDA:128,15,1,0
BRDA:141,16,0,1
BRDA:141,16,1,0
BRDA:153,17,0,2
BRDA:153,17,1,1
BRF:38
BRH:32
end_of_record
