<?xml version="1.0" encoding="UTF-8"?>
<coverage generated="1724770832488" clover="3.2.0">
  <project timestamp="1724770832488" name="All files">
    <metrics statements="48" coveredstatements="47" conditionals="30" coveredconditionals="24" methods="3" coveredmethods="3" elements="81" coveredelements="74" complexity="0" loc="48" ncloc="48" packages="1" files="1" classes="1"/>
    <file name="index.js" path="/opt/teamcity-agents/agent-001/work/2aea408c8ff24cbd/ns-progress-bar/index.js">
      <metrics statements="48" coveredstatements="47" conditionals="30" coveredconditionals="24" methods="3" coveredmethods="3"/>
      <line num="2" count="9" type="cond" truecount="2" falsecount="0"/>
      <line num="3" count="1" type="stmt"/>
      <line num="5" count="8" type="cond" truecount="2" falsecount="0"/>
      <line num="6" count="1" type="stmt"/>
      <line num="9" count="7" type="stmt"/>
      <line num="10" count="7" type="stmt"/>
      <line num="11" count="7" type="cond" truecount="1" falsecount="1"/>
      <line num="12" count="7" type="stmt"/>
      <line num="13" count="7" type="cond" truecount="1" falsecount="1"/>
      <line num="14" count="7" type="stmt"/>
      <line num="18" count="7" type="stmt"/>
      <line num="19" count="7" type="stmt"/>
      <line num="20" count="7" type="stmt"/>
      <line num="23" count="1" type="stmt"/>
      <line num="24" count="15" type="cond" truecount="1" falsecount="1"/>
      <line num="25" count="15" type="stmt"/>
      <line num="27" count="15" type="stmt"/>
      <line num="29" count="15" type="cond" truecount="2" falsecount="0"/>
      <line num="30" count="1" type="stmt"/>
      <line num="31" count="1" type="stmt"/>
      <line num="32" count="1" type="stmt"/>
      <line num="36" count="1" type="stmt"/>
      <line num="37" count="20" type="cond" truecount="2" falsecount="0"/>
      <line num="39" count="20" type="cond" truecount="2" falsecount="0"/>
      <line num="40" count="2" type="stmt"/>
      <line num="43" count="18" type="stmt"/>
      <line num="44" count="18" type="stmt"/>
      <line num="45" count="18" type="cond" truecount="4" falsecount="0"/>
      <line num="46" count="11" type="stmt"/>
      <line num="48" count="7" type="stmt"/>
      <line num="50" count="7" type="stmt"/>
      <line num="51" count="7" type="stmt"/>
      <line num="53" count="7" type="stmt"/>
      <line num="58" count="7" type="stmt"/>
      <line num="60" count="7" type="stmt"/>
      <line num="61" count="7" type="cond" truecount="3" falsecount="1"/>
      <line num="62" count="0" type="stmt"/>
      <line num="65" count="7" type="stmt"/>
      <line num="67" count="7" type="stmt"/>
      <line num="68" count="7" type="stmt"/>
      <line num="69" count="7" type="stmt"/>
      <line num="71" count="7" type="stmt"/>
      <line num="73" count="7" type="cond" truecount="2" falsecount="0"/>
      <line num="74" count="6" type="stmt"/>
      <line num="75" count="6" type="stmt"/>
      <line num="76" count="6" type="stmt"/>
      <line num="77" count="6" type="stmt"/>
      <line num="81" count="1" type="stmt"/>
    </file>
  </project>
</coverage>
