TN:
SF:index.js
FN:1,ProgressBar
FN:23,(anonymous_1)
FN:36,(anonymous_2)
FNF:3
FNH:3
FNDA:9,ProgressBar
FNDA:15,(anonymous_1)
FNDA:20,(anonymous_2)
DA:2,9
DA:3,1
DA:5,8
DA:6,1
DA:9,7
DA:10,7
DA:11,7
DA:12,7
DA:13,7
DA:14,7
DA:18,7
DA:19,7
DA:20,7
DA:23,1
DA:24,15
DA:25,15
DA:27,15
DA:29,15
DA:30,1
DA:31,1
DA:32,1
DA:36,1
DA:37,20
DA:39,20
DA:40,2
DA:43,18
DA:44,18
DA:45,18
DA:46,11
DA:48,7
DA:50,7
DA:51,7
DA:53,7
DA:58,7
DA:60,7
DA:61,7
DA:62,0
DA:65,7
DA:67,7
DA:68,7
DA:69,7
DA:71,7
DA:73,7
DA:74,6
DA:75,6
DA:76,6
DA:77,6
DA:81,1
LF:48
LH:47
BRDA:2,0,0,1
BRDA:2,0,1,8
BRDA:5,1,0,1
BRDA:5,1,1,7
BRDA:11,2,0,7
BRDA:11,2,1,0
BRDA:13,3,0,7
BRDA:13,3,1,0
BRDA:15,4,0,7
BRDA:15,4,1,0
BRDA:16,5,0,7
BRDA:16,5,1,0
BRDA:24,6,0,15
BRDA:24,6,1,0
BRDA:29,7,0,1
BRDA:29,7,1,14
BRDA:37,8,0,2
BRDA:37,8,1,18
BRDA:39,9,0,2
BRDA:39,9,1,18
BRDA:45,10,0,11
BRDA:45,10,1,7
BRDA:45,11,0,18
BRDA:45,11,1,16
BRDA:61,12,0,0
BRDA:61,12,1,7
BRDA:61,13,0,7
BRDA:61,13,1,7
BRDA:73,14,0,6
BRDA:73,14,1,1
BRF:30
BRH:24
end_of_record
