{"/opt/teamcity-agents/agent-001/work/2aea408c8ff24cbd/ns-server/index.js": {"path":"/opt/teamcity-agents/agent-001/work/2aea408c8ff24cbd/ns-server/index.js","statementMap":{"0":{"start":{"line":1,"column":13},"end":{"line":1,"column":28}},"1":{"start":{"line":2,"column":14},"end":{"line":2,"column":30}},"2":{"start":{"line":3,"column":11},"end":{"line":3,"column":24}},"3":{"start":{"line":4,"column":13},"end":{"line":4,"column":28}},"4":{"start":{"line":7,"column":22},"end":{"line":22,"column":5}},"5":{"start":{"line":23,"column":20},"end":{"line":23,"column":64}},"6":{"start":{"line":24,"column":24},"end":{"line":24,"column":72}},"7":{"start":{"line":26,"column":20},"end":{"line":26,"column":56}},"8":{"start":{"line":28,"column":4},"end":{"line":28,"column":61}},"9":{"start":{"line":29,"column":4},"end":{"line":29,"column":28}},"10":{"start":{"line":30,"column":4},"end":{"line":30,"column":19}},"11":{"start":{"line":34,"column":4},"end":{"line":46,"column":6}},"12":{"start":{"line":35,"column":8},"end":{"line":45,"column":9}},"13":{"start":{"line":36,"column":12},"end":{"line":36,"column":45}},"14":{"start":{"line":37,"column":12},"end":{"line":37,"column":47}},"15":{"start":{"line":38,"column":23},"end":{"line":38,"column":42}},"16":{"start":{"line":40,"column":12},"end":{"line":40,"column":81}},"17":{"start":{"line":42,"column":12},"end":{"line":42,"column":36}},"18":{"start":{"line":43,"column":12},"end":{"line":43,"column":56}},"19":{"start":{"line":44,"column":12},"end":{"line":44,"column":27}},"20":{"start":{"line":50,"column":19},"end":{"line":50,"column":21}},"21":{"start":{"line":54,"column":23},"end":{"line":54,"column":26}},"22":{"start":{"line":55,"column":22},"end":{"line":55,"column":24}},"23":{"start":{"line":57,"column":24},"end":{"line":57,"column":61}},"24":{"start":{"line":58,"column":20},"end":{"line":58,"column":36}},"25":{"start":{"line":61,"column":8},"end":{"line":102,"column":9}},"26":{"start":{"line":61,"column":21},"end":{"line":61,"column":22}},"27":{"start":{"line":62,"column":26},"end":{"line":62,"column":35}},"28":{"start":{"line":63,"column":31},"end":{"line":63,"column":33}},"29":{"start":{"line":64,"column":12},"end":{"line":64,"column":72}},"30":{"start":{"line":65,"column":28},"end":{"line":65,"column":53}},"31":{"start":{"line":67,"column":12},"end":{"line":101,"column":13}},"32":{"start":{"line":69,"column":16},"end":{"line":69,"column":39}},"33":{"start":{"line":70,"column":16},"end":{"line":70,"column":37}},"34":{"start":{"line":72,"column":34},"end":{"line":72,"column":60}},"35":{"start":{"line":74,"column":16},"end":{"line":81,"column":17}},"36":{"start":{"line":75,"column":20},"end":{"line":75,"column":36}},"37":{"start":{"line":76,"column":20},"end":{"line":76,"column":43}},"38":{"start":{"line":78,"column":20},"end":{"line":80,"column":21}},"39":{"start":{"line":78,"column":33},"end":{"line":78,"column":34}},"40":{"start":{"line":79,"column":24},"end":{"line":79,"column":78}},"41":{"start":{"line":83,"column":16},"end":{"line":100,"column":17}},"42":{"start":{"line":84,"column":20},"end":{"line":84,"column":61}},"43":{"start":{"line":86,"column":35},"end":{"line":86,"column":37}},"44":{"start":{"line":88,"column":20},"end":{"line":90,"column":21}},"45":{"start":{"line":89,"column":24},"end":{"line":89,"column":61}},"46":{"start":{"line":92,"column":20},"end":{"line":92,"column":71}},"47":{"start":{"line":94,"column":20},"end":{"line":99,"column":22}},"48":{"start":{"line":95,"column":24},"end":{"line":98,"column":27}},"49":{"start":{"line":97,"column":28},"end":{"line":97,"column":35}},"50":{"start":{"line":104,"column":8},"end":{"line":128,"column":9}},"51":{"start":{"line":105,"column":12},"end":{"line":107,"column":14}},"52":{"start":{"line":106,"column":16},"end":{"line":106,"column":50}},"53":{"start":{"line":109,"column":12},"end":{"line":111,"column":14}},"54":{"start":{"line":110,"column":16},"end":{"line":110,"column":66}},"55":{"start":{"line":113,"column":12},"end":{"line":119,"column":14}},"56":{"start":{"line":114,"column":16},"end":{"line":118,"column":19}},"57":{"start":{"line":115,"column":20},"end":{"line":115,"column":44}},"58":{"start":{"line":116,"column":20},"end":{"line":116,"column":61}},"59":{"start":{"line":117,"column":20},"end":{"line":117,"column":35}},"60":{"start":{"line":121,"column":12},"end":{"line":121,"column":43}},"61":{"start":{"line":122,"column":12},"end":{"line":122,"column":45}},"62":{"start":{"line":123,"column":12},"end":{"line":123,"column":90}},"63":{"start":{"line":125,"column":12},"end":{"line":125,"column":36}},"64":{"start":{"line":126,"column":12},"end":{"line":126,"column":56}},"65":{"start":{"line":127,"column":12},"end":{"line":127,"column":27}},"66":{"start":{"line":131,"column":4},"end":{"line":135,"column":5}},"67":{"start":{"line":132,"column":8},"end":{"line":132,"column":57}},"68":{"start":{"line":134,"column":8},"end":{"line":134,"column":56}},"69":{"start":{"line":137,"column":4},"end":{"line":158,"column":6}},"70":{"start":{"line":139,"column":12},"end":{"line":142,"column":13}},"71":{"start":{"line":140,"column":16},"end":{"line":140,"column":38}},"72":{"start":{"line":141,"column":16},"end":{"line":141,"column":29}},"73":{"start":{"line":144,"column":24},"end":{"line":148,"column":13}},"74":{"start":{"line":150,"column":12},"end":{"line":150,"column":29}},"75":{"start":{"line":153,"column":12},"end":{"line":153,"column":51}},"76":{"start":{"line":156,"column":12},"end":{"line":156,"column":50}},"77":{"start":{"line":161,"column":0},"end":{"line":163,"column":2}}},"fnMap":{"0":{"name":"sendFile","decl":{"start":{"line":6,"column":15},"end":{"line":6,"column":23}},"loc":{"start":{"line":6,"column":53},"end":{"line":31,"column":1}},"line":6},"1":{"name":"parentNext","decl":{"start":{"line":33,"column":9},"end":{"line":33,"column":19}},"loc":{"start":{"line":33,"column":51},"end":{"line":47,"column":1}},"line":33},"2":{"name":"next","decl":{"start":{"line":34,"column":20},"end":{"line":34,"column":24}},"loc":{"start":{"line":34,"column":27},"end":{"line":46,"column":5}},"line":34},"3":{"name":"createServer","decl":{"start":{"line":49,"column":9},"end":{"line":49,"column":21}},"loc":{"start":{"line":49,"column":36},"end":{"line":159,"column":1}},"line":49},"4":{"name":"serverCall","decl":{"start":{"line":53,"column":13},"end":{"line":53,"column":23}},"loc":{"start":{"line":53,"column":43},"end":{"line":129,"column":5}},"line":53},"5":{"name":"(anonymous_5)","decl":{"start":{"line":94,"column":42},"end":{"line":94,"column":43}},"loc":{"start":{"line":94,"column":67},"end":{"line":99,"column":21}},"line":94},"6":{"name":"(anonymous_6)","decl":{"start":{"line":95,"column":59},"end":{"line":95,"column":60}},"loc":{"start":{"line":95,"column":65},"end":{"line":98,"column":25}},"line":95},"7":{"name":"(anonymous_7)","decl":{"start":{"line":105,"column":28},"end":{"line":105,"column":29}},"loc":{"start":{"line":105,"column":43},"end":{"line":107,"column":13}},"line":105},"8":{"name":"(anonymous_8)","decl":{"start":{"line":109,"column":28},"end":{"line":109,"column":29}},"loc":{"start":{"line":109,"column":43},"end":{"line":111,"column":13}},"line":109},"9":{"name":"(anonymous_9)","decl":{"start":{"line":113,"column":32},"end":{"line":113,"column":33}},"loc":{"start":{"line":113,"column":51},"end":{"line":119,"column":13}},"line":113},"10":{"name":"(anonymous_10)","decl":{"start":{"line":114,"column":60},"end":{"line":114,"column":61}},"loc":{"start":{"line":114,"column":66},"end":{"line":118,"column":17}},"line":114},"11":{"name":"(anonymous_11)","decl":{"start":{"line":138,"column":13},"end":{"line":138,"column":14}},"loc":{"start":{"line":138,"column":44},"end":{"line":151,"column":9}},"line":138},"12":{"name":"(anonymous_12)","decl":{"start":{"line":152,"column":16},"end":{"line":152,"column":17}},"loc":{"start":{"line":152,"column":27},"end":{"line":154,"column":9}},"line":152},"13":{"name":"(anonymous_13)","decl":{"start":{"line":155,"column":15},"end":{"line":155,"column":16}},"loc":{"start":{"line":155,"column":26},"end":{"line":157,"column":9}},"line":155}},"branchMap":{"0":{"loc":{"start":{"line":24,"column":24},"end":{"line":24,"column":72}},"type":"binary-expr","locations":[{"start":{"line":24,"column":24},"end":{"line":24,"column":42}},{"start":{"line":24,"column":46},"end":{"line":24,"column":72}}],"line":24},"1":{"loc":{"start":{"line":35,"column":8},"end":{"line":45,"column":9}},"type":"if","locations":[{"start":{"line":35,"column":8},"end":{"line":45,"column":9}},{"start":{"line":41,"column":15},"end":{"line":45,"column":9}}],"line":35},"2":{"loc":{"start":{"line":49,"column":22},"end":{"line":49,"column":34}},"type":"default-arg","locations":[{"start":{"line":49,"column":32},"end":{"line":49,"column":34}}],"line":49},"3":{"loc":{"start":{"line":67,"column":12},"end":{"line":101,"column":13}},"type":"if","locations":[{"start":{"line":67,"column":12},"end":{"line":101,"column":13}},{"start":{},"end":{}}],"line":67},"4":{"loc":{"start":{"line":74,"column":16},"end":{"line":81,"column":17}},"type":"if","locations":[{"start":{"line":74,"column":16},"end":{"line":81,"column":17}},{"start":{},"end":{}}],"line":74},"5":{"loc":{"start":{"line":83,"column":16},"end":{"line":100,"column":17}},"type":"if","locations":[{"start":{"line":83,"column":16},"end":{"line":100,"column":17}},{"start":{"line":85,"column":23},"end":{"line":100,"column":17}}],"line":83},"6":{"loc":{"start":{"line":88,"column":20},"end":{"line":90,"column":21}},"type":"if","locations":[{"start":{"line":88,"column":20},"end":{"line":90,"column":21}},{"start":{},"end":{}}],"line":88},"7":{"loc":{"start":{"line":104,"column":8},"end":{"line":128,"column":9}},"type":"if","locations":[{"start":{"line":104,"column":8},"end":{"line":128,"column":9}},{"start":{"line":124,"column":15},"end":{"line":128,"column":9}}],"line":104},"8":{"loc":{"start":{"line":131,"column":4},"end":{"line":135,"column":5}},"type":"if","locations":[{"start":{"line":131,"column":4},"end":{"line":135,"column":5}},{"start":{"line":133,"column":11},"end":{"line":135,"column":5}}],"line":131},"9":{"loc":{"start":{"line":139,"column":12},"end":{"line":142,"column":13}},"type":"if","locations":[{"start":{"line":139,"column":12},"end":{"line":142,"column":13}},{"start":{},"end":{}}],"line":139}},"s":{"0":1,"1":1,"2":1,"3":1,"4":8,"5":8,"6":8,"7":8,"8":3,"9":3,"10":3,"11":30,"12":19,"13":13,"14":13,"15":13,"16":13,"17":6,"18":6,"19":6,"20":20,"21":18,"22":18,"23":18,"24":18,"25":18,"26":18,"27":35,"28":35,"29":35,"30":35,"31":35,"32":32,"33":32,"34":32,"35":32,"36":4,"37":4,"38":4,"39":4,"40":6,"41":32,"42":25,"43":7,"44":7,"45":7,"46":7,"47":7,"48":7,"49":4,"50":18,"51":17,"52":0,"53":17,"54":0,"55":17,"56":1,"57":1,"58":1,"59":1,"60":17,"61":17,"62":17,"63":1,"64":1,"65":1,"66":20,"67":0,"68":20,"69":20,"70":35,"71":10,"72":10,"73":35,"74":35,"75":1,"76":1,"77":1},"f":{"0":8,"1":30,"2":19,"3":20,"4":18,"5":7,"6":4,"7":0,"8":0,"9":1,"10":1,"11":35,"12":1,"13":1},"b":{"0":[8,0],"1":[13,6],"2":[20],"3":[32,3],"4":[4,28],"5":[25,7],"6":[7,0],"7":[17,1],"8":[0,20],"9":[10,25]},"inputSourceMap":null,"_coverageSchema":"1a1c01bbd47fc00a2c39e90264f33305004495a9","hash":"e107f1410c8d8b9c26b043c8597623c842c8469d"}
}
