TN:
SF:index.js
FN:6,sendFile
FN:33,parentNext
FN:34,next
FN:49,createServer
FN:53,serverCall
FN:94,(anonymous_5)
FN:95,(anonymous_6)
FN:105,(anonymous_7)
FN:109,(anonymous_8)
FN:113,(anonymous_9)
FN:114,(anonymous_10)
FN:138,(anonymous_11)
FN:152,(anonymous_12)
FN:155,(anonymous_13)
FNF:14
FNH:12
FNDA:8,sendFile
FNDA:30,parentNext
FNDA:19,next
FNDA:20,createServer
FNDA:18,serverCall
FNDA:7,(anonymous_5)
FNDA:4,(anonymous_6)
FNDA:0,(anonymous_7)
FNDA:0,(anonymous_8)
FNDA:1,(anonymous_9)
FNDA:1,(anonymous_10)
FNDA:35,(anonymous_11)
FNDA:1,(anonymous_12)
FNDA:1,(anonymous_13)
DA:1,1
DA:2,1
DA:3,1
DA:4,1
DA:7,8
DA:23,8
DA:24,8
DA:26,8
DA:28,3
DA:29,3
DA:30,3
DA:34,30
DA:35,19
DA:36,13
DA:37,13
DA:38,13
DA:40,13
DA:42,6
DA:43,6
DA:44,6
DA:50,20
DA:54,18
DA:55,18
DA:57,18
DA:58,18
DA:61,18
DA:62,35
DA:63,35
DA:64,35
DA:65,35
DA:67,35
DA:69,32
DA:70,32
DA:72,32
DA:74,32
DA:75,4
DA:76,4
DA:78,4
DA:79,6
DA:83,32
DA:84,25
DA:86,7
DA:88,7
DA:89,7
DA:92,7
DA:94,7
DA:95,7
DA:97,4
DA:104,18
DA:105,17
DA:106,0
DA:109,17
DA:110,0
DA:113,17
DA:114,1
DA:115,1
DA:116,1
DA:117,1
DA:121,17
DA:122,17
DA:123,17
DA:125,1
DA:126,1
DA:127,1
DA:131,20
DA:132,0
DA:134,20
DA:137,20
DA:139,35
DA:140,10
DA:141,10
DA:144,35
DA:150,35
DA:153,1
DA:156,1
DA:161,1
LF:76
LH:73
BRDA:24,0,0,8
BRDA:24,0,1,0
BRDA:35,1,0,13
BRDA:35,1,1,6
BRDA:49,2,0,20
BRDA:67,3,0,32
BRDA:67,3,1,3
BRDA:74,4,0,4
BRDA:74,4,1,28
BRDA:83,5,0,25
BRDA:83,5,1,7
BRDA:88,6,0,7
BRDA:88,6,1,0
BRDA:104,7,0,17
BRDA:104,7,1,1
BRDA:131,8,0,0
BRDA:131,8,1,20
BRDA:139,9,0,10
BRDA:139,9,1,25
BRF:19
BRH:16
end_of_record
