{"/opt/teamcity-agents/agent-001/work/2aea408c8ff24cbd/module-loader/module-loader.js": {"path":"/opt/teamcity-agents/agent-001/work/2aea408c8ff24cbd/module-loader/module-loader.js","statementMap":{"0":{"start":{"line":3,"column":0},"end":{"line":404,"column":5}},"1":{"start":{"line":5,"column":19},"end":{"line":5,"column":23}},"2":{"start":{"line":7,"column":8},"end":{"line":7,"column":31}},"3":{"start":{"line":8,"column":8},"end":{"line":8,"column":31}},"4":{"start":{"line":9,"column":8},"end":{"line":9,"column":32}},"5":{"start":{"line":10,"column":8},"end":{"line":10,"column":32}},"6":{"start":{"line":11,"column":8},"end":{"line":11,"column":29}},"7":{"start":{"line":12,"column":8},"end":{"line":12,"column":36}},"8":{"start":{"line":14,"column":8},"end":{"line":14,"column":26}},"9":{"start":{"line":16,"column":8},"end":{"line":26,"column":10}},"10":{"start":{"line":17,"column":12},"end":{"line":25,"column":13}},"11":{"start":{"line":18,"column":16},"end":{"line":18,"column":54}},"12":{"start":{"line":20,"column":16},"end":{"line":23,"column":19}},"13":{"start":{"line":24,"column":16},"end":{"line":24,"column":47}},"14":{"start":{"line":28,"column":8},"end":{"line":28,"column":39}},"15":{"start":{"line":30,"column":8},"end":{"line":36,"column":10}},"16":{"start":{"line":31,"column":12},"end":{"line":33,"column":13}},"17":{"start":{"line":32,"column":16},"end":{"line":32,"column":38}},"18":{"start":{"line":35,"column":12},"end":{"line":35,"column":77}},"19":{"start":{"line":38,"column":8},"end":{"line":38,"column":38}},"20":{"start":{"line":40,"column":8},"end":{"line":84,"column":10}},"21":{"start":{"line":41,"column":12},"end":{"line":45,"column":13}},"22":{"start":{"line":42,"column":16},"end":{"line":42,"column":40}},"23":{"start":{"line":43,"column":16},"end":{"line":43,"column":36}},"24":{"start":{"line":44,"column":16},"end":{"line":44,"column":28}},"25":{"start":{"line":47,"column":12},"end":{"line":50,"column":13}},"26":{"start":{"line":48,"column":16},"end":{"line":48,"column":40}},"27":{"start":{"line":49,"column":16},"end":{"line":49,"column":34}},"28":{"start":{"line":52,"column":12},"end":{"line":57,"column":13}},"29":{"start":{"line":53,"column":36},"end":{"line":53,"column":59}},"30":{"start":{"line":54,"column":16},"end":{"line":56,"column":17}},"31":{"start":{"line":55,"column":20},"end":{"line":55,"column":76}},"32":{"start":{"line":59,"column":27},"end":{"line":59,"column":29}},"33":{"start":{"line":60,"column":12},"end":{"line":67,"column":13}},"34":{"start":{"line":65,"column":16},"end":{"line":65,"column":66}},"35":{"start":{"line":66,"column":16},"end":{"line":66,"column":32}},"36":{"start":{"line":69,"column":12},"end":{"line":83,"column":13}},"37":{"start":{"line":70,"column":16},"end":{"line":82,"column":17}},"38":{"start":{"line":71,"column":20},"end":{"line":75,"column":22}},"39":{"start":{"line":76,"column":23},"end":{"line":82,"column":17}},"40":{"start":{"line":77,"column":20},"end":{"line":81,"column":22}},"41":{"start":{"line":86,"column":8},"end":{"line":86,"column":29}},"42":{"start":{"line":88,"column":8},"end":{"line":88,"column":42}},"43":{"start":{"line":89,"column":8},"end":{"line":89,"column":38}},"44":{"start":{"line":91,"column":8},"end":{"line":93,"column":10}},"45":{"start":{"line":92,"column":12},"end":{"line":92,"column":39}},"46":{"start":{"line":95,"column":8},"end":{"line":117,"column":10}},"47":{"start":{"line":96,"column":12},"end":{"line":98,"column":13}},"48":{"start":{"line":97,"column":16},"end":{"line":97,"column":50}},"49":{"start":{"line":100,"column":12},"end":{"line":102,"column":13}},"50":{"start":{"line":101,"column":16},"end":{"line":101,"column":46}},"51":{"start":{"line":104,"column":12},"end":{"line":107,"column":13}},"52":{"start":{"line":105,"column":16},"end":{"line":105,"column":64}},"53":{"start":{"line":106,"column":16},"end":{"line":106,"column":46}},"54":{"start":{"line":109,"column":12},"end":{"line":114,"column":15}},"55":{"start":{"line":110,"column":16},"end":{"line":113,"column":17}},"56":{"start":{"line":111,"column":20},"end":{"line":111,"column":52}},"57":{"start":{"line":112,"column":20},"end":{"line":112,"column":50}},"58":{"start":{"line":116,"column":12},"end":{"line":116,"column":42}},"59":{"start":{"line":119,"column":8},"end":{"line":121,"column":10}},"60":{"start":{"line":120,"column":12},"end":{"line":120,"column":59}},"61":{"start":{"line":123,"column":8},"end":{"line":128,"column":10}},"62":{"start":{"line":124,"column":12},"end":{"line":124,"column":44}},"63":{"start":{"line":124,"column":37},"end":{"line":124,"column":44}},"64":{"start":{"line":125,"column":12},"end":{"line":127,"column":13}},"65":{"start":{"line":125,"column":25},"end":{"line":125,"column":39}},"66":{"start":{"line":126,"column":16},"end":{"line":126,"column":52}},"67":{"start":{"line":126,"column":46},"end":{"line":126,"column":52}},"68":{"start":{"line":130,"column":8},"end":{"line":147,"column":10}},"69":{"start":{"line":131,"column":12},"end":{"line":146,"column":13}},"70":{"start":{"line":137,"column":16},"end":{"line":137,"column":73}},"71":{"start":{"line":138,"column":19},"end":{"line":146,"column":13}},"72":{"start":{"line":143,"column":16},"end":{"line":143,"column":63}},"73":{"start":{"line":145,"column":16},"end":{"line":145,"column":34}},"74":{"start":{"line":149,"column":8},"end":{"line":184,"column":10}},"75":{"start":{"line":150,"column":12},"end":{"line":174,"column":13}},"76":{"start":{"line":150,"column":25},"end":{"line":150,"column":26}},"77":{"start":{"line":151,"column":33},"end":{"line":151,"column":102}},"78":{"start":{"line":153,"column":16},"end":{"line":173,"column":17}},"79":{"start":{"line":154,"column":37},"end":{"line":154,"column":58}},"80":{"start":{"line":156,"column":20},"end":{"line":156,"column":57}},"81":{"start":{"line":157,"column":23},"end":{"line":173,"column":17}},"82":{"start":{"line":163,"column":20},"end":{"line":163,"column":58}},"83":{"start":{"line":164,"column":20},"end":{"line":164,"column":48}},"84":{"start":{"line":165,"column":23},"end":{"line":173,"column":17}},"85":{"start":{"line":166,"column":20},"end":{"line":166,"column":62}},"86":{"start":{"line":168,"column":20},"end":{"line":172,"column":21}},"87":{"start":{"line":169,"column":24},"end":{"line":169,"column":62}},"88":{"start":{"line":170,"column":24},"end":{"line":170,"column":85}},"89":{"start":{"line":171,"column":24},"end":{"line":171,"column":62}},"90":{"start":{"line":176,"column":12},"end":{"line":183,"column":13}},"91":{"start":{"line":178,"column":30},"end":{"line":178,"column":58}},"92":{"start":{"line":179,"column":16},"end":{"line":179,"column":34}},"93":{"start":{"line":180,"column":16},"end":{"line":182,"column":17}},"94":{"start":{"line":181,"column":20},"end":{"line":181,"column":42}},"95":{"start":{"line":186,"column":8},"end":{"line":240,"column":10}},"96":{"start":{"line":187,"column":22},"end":{"line":187,"column":54}},"97":{"start":{"line":188,"column":12},"end":{"line":192,"column":13}},"98":{"start":{"line":189,"column":16},"end":{"line":189,"column":54}},"99":{"start":{"line":191,"column":16},"end":{"line":191,"column":28}},"100":{"start":{"line":194,"column":12},"end":{"line":196,"column":13}},"101":{"start":{"line":195,"column":16},"end":{"line":195,"column":29}},"102":{"start":{"line":198,"column":25},"end":{"line":198,"column":57}},"103":{"start":{"line":199,"column":12},"end":{"line":199,"column":44}},"104":{"start":{"line":200,"column":12},"end":{"line":200,"column":37}},"105":{"start":{"line":201,"column":12},"end":{"line":201,"column":32}},"106":{"start":{"line":202,"column":12},"end":{"line":202,"column":29}},"107":{"start":{"line":205,"column":16},"end":{"line":207,"column":17}},"108":{"start":{"line":206,"column":20},"end":{"line":206,"column":81}},"109":{"start":{"line":209,"column":16},"end":{"line":209,"column":50}},"110":{"start":{"line":210,"column":16},"end":{"line":210,"column":30}},"111":{"start":{"line":211,"column":16},"end":{"line":211,"column":48}},"112":{"start":{"line":212,"column":16},"end":{"line":219,"column":17}},"113":{"start":{"line":214,"column":34},"end":{"line":214,"column":62}},"114":{"start":{"line":215,"column":20},"end":{"line":215,"column":38}},"115":{"start":{"line":216,"column":20},"end":{"line":218,"column":21}},"116":{"start":{"line":217,"column":24},"end":{"line":217,"column":46}},"117":{"start":{"line":223,"column":16},"end":{"line":223,"column":30}},"118":{"start":{"line":224,"column":16},"end":{"line":224,"column":48}},"119":{"start":{"line":226,"column":16},"end":{"line":228,"column":17}},"120":{"start":{"line":227,"column":20},"end":{"line":227,"column":88}},"121":{"start":{"line":231,"column":12},"end":{"line":231,"column":60}},"122":{"start":{"line":232,"column":12},"end":{"line":232,"column":65}},"123":{"start":{"line":233,"column":12},"end":{"line":233,"column":67}},"124":{"start":{"line":235,"column":12},"end":{"line":235,"column":48}},"125":{"start":{"line":237,"column":12},"end":{"line":237,"column":46}},"126":{"start":{"line":239,"column":12},"end":{"line":239,"column":46}},"127":{"start":{"line":242,"column":8},"end":{"line":252,"column":10}},"128":{"start":{"line":243,"column":29},"end":{"line":243,"column":31}},"129":{"start":{"line":245,"column":12},"end":{"line":249,"column":13}},"130":{"start":{"line":245,"column":25},"end":{"line":245,"column":26}},"131":{"start":{"line":246,"column":16},"end":{"line":248,"column":18}},"132":{"start":{"line":251,"column":12},"end":{"line":251,"column":58}},"133":{"start":{"line":254,"column":8},"end":{"line":324,"column":10}},"134":{"start":{"line":255,"column":12},"end":{"line":323,"column":13}},"135":{"start":{"line":256,"column":16},"end":{"line":258,"column":17}},"136":{"start":{"line":257,"column":20},"end":{"line":257,"column":53}},"137":{"start":{"line":260,"column":35},"end":{"line":260,"column":73}},"138":{"start":{"line":261,"column":33},"end":{"line":261,"column":35}},"139":{"start":{"line":263,"column":16},"end":{"line":300,"column":17}},"140":{"start":{"line":263,"column":29},"end":{"line":263,"column":30}},"141":{"start":{"line":264,"column":37},"end":{"line":264,"column":106}},"142":{"start":{"line":266,"column":20},"end":{"line":299,"column":21}},"143":{"start":{"line":267,"column":24},"end":{"line":267,"column":55}},"144":{"start":{"line":268,"column":24},"end":{"line":268,"column":67}},"145":{"start":{"line":269,"column":27},"end":{"line":299,"column":21}},"146":{"start":{"line":270,"column":24},"end":{"line":270,"column":54}},"147":{"start":{"line":271,"column":27},"end":{"line":299,"column":21}},"148":{"start":{"line":273,"column":24},"end":{"line":273,"column":71}},"149":{"start":{"line":274,"column":27},"end":{"line":299,"column":21}},"150":{"start":{"line":275,"column":41},"end":{"line":275,"column":62}},"151":{"start":{"line":277,"column":37},"end":{"line":277,"column":50}},"152":{"start":{"line":278,"column":24},"end":{"line":278,"column":51}},"153":{"start":{"line":280,"column":43},"end":{"line":280,"column":68}},"154":{"start":{"line":281,"column":24},"end":{"line":281,"column":50}},"155":{"start":{"line":283,"column":43},"end":{"line":283,"column":74}},"156":{"start":{"line":285,"column":24},"end":{"line":292,"column":26}},"157":{"start":{"line":289,"column":32},"end":{"line":289,"column":70}},"158":{"start":{"line":294,"column":24},"end":{"line":294,"column":71}},"159":{"start":{"line":296,"column":43},"end":{"line":296,"column":68}},"160":{"start":{"line":297,"column":24},"end":{"line":297,"column":50}},"161":{"start":{"line":298,"column":24},"end":{"line":298,"column":80}},"162":{"start":{"line":302,"column":29},"end":{"line":302,"column":92}},"163":{"start":{"line":304,"column":16},"end":{"line":306,"column":17}},"164":{"start":{"line":305,"column":20},"end":{"line":305,"column":91}},"165":{"start":{"line":308,"column":16},"end":{"line":308,"column":58}},"166":{"start":{"line":310,"column":16},"end":{"line":312,"column":17}},"167":{"start":{"line":311,"column":20},"end":{"line":311,"column":55}},"168":{"start":{"line":314,"column":16},"end":{"line":314,"column":73}},"169":{"start":{"line":316,"column":16},"end":{"line":316,"column":49}},"170":{"start":{"line":318,"column":16},"end":{"line":320,"column":17}},"171":{"start":{"line":319,"column":20},"end":{"line":319,"column":37}},"172":{"start":{"line":322,"column":16},"end":{"line":322,"column":69}},"173":{"start":{"line":326,"column":8},"end":{"line":334,"column":10}},"174":{"start":{"line":327,"column":25},"end":{"line":327,"column":27}},"175":{"start":{"line":329,"column":12},"end":{"line":331,"column":13}},"176":{"start":{"line":329,"column":25},"end":{"line":329,"column":26}},"177":{"start":{"line":330,"column":16},"end":{"line":330,"column":36}},"178":{"start":{"line":333,"column":12},"end":{"line":333,"column":26}},"179":{"start":{"line":336,"column":8},"end":{"line":350,"column":10}},"180":{"start":{"line":337,"column":12},"end":{"line":339,"column":13}},"181":{"start":{"line":338,"column":16},"end":{"line":338,"column":30}},"182":{"start":{"line":341,"column":12},"end":{"line":347,"column":13}},"183":{"start":{"line":342,"column":16},"end":{"line":346,"column":17}},"184":{"start":{"line":343,"column":20},"end":{"line":343,"column":76}},"185":{"start":{"line":345,"column":20},"end":{"line":345,"column":46}},"186":{"start":{"line":349,"column":12},"end":{"line":349,"column":26}},"187":{"start":{"line":352,"column":8},"end":{"line":361,"column":10}},"188":{"start":{"line":353,"column":12},"end":{"line":360,"column":13}},"189":{"start":{"line":354,"column":16},"end":{"line":359,"column":17}},"190":{"start":{"line":355,"column":20},"end":{"line":358,"column":22}},"191":{"start":{"line":366,"column":8},"end":{"line":377,"column":10}},"192":{"start":{"line":367,"column":12},"end":{"line":370,"column":13}},"193":{"start":{"line":368,"column":16},"end":{"line":368,"column":47}},"194":{"start":{"line":369,"column":16},"end":{"line":369,"column":23}},"195":{"start":{"line":371,"column":33},"end":{"line":371,"column":71}},"196":{"start":{"line":372,"column":12},"end":{"line":376,"column":13}},"197":{"start":{"line":373,"column":16},"end":{"line":373,"column":49}},"198":{"start":{"line":375,"column":16},"end":{"line":375,"column":47}},"199":{"start":{"line":379,"column":8},"end":{"line":391,"column":10}},"200":{"start":{"line":380,"column":12},"end":{"line":390,"column":13}},"201":{"start":{"line":383,"column":16},"end":{"line":387,"column":17}},"202":{"start":{"line":384,"column":20},"end":{"line":386,"column":21}},"203":{"start":{"line":385,"column":24},"end":{"line":385,"column":67}},"204":{"start":{"line":388,"column":19},"end":{"line":390,"column":13}},"205":{"start":{"line":389,"column":16},"end":{"line":389,"column":49}},"206":{"start":{"line":394,"column":8},"end":{"line":394,"column":99}},"207":{"start":{"line":396,"column":4},"end":{"line":403,"column":5}},"208":{"start":{"line":397,"column":8},"end":{"line":397,"column":38}},"209":{"start":{"line":399,"column":17},"end":{"line":399,"column":35}},"210":{"start":{"line":400,"column":8},"end":{"line":400,"column":27}},"211":{"start":{"line":401,"column":8},"end":{"line":401,"column":29}},"212":{"start":{"line":402,"column":8},"end":{"line":402,"column":31}}},"fnMap":{"0":{"name":"(anonymous_0)","decl":{"start":{"line":3,"column":1},"end":{"line":3,"column":2}},"loc":{"start":{"line":3,"column":12},"end":{"line":404,"column":1}},"line":3},"1":{"name":"ModuleLoader","decl":{"start":{"line":4,"column":13},"end":{"line":4,"column":25}},"loc":{"start":{"line":4,"column":28},"end":{"line":392,"column":5}},"line":4},"2":{"name":"(anonymous_2)","decl":{"start":{"line":16,"column":23},"end":{"line":16,"column":24}},"loc":{"start":{"line":16,"column":56},"end":{"line":26,"column":9}},"line":16},"3":{"name":"(anonymous_3)","decl":{"start":{"line":22,"column":42},"end":{"line":22,"column":43}},"loc":{"start":{"line":22,"column":53},"end":{"line":22,"column":55}},"line":22},"4":{"name":"(anonymous_4)","decl":{"start":{"line":30,"column":30},"end":{"line":30,"column":31}},"loc":{"start":{"line":30,"column":47},"end":{"line":36,"column":9}},"line":30},"5":{"name":"(anonymous_5)","decl":{"start":{"line":40,"column":22},"end":{"line":40,"column":23}},"loc":{"start":{"line":40,"column":61},"end":{"line":84,"column":9}},"line":40},"6":{"name":"(anonymous_6)","decl":{"start":{"line":91,"column":26},"end":{"line":91,"column":27}},"loc":{"start":{"line":91,"column":44},"end":{"line":93,"column":9}},"line":91},"7":{"name":"(anonymous_7)","decl":{"start":{"line":95,"column":32},"end":{"line":95,"column":33}},"loc":{"start":{"line":95,"column":43},"end":{"line":117,"column":9}},"line":95},"8":{"name":"(anonymous_8)","decl":{"start":{"line":109,"column":48},"end":{"line":109,"column":49}},"loc":{"start":{"line":109,"column":65},"end":{"line":114,"column":13}},"line":109},"9":{"name":"(anonymous_9)","decl":{"start":{"line":119,"column":26},"end":{"line":119,"column":27}},"loc":{"start":{"line":119,"column":37},"end":{"line":121,"column":9}},"line":119},"10":{"name":"(anonymous_10)","decl":{"start":{"line":123,"column":27},"end":{"line":123,"column":28}},"loc":{"start":{"line":123,"column":51},"end":{"line":128,"column":9}},"line":123},"11":{"name":"(anonymous_11)","decl":{"start":{"line":130,"column":37},"end":{"line":130,"column":38}},"loc":{"start":{"line":130,"column":73},"end":{"line":147,"column":9}},"line":130},"12":{"name":"(anonymous_12)","decl":{"start":{"line":149,"column":27},"end":{"line":149,"column":28}},"loc":{"start":{"line":149,"column":58},"end":{"line":184,"column":9}},"line":149},"13":{"name":"(anonymous_13)","decl":{"start":{"line":186,"column":26},"end":{"line":186,"column":27}},"loc":{"start":{"line":186,"column":41},"end":{"line":240,"column":9}},"line":186},"14":{"name":"onScriptLoad","decl":{"start":{"line":204,"column":21},"end":{"line":204,"column":33}},"loc":{"start":{"line":204,"column":36},"end":{"line":220,"column":13}},"line":204},"15":{"name":"onScriptError","decl":{"start":{"line":222,"column":21},"end":{"line":222,"column":34}},"loc":{"start":{"line":222,"column":37},"end":{"line":229,"column":13}},"line":222},"16":{"name":"(anonymous_16)","decl":{"start":{"line":242,"column":27},"end":{"line":242,"column":28}},"loc":{"start":{"line":242,"column":45},"end":{"line":252,"column":9}},"line":242},"17":{"name":"(anonymous_17)","decl":{"start":{"line":254,"column":23},"end":{"line":254,"column":24}},"loc":{"start":{"line":254,"column":51},"end":{"line":324,"column":9}},"line":254},"18":{"name":"(anonymous_18)","decl":{"start":{"line":288,"column":28},"end":{"line":288,"column":29}},"loc":{"start":{"line":288,"column":44},"end":{"line":290,"column":29}},"line":288},"19":{"name":"(anonymous_19)","decl":{"start":{"line":326,"column":25},"end":{"line":326,"column":26}},"loc":{"start":{"line":326,"column":39},"end":{"line":334,"column":9}},"line":326},"20":{"name":"(anonymous_20)","decl":{"start":{"line":336,"column":26},"end":{"line":336,"column":27}},"loc":{"start":{"line":336,"column":51},"end":{"line":350,"column":9}},"line":336},"21":{"name":"(anonymous_21)","decl":{"start":{"line":352,"column":36},"end":{"line":352,"column":37}},"loc":{"start":{"line":352,"column":64},"end":{"line":361,"column":9}},"line":352},"22":{"name":"(anonymous_22)","decl":{"start":{"line":366,"column":29},"end":{"line":366,"column":30}},"loc":{"start":{"line":366,"column":52},"end":{"line":377,"column":9}},"line":366},"23":{"name":"(anonymous_23)","decl":{"start":{"line":379,"column":32},"end":{"line":379,"column":33}},"loc":{"start":{"line":379,"column":55},"end":{"line":391,"column":9}},"line":379}},"branchMap":{"0":{"loc":{"start":{"line":17,"column":12},"end":{"line":25,"column":13}},"type":"if","locations":[{"start":{"line":17,"column":12},"end":{"line":25,"column":13}},{"start":{"line":19,"column":19},"end":{"line":25,"column":13}}],"line":17},"1":{"loc":{"start":{"line":22,"column":30},"end":{"line":22,"column":55}},"type":"binary-expr","locations":[{"start":{"line":22,"column":30},"end":{"line":22,"column":38}},{"start":{"line":22,"column":42},"end":{"line":22,"column":55}}],"line":22},"2":{"loc":{"start":{"line":31,"column":12},"end":{"line":33,"column":13}},"type":"if","locations":[{"start":{"line":31,"column":12},"end":{"line":33,"column":13}},{"start":{},"end":{}}],"line":31},"3":{"loc":{"start":{"line":31,"column":16},"end":{"line":31,"column":90}},"type":"binary-expr","locations":[{"start":{"line":31,"column":16},"end":{"line":31,"column":30}},{"start":{"line":31,"column":34},"end":{"line":31,"column":90}}],"line":31},"4":{"loc":{"start":{"line":41,"column":12},"end":{"line":45,"column":13}},"type":"if","locations":[{"start":{"line":41,"column":12},"end":{"line":45,"column":13}},{"start":{},"end":{}}],"line":41},"5":{"loc":{"start":{"line":47,"column":12},"end":{"line":50,"column":13}},"type":"if","locations":[{"start":{"line":47,"column":12},"end":{"line":50,"column":13}},{"start":{},"end":{}}],"line":47},"6":{"loc":{"start":{"line":52,"column":12},"end":{"line":57,"column":13}},"type":"if","locations":[{"start":{"line":52,"column":12},"end":{"line":57,"column":13}},{"start":{},"end":{}}],"line":52},"7":{"loc":{"start":{"line":54,"column":16},"end":{"line":56,"column":17}},"type":"if","locations":[{"start":{"line":54,"column":16},"end":{"line":56,"column":17}},{"start":{},"end":{}}],"line":54},"8":{"loc":{"start":{"line":60,"column":12},"end":{"line":67,"column":13}},"type":"if","locations":[{"start":{"line":60,"column":12},"end":{"line":67,"column":13}},{"start":{},"end":{}}],"line":60},"9":{"loc":{"start":{"line":61,"column":16},"end":{"line":63,"column":50}},"type":"binary-expr","locations":[{"start":{"line":61,"column":16},"end":{"line":61,"column":39}},{"start":{"line":62,"column":16},"end":{"line":62,"column":45}},{"start":{"line":63,"column":16},"end":{"line":63,"column":50}}],"line":61},"10":{"loc":{"start":{"line":69,"column":12},"end":{"line":83,"column":13}},"type":"if","locations":[{"start":{"line":69,"column":12},"end":{"line":83,"column":13}},{"start":{},"end":{}}],"line":69},"11":{"loc":{"start":{"line":70,"column":16},"end":{"line":82,"column":17}},"type":"if","locations":[{"start":{"line":70,"column":16},"end":{"line":82,"column":17}},{"start":{"line":76,"column":23},"end":{"line":82,"column":17}}],"line":70},"12":{"loc":{"start":{"line":70,"column":20},"end":{"line":70,"column":55}},"type":"binary-expr","locations":[{"start":{"line":70,"column":20},"end":{"line":70,"column":28}},{"start":{"line":70,"column":32},"end":{"line":70,"column":55}}],"line":70},"13":{"loc":{"start":{"line":76,"column":23},"end":{"line":82,"column":17}},"type":"if","locations":[{"start":{"line":76,"column":23},"end":{"line":82,"column":17}},{"start":{},"end":{}}],"line":76},"14":{"loc":{"start":{"line":96,"column":12},"end":{"line":98,"column":13}},"type":"if","locations":[{"start":{"line":96,"column":12},"end":{"line":98,"column":13}},{"start":{},"end":{}}],"line":96},"15":{"loc":{"start":{"line":100,"column":12},"end":{"line":102,"column":13}},"type":"if","locations":[{"start":{"line":100,"column":12},"end":{"line":102,"column":13}},{"start":{},"end":{}}],"line":100},"16":{"loc":{"start":{"line":100,"column":16},"end":{"line":100,"column":93}},"type":"binary-expr","locations":[{"start":{"line":100,"column":16},"end":{"line":100,"column":38}},{"start":{"line":100,"column":42},"end":{"line":100,"column":93}}],"line":100},"17":{"loc":{"start":{"line":104,"column":12},"end":{"line":107,"column":13}},"type":"if","locations":[{"start":{"line":104,"column":12},"end":{"line":107,"column":13}},{"start":{},"end":{}}],"line":104},"18":{"loc":{"start":{"line":110,"column":16},"end":{"line":113,"column":17}},"type":"if","locations":[{"start":{"line":110,"column":16},"end":{"line":113,"column":17}},{"start":{},"end":{}}],"line":110},"19":{"loc":{"start":{"line":124,"column":12},"end":{"line":124,"column":44}},"type":"if","locations":[{"start":{"line":124,"column":12},"end":{"line":124,"column":44}},{"start":{},"end":{}}],"line":124},"20":{"loc":{"start":{"line":126,"column":16},"end":{"line":126,"column":52}},"type":"if","locations":[{"start":{"line":126,"column":16},"end":{"line":126,"column":52}},{"start":{},"end":{}}],"line":126},"21":{"loc":{"start":{"line":131,"column":12},"end":{"line":146,"column":13}},"type":"if","locations":[{"start":{"line":131,"column":12},"end":{"line":146,"column":13}},{"start":{"line":138,"column":19},"end":{"line":146,"column":13}}],"line":131},"22":{"loc":{"start":{"line":132,"column":16},"end":{"line":135,"column":65}},"type":"binary-expr","locations":[{"start":{"line":132,"column":16},"end":{"line":132,"column":29}},{"start":{"line":133,"column":16},"end":{"line":133,"column":38}},{"start":{"line":134,"column":16},"end":{"line":134,"column":53}},{"start":{"line":135,"column":16},"end":{"line":135,"column":65}}],"line":132},"23":{"loc":{"start":{"line":138,"column":19},"end":{"line":146,"column":13}},"type":"if","locations":[{"start":{"line":138,"column":19},"end":{"line":146,"column":13}},{"start":{"line":144,"column":19},"end":{"line":146,"column":13}}],"line":138},"24":{"loc":{"start":{"line":139,"column":16},"end":{"line":141,"column":55}},"type":"binary-expr","locations":[{"start":{"line":139,"column":16},"end":{"line":139,"column":38}},{"start":{"line":140,"column":16},"end":{"line":140,"column":43}},{"start":{"line":141,"column":16},"end":{"line":141,"column":55}}],"line":139},"25":{"loc":{"start":{"line":153,"column":16},"end":{"line":173,"column":17}},"type":"if","locations":[{"start":{"line":153,"column":16},"end":{"line":173,"column":17}},{"start":{"line":157,"column":23},"end":{"line":173,"column":17}}],"line":153},"26":{"loc":{"start":{"line":157,"column":23},"end":{"line":173,"column":17}},"type":"if","locations":[{"start":{"line":157,"column":23},"end":{"line":173,"column":17}},{"start":{"line":165,"column":23},"end":{"line":173,"column":17}}],"line":157},"27":{"loc":{"start":{"line":158,"column":20},"end":{"line":161,"column":50}},"type":"binary-expr","locations":[{"start":{"line":158,"column":20},"end":{"line":158,"column":44}},{"start":{"line":159,"column":20},"end":{"line":159,"column":44}},{"start":{"line":160,"column":20},"end":{"line":160,"column":51}},{"start":{"line":161,"column":20},"end":{"line":161,"column":50}}],"line":158},"28":{"loc":{"start":{"line":165,"column":23},"end":{"line":173,"column":17}},"type":"if","locations":[{"start":{"line":165,"column":23},"end":{"line":173,"column":17}},{"start":{},"end":{}}],"line":165},"29":{"loc":{"start":{"line":165,"column":27},"end":{"line":165,"column":92}},"type":"binary-expr","locations":[{"start":{"line":165,"column":27},"end":{"line":165,"column":62}},{"start":{"line":165,"column":66},"end":{"line":165,"column":92}}],"line":165},"30":{"loc":{"start":{"line":168,"column":20},"end":{"line":172,"column":21}},"type":"if","locations":[{"start":{"line":168,"column":20},"end":{"line":172,"column":21}},{"start":{},"end":{}}],"line":168},"31":{"loc":{"start":{"line":176,"column":12},"end":{"line":183,"column":13}},"type":"if","locations":[{"start":{"line":176,"column":12},"end":{"line":183,"column":13}},{"start":{},"end":{}}],"line":176},"32":{"loc":{"start":{"line":187,"column":22},"end":{"line":187,"column":54}},"type":"binary-expr","locations":[{"start":{"line":187,"column":22},"end":{"line":187,"column":48}},{"start":{"line":187,"column":52},"end":{"line":187,"column":54}}],"line":187},"33":{"loc":{"start":{"line":188,"column":12},"end":{"line":192,"column":13}},"type":"if","locations":[{"start":{"line":188,"column":12},"end":{"line":192,"column":13}},{"start":{"line":190,"column":19},"end":{"line":192,"column":13}}],"line":188},"34":{"loc":{"start":{"line":188,"column":16},"end":{"line":188,"column":74}},"type":"binary-expr","locations":[{"start":{"line":188,"column":16},"end":{"line":188,"column":40}},{"start":{"line":188,"column":44},"end":{"line":188,"column":74}}],"line":188},"35":{"loc":{"start":{"line":194,"column":12},"end":{"line":196,"column":13}},"type":"if","locations":[{"start":{"line":194,"column":12},"end":{"line":196,"column":13}},{"start":{},"end":{}}],"line":194},"36":{"loc":{"start":{"line":205,"column":16},"end":{"line":207,"column":17}},"type":"if","locations":[{"start":{"line":205,"column":16},"end":{"line":207,"column":17}},{"start":{},"end":{}}],"line":205},"37":{"loc":{"start":{"line":212,"column":16},"end":{"line":219,"column":17}},"type":"if","locations":[{"start":{"line":212,"column":16},"end":{"line":219,"column":17}},{"start":{},"end":{}}],"line":212},"38":{"loc":{"start":{"line":226,"column":16},"end":{"line":228,"column":17}},"type":"if","locations":[{"start":{"line":226,"column":16},"end":{"line":228,"column":17}},{"start":{},"end":{}}],"line":226},"39":{"loc":{"start":{"line":255,"column":12},"end":{"line":323,"column":13}},"type":"if","locations":[{"start":{"line":255,"column":12},"end":{"line":323,"column":13}},{"start":{"line":317,"column":19},"end":{"line":323,"column":13}}],"line":255},"40":{"loc":{"start":{"line":256,"column":16},"end":{"line":258,"column":17}},"type":"if","locations":[{"start":{"line":256,"column":16},"end":{"line":258,"column":17}},{"start":{},"end":{}}],"line":256},"41":{"loc":{"start":{"line":266,"column":20},"end":{"line":299,"column":21}},"type":"if","locations":[{"start":{"line":266,"column":20},"end":{"line":299,"column":21}},{"start":{"line":269,"column":27},"end":{"line":299,"column":21}}],"line":266},"42":{"loc":{"start":{"line":269,"column":27},"end":{"line":299,"column":21}},"type":"if","locations":[{"start":{"line":269,"column":27},"end":{"line":299,"column":21}},{"start":{"line":271,"column":27},"end":{"line":299,"column":21}}],"line":269},"43":{"loc":{"start":{"line":271,"column":27},"end":{"line":299,"column":21}},"type":"if","locations":[{"start":{"line":271,"column":27},"end":{"line":299,"column":21}},{"start":{"line":274,"column":27},"end":{"line":299,"column":21}}],"line":271},"44":{"loc":{"start":{"line":274,"column":27},"end":{"line":299,"column":21}},"type":"if","locations":[{"start":{"line":274,"column":27},"end":{"line":299,"column":21}},{"start":{"line":295,"column":27},"end":{"line":299,"column":21}}],"line":274},"45":{"loc":{"start":{"line":304,"column":16},"end":{"line":306,"column":17}},"type":"if","locations":[{"start":{"line":304,"column":16},"end":{"line":306,"column":17}},{"start":{},"end":{}}],"line":304},"46":{"loc":{"start":{"line":310,"column":16},"end":{"line":312,"column":17}},"type":"if","locations":[{"start":{"line":310,"column":16},"end":{"line":312,"column":17}},{"start":{},"end":{}}],"line":310},"47":{"loc":{"start":{"line":318,"column":16},"end":{"line":320,"column":17}},"type":"if","locations":[{"start":{"line":318,"column":16},"end":{"line":320,"column":17}},{"start":{},"end":{}}],"line":318},"48":{"loc":{"start":{"line":337,"column":12},"end":{"line":339,"column":13}},"type":"if","locations":[{"start":{"line":337,"column":12},"end":{"line":339,"column":13}},{"start":{},"end":{}}],"line":337},"49":{"loc":{"start":{"line":337,"column":16},"end":{"line":337,"column":67}},"type":"binary-expr","locations":[{"start":{"line":337,"column":16},"end":{"line":337,"column":37}},{"start":{"line":337,"column":41},"end":{"line":337,"column":67}}],"line":337},"50":{"loc":{"start":{"line":342,"column":16},"end":{"line":346,"column":17}},"type":"if","locations":[{"start":{"line":342,"column":16},"end":{"line":346,"column":17}},{"start":{"line":344,"column":23},"end":{"line":346,"column":17}}],"line":342},"51":{"loc":{"start":{"line":353,"column":12},"end":{"line":360,"column":13}},"type":"if","locations":[{"start":{"line":353,"column":12},"end":{"line":360,"column":13}},{"start":{},"end":{}}],"line":353},"52":{"loc":{"start":{"line":353,"column":16},"end":{"line":353,"column":63}},"type":"binary-expr","locations":[{"start":{"line":353,"column":16},"end":{"line":353,"column":42}},{"start":{"line":353,"column":46},"end":{"line":353,"column":63}}],"line":353},"53":{"loc":{"start":{"line":356,"column":24},"end":{"line":357,"column":61}},"type":"binary-expr","locations":[{"start":{"line":356,"column":24},"end":{"line":356,"column":62}},{"start":{"line":357,"column":24},"end":{"line":357,"column":61}}],"line":356},"54":{"loc":{"start":{"line":367,"column":12},"end":{"line":370,"column":13}},"type":"if","locations":[{"start":{"line":367,"column":12},"end":{"line":370,"column":13}},{"start":{},"end":{}}],"line":367},"55":{"loc":{"start":{"line":372,"column":12},"end":{"line":376,"column":13}},"type":"if","locations":[{"start":{"line":372,"column":12},"end":{"line":376,"column":13}},{"start":{"line":374,"column":19},"end":{"line":376,"column":13}}],"line":372},"56":{"loc":{"start":{"line":372,"column":16},"end":{"line":372,"column":94}},"type":"binary-expr","locations":[{"start":{"line":372,"column":16},"end":{"line":372,"column":41}},{"start":{"line":372,"column":45},"end":{"line":372,"column":94}}],"line":372},"57":{"loc":{"start":{"line":380,"column":12},"end":{"line":390,"column":13}},"type":"if","locations":[{"start":{"line":380,"column":12},"end":{"line":390,"column":13}},{"start":{"line":388,"column":19},"end":{"line":390,"column":13}}],"line":380},"58":{"loc":{"start":{"line":380,"column":16},"end":{"line":380,"column":73}},"type":"binary-expr","locations":[{"start":{"line":380,"column":16},"end":{"line":380,"column":22}},{"start":{"line":380,"column":26},"end":{"line":380,"column":52}},{"start":{"line":380,"column":56},"end":{"line":380,"column":73}}],"line":380},"59":{"loc":{"start":{"line":384,"column":20},"end":{"line":386,"column":21}},"type":"if","locations":[{"start":{"line":384,"column":20},"end":{"line":386,"column":21}},{"start":{},"end":{}}],"line":384},"60":{"loc":{"start":{"line":384,"column":24},"end":{"line":384,"column":97}},"type":"binary-expr","locations":[{"start":{"line":384,"column":24},"end":{"line":384,"column":55}},{"start":{"line":384,"column":59},"end":{"line":384,"column":97}}],"line":384},"61":{"loc":{"start":{"line":388,"column":19},"end":{"line":390,"column":13}},"type":"if","locations":[{"start":{"line":388,"column":19},"end":{"line":390,"column":13}},{"start":{},"end":{}}],"line":388},"62":{"loc":{"start":{"line":394,"column":8},"end":{"line":394,"column":99}},"type":"binary-expr","locations":[{"start":{"line":394,"column":8},"end":{"line":394,"column":38}},{"start":{"line":394,"column":42},"end":{"line":394,"column":66}},{"start":{"line":394,"column":70},"end":{"line":394,"column":99}}],"line":394},"63":{"loc":{"start":{"line":396,"column":4},"end":{"line":403,"column":5}},"type":"if","locations":[{"start":{"line":396,"column":4},"end":{"line":403,"column":5}},{"start":{"line":398,"column":11},"end":{"line":403,"column":5}}],"line":396}},"s":{"0":1,"1":28,"2":28,"3":28,"4":28,"5":28,"6":28,"7":28,"8":28,"9":28,"10":39,"11":15,"12":24,"13":24,"14":28,"15":28,"16":1,"17":1,"18":1,"19":28,"20":28,"21":52,"22":1,"23":1,"24":1,"25":52,"26":23,"27":23,"28":52,"29":1,"30":1,"31":1,"32":52,"33":52,"34":0,"35":0,"36":52,"37":52,"38":0,"39":52,"40":52,"41":28,"42":28,"43":28,"44":28,"45":24,"46":28,"47":1,"48":1,"49":0,"50":0,"51":0,"52":0,"53":0,"54":0,"55":0,"56":0,"57":0,"58":0,"59":28,"60":0,"61":28,"62":0,"63":0,"64":0,"65":0,"66":0,"67":0,"68":28,"69":98,"70":0,"71":98,"72":0,"73":98,"74":28,"75":36,"76":36,"77":37,"78":37,"79":1,"80":1,"81":36,"82":11,"83":11,"84":25,"85":0,"86":0,"87":0,"88":0,"89":0,"90":36,"91":20,"92":20,"93":20,"94":19,"95":28,"96":11,"97":11,"98":1,"99":10,"100":11,"101":10,"102":11,"103":11,"104":11,"105":11,"106":11,"107":11,"108":11,"109":11,"110":11,"111":11,"112":11,"113":5,"114":5,"115":5,"116":5,"117":0,"118":0,"119":0,"120":0,"121":11,"122":11,"123":11,"124":11,"125":11,"126":11,"127":28,"128":24,"129":24,"130":24,"131":25,"132":24,"133":28,"134":58,"135":56,"136":4,"137":52,"138":52,"139":52,"140":52,"141":36,"142":36,"143":10,"144":10,"145":26,"146":4,"147":22,"148":4,"149":18,"150":2,"151":2,"152":2,"153":2,"154":2,"155":2,"156":2,"157":2,"158":2,"159":16,"160":16,"161":16,"162":51,"163":51,"164":0,"165":51,"166":51,"167":43,"168":51,"169":51,"170":2,"171":1,"172":1,"173":28,"174":43,"175":43,"176":43,"177":29,"178":43,"179":28,"180":1,"181":0,"182":1,"183":2,"184":0,"185":2,"186":1,"187":28,"188":0,"189":0,"190":0,"191":28,"192":6,"193":5,"194":5,"195":1,"196":1,"197":1,"198":0,"199":28,"200":51,"201":1,"202":4,"203":3,"204":50,"205":3,"206":1,"207":1,"208":1,"209":0,"210":0,"211":0,"212":0},"f":{"0":1,"1":28,"2":39,"3":1,"4":1,"5":52,"6":24,"7":1,"8":0,"9":0,"10":0,"11":98,"12":36,"13":11,"14":11,"15":0,"16":24,"17":58,"18":2,"19":43,"20":1,"21":0,"22":6,"23":51},"b":{"0":[15,24],"1":[24,1],"2":[1,0],"3":[1,1],"4":[1,51],"5":[23,29],"6":[1,51],"7":[1,0],"8":[0,52],"9":[52,0,0],"10":[52,0],"11":[0,52],"12":[52,0],"13":[52,0],"14":[1,0],"15":[0,0],"16":[0,0],"17":[0,0],"18":[0,0],"19":[0,0],"20":[0,0],"21":[0,98],"22":[98,48,0,0],"23":[0,98],"24":[98,0,0],"25":[1,36],"26":[11,25],"27":[36,36,33,33],"28":[0,25],"29":[25,25],"30":[0,0],"31":[20,16],"32":[11,10],"33":[1,10],"34":[11,1],"35":[10,1],"36":[11,0],"37":[5,6],"38":[0,0],"39":[56,2],"40":[4,52],"41":[10,26],"42":[4,22],"43":[4,18],"44":[2,16],"45":[0,51],"46":[43,8],"47":[1,1],"48":[0,1],"49":[1,1],"50":[0,2],"51":[0,0],"52":[0,0],"53":[0,0],"54":[5,1],"55":[1,0],"56":[1,0],"57":[1,50],"58":[51,47,44],"59":[3,1],"60":[4,4],"61":[3,47],"62":[1,1,1],"63":[1,0]},"inputSourceMap":null,"_coverageSchema":"1a1c01bbd47fc00a2c39e90264f33305004495a9","hash":"043f0ee28b1692b4c11a0c62b60dde3f3e0cd1dd"}
}
