TN:
SF:module-loader.js
FN:3,(anonymous_0)
FN:4,ModuleLoader
FN:16,(anonymous_2)
FN:22,(anonymous_3)
FN:30,(anonymous_4)
FN:40,(anonymous_5)
FN:91,(anonymous_6)
FN:95,(anonymous_7)
FN:109,(anonymous_8)
FN:119,(anonymous_9)
FN:123,(anonymous_10)
FN:130,(anonymous_11)
FN:149,(anonymous_12)
FN:186,(anonymous_13)
FN:204,onScriptLoad
FN:222,onScriptError
FN:242,(anonymous_16)
FN:254,(anonymous_17)
FN:288,(anonymous_18)
FN:326,(anonymous_19)
FN:336,(anonymous_20)
FN:352,(anonymous_21)
FN:366,(anonymous_22)
FN:379,(anonymous_23)
FNF:24
FNH:19
FNDA:1,(anonymous_0)
FNDA:28,ModuleLoader
FNDA:39,(anonymous_2)
FNDA:1,(anonymous_3)
FNDA:1,(anonymous_4)
FNDA:52,(anonymous_5)
FNDA:24,(anonymous_6)
FNDA:1,(anonymous_7)
FNDA:0,(anonymous_8)
FNDA:0,(anonymous_9)
FNDA:0,(anonymous_10)
FNDA:98,(anonymous_11)
FNDA:36,(anonymous_12)
FNDA:11,(anonymous_13)
FNDA:11,onScriptLoad
FNDA:0,onScriptError
FNDA:24,(anonymous_16)
FNDA:58,(anonymous_17)
FNDA:2,(anonymous_18)
FNDA:43,(anonymous_19)
FNDA:1,(anonymous_20)
FNDA:0,(anonymous_21)
FNDA:6,(anonymous_22)
FNDA:51,(anonymous_23)
DA:3,1
DA:5,28
DA:7,28
DA:8,28
DA:9,28
DA:10,28
DA:11,28
DA:12,28
DA:14,28
DA:16,28
DA:17,39
DA:18,15
DA:20,24
DA:24,24
DA:28,28
DA:30,28
DA:31,1
DA:32,1
DA:35,1
DA:38,28
DA:40,28
DA:41,52
DA:42,1
DA:43,1
DA:44,1
DA:47,52
DA:48,23
DA:49,23
DA:52,52
DA:53,1
DA:54,1
DA:55,1
DA:59,52
DA:60,52
DA:65,0
DA:66,0
DA:69,52
DA:70,52
DA:71,0
DA:76,52
DA:77,52
DA:86,28
DA:88,28
DA:89,28
DA:91,28
DA:92,24
DA:95,28
DA:96,1
DA:97,1
DA:100,0
DA:101,0
DA:104,0
DA:105,0
DA:106,0
DA:109,0
DA:110,0
DA:111,0
DA:112,0
DA:116,0
DA:119,28
DA:120,0
DA:123,28
DA:124,0
DA:125,0
DA:126,0
DA:130,28
DA:131,98
DA:137,0
DA:138,98
DA:143,0
DA:145,98
DA:149,28
DA:150,36
DA:151,37
DA:153,37
DA:154,1
DA:156,1
DA:157,36
DA:163,11
DA:164,11
DA:165,25
DA:166,0
DA:168,0
DA:169,0
DA:170,0
DA:171,0
DA:176,36
DA:178,20
DA:179,20
DA:180,20
DA:181,19
DA:186,28
DA:187,11
DA:188,11
DA:189,1
DA:191,10
DA:194,11
DA:195,10
DA:198,11
DA:199,11
DA:200,11
DA:201,11
DA:202,11
DA:205,11
DA:206,11
DA:209,11
DA:210,11
DA:211,11
DA:212,11
DA:214,5
DA:215,5
DA:216,5
DA:217,5
DA:223,0
DA:224,0
DA:226,0
DA:227,0
DA:231,11
DA:232,11
DA:233,11
DA:235,11
DA:237,11
DA:239,11
DA:242,28
DA:243,24
DA:245,24
DA:246,25
DA:251,24
DA:254,28
DA:255,58
DA:256,56
DA:257,4
DA:260,52
DA:261,52
DA:263,52
DA:264,36
DA:266,36
DA:267,10
DA:268,10
DA:269,26
DA:270,4
DA:271,22
DA:273,4
DA:274,18
DA:275,2
DA:277,2
DA:278,2
DA:280,2
DA:281,2
DA:283,2
DA:285,2
DA:289,2
DA:294,2
DA:296,16
DA:297,16
DA:298,16
DA:302,51
DA:304,51
DA:305,0
DA:308,51
DA:310,51
DA:311,43
DA:314,51
DA:316,51
DA:318,2
DA:319,1
DA:322,1
DA:326,28
DA:327,43
DA:329,43
DA:330,29
DA:333,43
DA:336,28
DA:337,1
DA:338,0
DA:341,1
DA:342,2
DA:343,0
DA:345,2
DA:349,1
DA:352,28
DA:353,0
DA:354,0
DA:355,0
DA:366,28
DA:367,6
DA:368,5
DA:369,5
DA:371,1
DA:372,1
DA:373,1
DA:375,0
DA:379,28
DA:380,51
DA:383,1
DA:384,4
DA:385,3
DA:388,50
DA:389,3
DA:394,1
DA:396,1
DA:397,1
DA:399,0
DA:400,0
DA:401,0
DA:402,0
LF:206
LH:167
BRDA:17,0,0,15
BRDA:17,0,1,24
BRDA:22,1,0,24
BRDA:22,1,1,1
BRDA:31,2,0,1
BRDA:31,2,1,0
BRDA:31,3,0,1
BRDA:31,3,1,1
BRDA:41,4,0,1
BRDA:41,4,1,51
BRDA:47,5,0,23
BRDA:47,5,1,29
BRDA:52,6,0,1
BRDA:52,6,1,51
BRDA:54,7,0,1
BRDA:54,7,1,0
BRDA:60,8,0,0
BRDA:60,8,1,52
BRDA:61,9,0,52
BRDA:61,9,1,0
BRDA:61,9,2,0
BRDA:69,10,0,52
BRDA:69,10,1,0
BRDA:70,11,0,0
BRDA:70,11,1,52
BRDA:70,12,0,52
BRDA:70,12,1,0
BRDA:76,13,0,52
BRDA:76,13,1,0
BRDA:96,14,0,1
BRDA:96,14,1,0
BRDA:100,15,0,0
BRDA:100,15,1,0
BRDA:100,16,0,0
BRDA:100,16,1,0
BRDA:104,17,0,0
BRDA:104,17,1,0
BRDA:110,18,0,0
BRDA:110,18,1,0
BRDA:124,19,0,0
BRDA:124,19,1,0
BRDA:126,20,0,0
BRDA:126,20,1,0
BRDA:131,21,0,0
BRDA:131,21,1,98
BRDA:132,22,0,98
BRDA:132,22,1,48
BRDA:132,22,2,0
BRDA:132,22,3,0
BRDA:138,23,0,0
BRDA:138,23,1,98
BRDA:139,24,0,98
BRDA:139,24,1,0
BRDA:139,24,2,0
BRDA:153,25,0,1
BRDA:153,25,1,36
BRDA:157,26,0,11
BRDA:157,26,1,25
BRDA:158,27,0,36
BRDA:158,27,1,36
BRDA:158,27,2,33
BRDA:158,27,3,33
BRDA:165,28,0,0
BRDA:165,28,1,25
BRDA:165,29,0,25
BRDA:165,29,1,25
BRDA:168,30,0,0
BRDA:168,30,1,0
BRDA:176,31,0,20
BRDA:176,31,1,16
BRDA:187,32,0,11
BRDA:187,32,1,10
BRDA:188,33,0,1
BRDA:188,33,1,10
BRDA:188,34,0,11
BRDA:188,34,1,1
BRDA:194,35,0,10
BRDA:194,35,1,1
BRDA:205,36,0,11
BRDA:205,36,1,0
BRDA:212,37,0,5
BRDA:212,37,1,6
BRDA:226,38,0,0
BRDA:226,38,1,0
BRDA:255,39,0,56
BRDA:255,39,1,2
BRDA:256,40,0,4
BRDA:256,40,1,52
BRDA:266,41,0,10
BRDA:266,41,1,26
BRDA:269,42,0,4
BRDA:269,42,1,22
BRDA:271,43,0,4
BRDA:271,43,1,18
BRDA:274,44,0,2
BRDA:274,44,1,16
BRDA:304,45,0,0
BRDA:304,45,1,51
BRDA:310,46,0,43
BRDA:310,46,1,8
BRDA:318,47,0,1
BRDA:318,47,1,1
BRDA:337,48,0,0
BRDA:337,48,1,1
BRDA:337,49,0,1
BRDA:337,49,1,1
BRDA:342,50,0,0
BRDA:342,50,1,2
BRDA:353,51,0,0
BRDA:353,51,1,0
BRDA:353,52,0,0
BRDA:353,52,1,0
BRDA:356,53,0,0
BRDA:356,53,1,0
BRDA:367,54,0,5
BRDA:367,54,1,1
BRDA:372,55,0,1
BRDA:372,55,1,0
BRDA:372,56,0,1
BRDA:372,56,1,0
BRDA:380,57,0,1
BRDA:380,57,1,50
BRDA:380,58,0,51
BRDA:380,58,1,47
BRDA:380,58,2,44
BRDA:384,59,0,3
BRDA:384,59,1,1
BRDA:384,60,0,4
BRDA:384,60,1,4
BRDA:388,61,0,3
BRDA:388,61,1,47
BRDA:394,62,0,1
BRDA:394,62,1,1
BRDA:394,62,2,1
BRDA:396,63,0,1
BRDA:396,63,1,0
BRF:136
BRH:90
end_of_record
